WARNING - 2025-08-10 10:30:38 --> [DEPRECATED] Creation of dynamic property App\Controllers\Auth::$UserModel is deprecated in APPPATH\Controllers\Auth.php on line 12.
 1 SYSTEMPATH\CodeIgniter.php(903): App\Controllers\Auth->__construct()
 2 SYSTEMPATH\CodeIgniter.php(498): CodeIgniter\CodeIgniter->createController()
 3 SYSTEMPATH\CodeIgniter.php(354): CodeIgniter\CodeIgniter->handleRequest(null, Object(Config\Cache), false)
 4 SYSTEMPATH\Boot.php(334): CodeIgniter\CodeIgniter->run()
 5 SYSTEMPATH\Boot.php(67): CodeIgniter\Boot::runCodeIgniter(Object(CodeIgniter\CodeIgniter))
 6 FCPATH\index.php(56): CodeIgniter\Boot::bootWeb(Object(Config\Paths))
 7 SYSTEMPATH\rewrite.php(44): require_once('D:\\xampp\\Mritunjay\\project-tyriod-dashboard\\backend\\public\\index.php')
WARNING - 2025-08-10 10:42:46 --> [DEPRECATED] Creation of dynamic property App\Controllers\Auth::$UserModel is deprecated in APPPATH\Controllers\Auth.php on line 12.
 1 SYSTEMPATH\CodeIgniter.php(903): App\Controllers\Auth->__construct()
 2 SYSTEMPATH\CodeIgniter.php(498): CodeIgniter\CodeIgniter->createController()
 3 SYSTEMPATH\CodeIgniter.php(354): CodeIgniter\CodeIgniter->handleRequest(null, Object(Config\Cache), false)
 4 SYSTEMPATH\Boot.php(334): CodeIgniter\CodeIgniter->run()
 5 SYSTEMPATH\Boot.php(67): CodeIgniter\Boot::runCodeIgniter(Object(CodeIgniter\CodeIgniter))
 6 FCPATH\index.php(56): CodeIgniter\Boot::bootWeb(Object(Config\Paths))
 7 SYSTEMPATH\rewrite.php(44): require_once('D:\\xampp\\Mritunjay\\project-tyriod-dashboard\\backend\\public\\index.php')
WARNING - 2025-08-10 11:45:18 --> [DEPRECATED] Creation of dynamic property App\Controllers\Auth::$UserModel is deprecated in APPPATH\Controllers\Auth.php on line 12.
 1 SYSTEMPATH\CodeIgniter.php(903): App\Controllers\Auth->__construct()
 2 SYSTEMPATH\CodeIgniter.php(498): CodeIgniter\CodeIgniter->createController()
 3 SYSTEMPATH\CodeIgniter.php(354): CodeIgniter\CodeIgniter->handleRequest(null, Object(Config\Cache), false)
 4 SYSTEMPATH\Boot.php(334): CodeIgniter\CodeIgniter->run()
 5 SYSTEMPATH\Boot.php(67): CodeIgniter\Boot::runCodeIgniter(Object(CodeIgniter\CodeIgniter))
 6 FCPATH\index.php(56): CodeIgniter\Boot::bootWeb(Object(Config\Paths))
 7 SYSTEMPATH\rewrite.php(44): require_once('D:\\xampp\\Mritunjay\\project-tyriod-dashboard\\backend\\public\\index.php')
WARNING - 2025-08-10 13:37:10 --> [DEPRECATED] Creation of dynamic property App\Controllers\Auth::$UserModel is deprecated in APPPATH\Controllers\Auth.php on line 12.
 1 SYSTEMPATH\CodeIgniter.php(903): App\Controllers\Auth->__construct()
 2 SYSTEMPATH\CodeIgniter.php(498): CodeIgniter\CodeIgniter->createController()
 3 SYSTEMPATH\CodeIgniter.php(354): CodeIgniter\CodeIgniter->handleRequest(null, Object(Config\Cache), false)
 4 SYSTEMPATH\Boot.php(334): CodeIgniter\CodeIgniter->run()
 5 SYSTEMPATH\Boot.php(67): CodeIgniter\Boot::runCodeIgniter(Object(CodeIgniter\CodeIgniter))
 6 FCPATH\index.php(56): CodeIgniter\Boot::bootWeb(Object(Config\Paths))
 7 SYSTEMPATH\rewrite.php(44): require_once('D:\\xampp\\Mritunjay\\project-tyriod-dashboard\\backend\\public\\index.php')
WARNING - 2025-08-10 15:02:38 --> [DEPRECATED] Creation of dynamic property App\Controllers\Auth::$UserModel is deprecated in APPPATH\Controllers\Auth.php on line 12.
 1 SYSTEMPATH\CodeIgniter.php(903): App\Controllers\Auth->__construct()
 2 SYSTEMPATH\CodeIgniter.php(498): CodeIgniter\CodeIgniter->createController()
 3 SYSTEMPATH\CodeIgniter.php(354): CodeIgniter\CodeIgniter->handleRequest(null, Object(Config\Cache), false)
 4 SYSTEMPATH\Boot.php(334): CodeIgniter\CodeIgniter->run()
 5 SYSTEMPATH\Boot.php(67): CodeIgniter\Boot::runCodeIgniter(Object(CodeIgniter\CodeIgniter))
 6 FCPATH\index.php(56): CodeIgniter\Boot::bootWeb(Object(Config\Paths))
 7 SYSTEMPATH\rewrite.php(44): require_once('D:\\xampp\\Mritunjay\\project-tyriod-dashboard\\backend\\public\\index.php')
CRITICAL - 2025-08-10 15:29:15 --> CodeIgniter\Exceptions\BadMethodCallException: Call to undefined method App\Models\ItemModel::existsBySeriesColorAndPath
[Method: PUT, Route: api/catalogue/PT-CPE-155]
in SYSTEMPATH\Model.php on line 930.
 1 APPPATH\Controllers\Catalogue.php(324): CodeIgniter\Model->__call('existsBySeriesColorAndPath', [...])
 2 APPPATH\Controllers\Catalogue.php(257): App\Controllers\Catalogue->insertItemData('CPE-155', [...], [...])
 3 APPPATH\Controllers\Catalogue.php(222): App\Controllers\Catalogue->updateItemData([...], [...])
 4 APPPATH\Controllers\Catalogue.php(127): App\Controllers\Catalogue->processUpdateOps('PT-CPE-155', [...], [...])
 5 SYSTEMPATH\CodeIgniter.php(933): App\Controllers\Catalogue->update('PT-CPE-155')
 6 SYSTEMPATH\CodeIgniter.php(507): CodeIgniter\CodeIgniter->runController(Object(App\Controllers\Catalogue))
 7 SYSTEMPATH\CodeIgniter.php(354): CodeIgniter\CodeIgniter->handleRequest(null, Object(Config\Cache), false)
 8 SYSTEMPATH\Boot.php(334): CodeIgniter\CodeIgniter->run()
 9 SYSTEMPATH\Boot.php(67): CodeIgniter\Boot::runCodeIgniter(Object(CodeIgniter\CodeIgniter))
10 FCPATH\index.php(56): CodeIgniter\Boot::bootWeb(Object(Config\Paths))
11 SYSTEMPATH\rewrite.php(44): require_once('D:\\xampp\\Mritunjay\\project-tyriod-dashboard\\backend\\public\\index.php')
CRITICAL - 2025-08-10 15:29:15 --> CodeIgniter\Exceptions\BadMethodCallException: Call to undefined method App\Models\ItemModel::existsBySeriesColorAndPath
[Method: PUT, Route: api/catalogue/PT-CPE-155]
in SYSTEMPATH\Model.php on line 930.
 1 APPPATH\Controllers\Catalogue.php(324): CodeIgniter\Model->__call('existsBySeriesColorAndPath', [...])
 2 APPPATH\Controllers\Catalogue.php(257): App\Controllers\Catalogue->insertItemData('CPE-155', [...], [...])
 3 APPPATH\Controllers\Catalogue.php(222): App\Controllers\Catalogue->updateItemData([...], [...])
 4 APPPATH\Controllers\Catalogue.php(127): App\Controllers\Catalogue->processUpdateOps('PT-CPE-155', [...], [...])
 5 SYSTEMPATH\CodeIgniter.php(933): App\Controllers\Catalogue->update('PT-CPE-155')
 6 SYSTEMPATH\CodeIgniter.php(507): CodeIgniter\CodeIgniter->runController(Object(App\Controllers\Catalogue))
 7 SYSTEMPATH\CodeIgniter.php(354): CodeIgniter\CodeIgniter->handleRequest(null, Object(Config\Cache), false)
 8 SYSTEMPATH\Boot.php(334): CodeIgniter\CodeIgniter->run()
 9 SYSTEMPATH\Boot.php(67): CodeIgniter\Boot::runCodeIgniter(Object(CodeIgniter\CodeIgniter))
10 FCPATH\index.php(56): CodeIgniter\Boot::bootWeb(Object(Config\Paths))
11 SYSTEMPATH\rewrite.php(44): require_once('D:\\xampp\\Mritunjay\\project-tyriod-dashboard\\backend\\public\\index.php')
CRITICAL - 2025-08-10 15:34:56 --> TypeError: array_map(): Argument #2 ($array) must be of type array, string given
[Method: PUT, Route: api/catalogue/PT-CPE-155]
in APPPATH\Controllers\Catalogue.php on line 312.
 1 APPPATH\Controllers\Catalogue.php(312): array_map(Object(Closure), 'D:\\xampp\\Mritunjay\\project-tyriod-dashboard\\backend\\writable\\uploads/1754826061_d3cdecf35fcdc6b43dba.png')
 2 APPPATH\Controllers\Catalogue.php(257): App\Controllers\Catalogue->insertItemData('CPE-155', [...], [...])
 3 APPPATH\Controllers\Catalogue.php(222): App\Controllers\Catalogue->updateItemData([...], [...])
 4 APPPATH\Controllers\Catalogue.php(127): App\Controllers\Catalogue->processUpdateOps('PT-CPE-155', [...], [...])
 5 SYSTEMPATH\CodeIgniter.php(933): App\Controllers\Catalogue->update('PT-CPE-155')
 6 SYSTEMPATH\CodeIgniter.php(507): CodeIgniter\CodeIgniter->runController(Object(App\Controllers\Catalogue))
 7 SYSTEMPATH\CodeIgniter.php(354): CodeIgniter\CodeIgniter->handleRequest(null, Object(Config\Cache), false)
 8 SYSTEMPATH\Boot.php(334): CodeIgniter\CodeIgniter->run()
 9 SYSTEMPATH\Boot.php(67): CodeIgniter\Boot::runCodeIgniter(Object(CodeIgniter\CodeIgniter))
10 FCPATH\index.php(56): CodeIgniter\Boot::bootWeb(Object(Config\Paths))
11 SYSTEMPATH\rewrite.php(44): require_once('D:\\xampp\\Mritunjay\\project-tyriod-dashboard\\backend\\public\\index.php')
CRITICAL - 2025-08-10 15:37:55 --> TypeError: array_map(): Argument #2 ($array) must be of type array, string given
[Method: PUT, Route: api/catalogue/PT-CPE-155]
in APPPATH\Controllers\Catalogue.php on line 312.
 1 APPPATH\Controllers\Catalogue.php(312): array_map(Object(Closure), 'D:\\xampp\\Mritunjay\\project-tyriod-dashboard\\backend\\writable\\uploads/1754826061_d3cdecf35fcdc6b43dba.png')
 2 APPPATH\Controllers\Catalogue.php(257): App\Controllers\Catalogue->insertItemData('CPE-155', [...], [...])
 3 APPPATH\Controllers\Catalogue.php(222): App\Controllers\Catalogue->updateItemData([...], [...])
 4 APPPATH\Controllers\Catalogue.php(127): App\Controllers\Catalogue->processUpdateOps('PT-CPE-155', [...], [...])
 5 SYSTEMPATH\CodeIgniter.php(933): App\Controllers\Catalogue->update('PT-CPE-155')
 6 SYSTEMPATH\CodeIgniter.php(507): CodeIgniter\CodeIgniter->runController(Object(App\Controllers\Catalogue))
 7 SYSTEMPATH\CodeIgniter.php(354): CodeIgniter\CodeIgniter->handleRequest(null, Object(Config\Cache), false)
 8 SYSTEMPATH\Boot.php(334): CodeIgniter\CodeIgniter->run()
 9 SYSTEMPATH\Boot.php(67): CodeIgniter\Boot::runCodeIgniter(Object(CodeIgniter\CodeIgniter))
10 FCPATH\index.php(56): CodeIgniter\Boot::bootWeb(Object(Config\Paths))
11 SYSTEMPATH\rewrite.php(44): require_once('D:\\xampp\\Mritunjay\\project-tyriod-dashboard\\backend\\public\\index.php')
CRITICAL - 2025-08-10 15:49:43 --> ErrorException: Undefined array key 0
[Method: PUT, Route: api/catalogue/PT-CPE-155]
in APPPATH\Controllers\Catalogue.php on line 306.
 1 APPPATH\Controllers\Catalogue.php(306): CodeIgniter\Debug\Exceptions->errorHandler(2, 'Undefined array key 0', 'D:\\xampp\\Mritunjay\\project-tyriod-dashboard\\backend\\app\\Controllers\\Catalogue.php', 306)
 2 APPPATH\Controllers\Catalogue.php(257): App\Controllers\Catalogue->insertItemData('CPE-155', [...], [...])
 3 APPPATH\Controllers\Catalogue.php(222): App\Controllers\Catalogue->updateItemData([...], [...])
 4 APPPATH\Controllers\Catalogue.php(127): App\Controllers\Catalogue->processUpdateOps('PT-CPE-155', [...], [...])
 5 SYSTEMPATH\CodeIgniter.php(933): App\Controllers\Catalogue->update('PT-CPE-155')
 6 SYSTEMPATH\CodeIgniter.php(507): CodeIgniter\CodeIgniter->runController(Object(App\Controllers\Catalogue))
 7 SYSTEMPATH\CodeIgniter.php(354): CodeIgniter\CodeIgniter->handleRequest(null, Object(Config\Cache), false)
 8 SYSTEMPATH\Boot.php(334): CodeIgniter\CodeIgniter->run()
 9 SYSTEMPATH\Boot.php(67): CodeIgniter\Boot::runCodeIgniter(Object(CodeIgniter\CodeIgniter))
10 FCPATH\index.php(56): CodeIgniter\Boot::bootWeb(Object(Config\Paths))
11 SYSTEMPATH\rewrite.php(44): require_once('D:\\xampp\\Mritunjay\\project-tyriod-dashboard\\backend\\public\\index.php')
WARNING - 2025-08-10 16:03:17 --> [DEPRECATED] Creation of dynamic property App\Controllers\Auth::$UserModel is deprecated in APPPATH\Controllers\Auth.php on line 12.
 1 SYSTEMPATH\CodeIgniter.php(903): App\Controllers\Auth->__construct()
 2 SYSTEMPATH\CodeIgniter.php(498): CodeIgniter\CodeIgniter->createController()
 3 SYSTEMPATH\CodeIgniter.php(354): CodeIgniter\CodeIgniter->handleRequest(null, Object(Config\Cache), false)
 4 SYSTEMPATH\Boot.php(334): CodeIgniter\CodeIgniter->run()
 5 SYSTEMPATH\Boot.php(67): CodeIgniter\Boot::runCodeIgniter(Object(CodeIgniter\CodeIgniter))
 6 FCPATH\index.php(56): CodeIgniter\Boot::bootWeb(Object(Config\Paths))
 7 SYSTEMPATH\rewrite.php(44): require_once('D:\\xampp\\Mritunjay\\project-tyriod-dashboard\\backend\\public\\index.php')
CRITICAL - 2025-08-10 16:03:43 --> ErrorException: Undefined property: App\Controllers\Catalogue::$db
[Method: PUT, Route: api/catalogue/PT-CPE-155]
in APPPATH\Controllers\Catalogue.php on line 321.
 1 APPPATH\Controllers\Catalogue.php(321): CodeIgniter\Debug\Exceptions->errorHandler(2, 'Undefined property: App\\Controllers\\Catalogue::$db', 'D:\\xampp\\Mritunjay\\project-tyriod-dashboard\\backend\\app\\Controllers\\Catalogue.php', 321)
 2 APPPATH\Controllers\Catalogue.php(257): App\Controllers\Catalogue->insertItemData('CPE-155', [...], [...])
 3 APPPATH\Controllers\Catalogue.php(222): App\Controllers\Catalogue->updateItemData([...], [...])
 4 APPPATH\Controllers\Catalogue.php(127): App\Controllers\Catalogue->processUpdateOps('PT-CPE-155', [...], [...])
 5 SYSTEMPATH\CodeIgniter.php(933): App\Controllers\Catalogue->update('PT-CPE-155')
 6 SYSTEMPATH\CodeIgniter.php(507): CodeIgniter\CodeIgniter->runController(Object(App\Controllers\Catalogue))
 7 SYSTEMPATH\CodeIgniter.php(354): CodeIgniter\CodeIgniter->handleRequest(null, Object(Config\Cache), false)
 8 SYSTEMPATH\Boot.php(334): CodeIgniter\CodeIgniter->run()
 9 SYSTEMPATH\Boot.php(67): CodeIgniter\Boot::runCodeIgniter(Object(CodeIgniter\CodeIgniter))
10 FCPATH\index.php(56): CodeIgniter\Boot::bootWeb(Object(Config\Paths))
11 SYSTEMPATH\rewrite.php(44): require_once('D:\\xampp\\Mritunjay\\project-tyriod-dashboard\\backend\\public\\index.php')
