WARNING - 2025-06-21 12:04:37 --> [DEPRECATED] Creation of dynamic property App\Controllers\Auth::$UserModel is deprecated in APPPATH\Controllers\Auth.php on line 12.
 1 SYSTEMPATH\CodeIgniter.php(903): App\Controllers\Auth->__construct()
 2 SYSTEMPATH\CodeIgniter.php(498): CodeIgniter\CodeIgniter->createController()
 3 SYSTEMPATH\CodeIgniter.php(354): CodeIgniter\CodeIgniter->handleRequest(null, Object(Config\Cache), false)
 4 SYSTEMPATH\Boot.php(334): CodeIgniter\CodeIgniter->run()
 5 SYSTEMPATH\Boot.php(67): CodeIgniter\Boot::runCodeIgniter(Object(CodeIgniter\CodeIgniter))
 6 FCPATH\index.php(56): CodeIgniter\Boot::bootWeb(Object(Config\Paths))
 7 SYSTEMPATH\rewrite.php(44): require_once('D:\\xampp\\Mritunjay\\project-tyriod-dashboard\\backend\\public\\index.php')
WARNING - 2025-06-21 12:04:38 --> [DEPRECATED] Creation of dynamic property App\Controllers\Auth::$UserModel is deprecated in APPPATH\Controllers\Auth.php on line 12.
 1 SYSTEMPATH\CodeIgniter.php(903): App\Controllers\Auth->__construct()
 2 SYSTEMPATH\CodeIgniter.php(498): CodeIgniter\CodeIgniter->createController()
 3 SYSTEMPATH\CodeIgniter.php(354): CodeIgniter\CodeIgniter->handleRequest(null, Object(Config\Cache), false)
 4 SYSTEMPATH\Boot.php(334): CodeIgniter\CodeIgniter->run()
 5 SYSTEMPATH\Boot.php(67): CodeIgniter\Boot::runCodeIgniter(Object(CodeIgniter\CodeIgniter))
 6 FCPATH\index.php(56): CodeIgniter\Boot::bootWeb(Object(Config\Paths))
 7 SYSTEMPATH\rewrite.php(44): require_once('D:\\xampp\\Mritunjay\\project-tyriod-dashboard\\backend\\public\\index.php')
WARNING - 2025-06-21 12:04:44 --> [DEPRECATED] Creation of dynamic property App\Controllers\Auth::$UserModel is deprecated in APPPATH\Controllers\Auth.php on line 12.
 1 SYSTEMPATH\CodeIgniter.php(903): App\Controllers\Auth->__construct()
 2 SYSTEMPATH\CodeIgniter.php(498): CodeIgniter\CodeIgniter->createController()
 3 SYSTEMPATH\CodeIgniter.php(354): CodeIgniter\CodeIgniter->handleRequest(null, Object(Config\Cache), false)
 4 SYSTEMPATH\Boot.php(334): CodeIgniter\CodeIgniter->run()
 5 SYSTEMPATH\Boot.php(67): CodeIgniter\Boot::runCodeIgniter(Object(CodeIgniter\CodeIgniter))
 6 FCPATH\index.php(56): CodeIgniter\Boot::bootWeb(Object(Config\Paths))
 7 SYSTEMPATH\rewrite.php(44): require_once('D:\\xampp\\Mritunjay\\project-tyriod-dashboard\\backend\\public\\index.php')
WARNING - 2025-06-21 12:22:03 --> [DEPRECATED] Creation of dynamic property App\Controllers\Auth::$UserModel is deprecated in APPPATH\Controllers\Auth.php on line 12.
 1 SYSTEMPATH\CodeIgniter.php(903): App\Controllers\Auth->__construct()
 2 SYSTEMPATH\CodeIgniter.php(498): CodeIgniter\CodeIgniter->createController()
 3 SYSTEMPATH\CodeIgniter.php(354): CodeIgniter\CodeIgniter->handleRequest(null, Object(Config\Cache), false)
 4 SYSTEMPATH\Boot.php(334): CodeIgniter\CodeIgniter->run()
 5 SYSTEMPATH\Boot.php(67): CodeIgniter\Boot::runCodeIgniter(Object(CodeIgniter\CodeIgniter))
 6 FCPATH\index.php(56): CodeIgniter\Boot::bootWeb(Object(Config\Paths))
 7 SYSTEMPATH\rewrite.php(44): require_once('D:\\xampp\\Mritunjay\\project-tyriod-dashboard\\backend\\public\\index.php')
WARNING - 2025-06-21 12:41:58 --> [DEPRECATED] Creation of dynamic property App\Controllers\Auth::$UserModel is deprecated in APPPATH\Controllers\Auth.php on line 12.
 1 SYSTEMPATH\CodeIgniter.php(903): App\Controllers\Auth->__construct()
 2 SYSTEMPATH\CodeIgniter.php(498): CodeIgniter\CodeIgniter->createController()
 3 SYSTEMPATH\CodeIgniter.php(354): CodeIgniter\CodeIgniter->handleRequest(null, Object(Config\Cache), false)
 4 SYSTEMPATH\Boot.php(334): CodeIgniter\CodeIgniter->run()
 5 SYSTEMPATH\Boot.php(67): CodeIgniter\Boot::runCodeIgniter(Object(CodeIgniter\CodeIgniter))
 6 FCPATH\index.php(56): CodeIgniter\Boot::bootWeb(Object(Config\Paths))
 7 SYSTEMPATH\rewrite.php(44): require_once('D:\\xampp\\Mritunjay\\project-tyriod-dashboard\\backend\\public\\index.php')
WARNING - 2025-06-21 12:42:02 --> [DEPRECATED] Creation of dynamic property App\Controllers\Auth::$UserModel is deprecated in APPPATH\Controllers\Auth.php on line 12.
 1 SYSTEMPATH\CodeIgniter.php(903): App\Controllers\Auth->__construct()
 2 SYSTEMPATH\CodeIgniter.php(498): CodeIgniter\CodeIgniter->createController()
 3 SYSTEMPATH\CodeIgniter.php(354): CodeIgniter\CodeIgniter->handleRequest(null, Object(Config\Cache), false)
 4 SYSTEMPATH\Boot.php(334): CodeIgniter\CodeIgniter->run()
 5 SYSTEMPATH\Boot.php(67): CodeIgniter\Boot::runCodeIgniter(Object(CodeIgniter\CodeIgniter))
 6 FCPATH\index.php(56): CodeIgniter\Boot::bootWeb(Object(Config\Paths))
 7 SYSTEMPATH\rewrite.php(44): require_once('D:\\xampp\\Mritunjay\\project-tyriod-dashboard\\backend\\public\\index.php')
WARNING - 2025-06-21 13:34:28 --> [DEPRECATED] Creation of dynamic property App\Controllers\Auth::$UserModel is deprecated in APPPATH\Controllers\Auth.php on line 12.
 1 SYSTEMPATH\CodeIgniter.php(903): App\Controllers\Auth->__construct()
 2 SYSTEMPATH\CodeIgniter.php(498): CodeIgniter\CodeIgniter->createController()
 3 SYSTEMPATH\CodeIgniter.php(354): CodeIgniter\CodeIgniter->handleRequest(null, Object(Config\Cache), false)
 4 SYSTEMPATH\Boot.php(334): CodeIgniter\CodeIgniter->run()
 5 SYSTEMPATH\Boot.php(67): CodeIgniter\Boot::runCodeIgniter(Object(CodeIgniter\CodeIgniter))
 6 FCPATH\index.php(56): CodeIgniter\Boot::bootWeb(Object(Config\Paths))
 7 SYSTEMPATH\rewrite.php(44): require_once('D:\\xampp\\Mritunjay\\project-tyriod-dashboard\\backend\\public\\index.php')
WARNING - 2025-06-21 13:34:41 --> [DEPRECATED] Creation of dynamic property App\Controllers\Auth::$UserModel is deprecated in APPPATH\Controllers\Auth.php on line 12.
 1 SYSTEMPATH\CodeIgniter.php(903): App\Controllers\Auth->__construct()
 2 SYSTEMPATH\CodeIgniter.php(498): CodeIgniter\CodeIgniter->createController()
 3 SYSTEMPATH\CodeIgniter.php(354): CodeIgniter\CodeIgniter->handleRequest(null, Object(Config\Cache), false)
 4 SYSTEMPATH\Boot.php(334): CodeIgniter\CodeIgniter->run()
 5 SYSTEMPATH\Boot.php(67): CodeIgniter\Boot::runCodeIgniter(Object(CodeIgniter\CodeIgniter))
 6 FCPATH\index.php(56): CodeIgniter\Boot::bootWeb(Object(Config\Paths))
 7 SYSTEMPATH\rewrite.php(44): require_once('D:\\xampp\\Mritunjay\\project-tyriod-dashboard\\backend\\public\\index.php')
CRITICAL - 2025-06-21 13:44:54 --> Error: Cannot use object of type stdClass as array
[Method: POST, Route: api/catalogue/id]
in APPPATH\Controllers\Catalogue.php on line 54.
 1 SYSTEMPATH\CodeIgniter.php(933): App\Controllers\Catalogue->getItemWithID()
 2 SYSTEMPATH\CodeIgniter.php(507): CodeIgniter\CodeIgniter->runController(Object(App\Controllers\Catalogue))
 3 SYSTEMPATH\CodeIgniter.php(354): CodeIgniter\CodeIgniter->handleRequest(null, Object(Config\Cache), false)
 4 SYSTEMPATH\Boot.php(334): CodeIgniter\CodeIgniter->run()
 5 SYSTEMPATH\Boot.php(67): CodeIgniter\Boot::runCodeIgniter(Object(CodeIgniter\CodeIgniter))
 6 FCPATH\index.php(56): CodeIgniter\Boot::bootWeb(Object(Config\Paths))
 7 SYSTEMPATH\rewrite.php(44): require_once('D:\\xampp\\Mritunjay\\project-tyriod-dashboard\\backend\\public\\index.php')
CRITICAL - 2025-06-21 13:44:54 --> Error: Cannot use object of type stdClass as array
[Method: POST, Route: api/catalogue/id]
in APPPATH\Controllers\Catalogue.php on line 54.
 1 SYSTEMPATH\CodeIgniter.php(933): App\Controllers\Catalogue->getItemWithID()
 2 SYSTEMPATH\CodeIgniter.php(507): CodeIgniter\CodeIgniter->runController(Object(App\Controllers\Catalogue))
 3 SYSTEMPATH\CodeIgniter.php(354): CodeIgniter\CodeIgniter->handleRequest(null, Object(Config\Cache), false)
 4 SYSTEMPATH\Boot.php(334): CodeIgniter\CodeIgniter->run()
 5 SYSTEMPATH\Boot.php(67): CodeIgniter\Boot::runCodeIgniter(Object(CodeIgniter\CodeIgniter))
 6 FCPATH\index.php(56): CodeIgniter\Boot::bootWeb(Object(Config\Paths))
 7 SYSTEMPATH\rewrite.php(44): require_once('D:\\xampp\\Mritunjay\\project-tyriod-dashboard\\backend\\public\\index.php')
WARNING - 2025-06-21 15:52:49 --> [DEPRECATED] Creation of dynamic property App\Controllers\Auth::$UserModel is deprecated in APPPATH\Controllers\Auth.php on line 12.
 1 SYSTEMPATH\CodeIgniter.php(903): App\Controllers\Auth->__construct()
 2 SYSTEMPATH\CodeIgniter.php(498): CodeIgniter\CodeIgniter->createController()
 3 SYSTEMPATH\CodeIgniter.php(354): CodeIgniter\CodeIgniter->handleRequest(null, Object(Config\Cache), false)
 4 SYSTEMPATH\Boot.php(334): CodeIgniter\CodeIgniter->run()
 5 SYSTEMPATH\Boot.php(67): CodeIgniter\Boot::runCodeIgniter(Object(CodeIgniter\CodeIgniter))
 6 FCPATH\index.php(56): CodeIgniter\Boot::bootWeb(Object(Config\Paths))
 7 SYSTEMPATH\rewrite.php(44): require_once('D:\\xampp\\Mritunjay\\project-tyriod-dashboard\\backend\\public\\index.php')
ERROR - 2025-06-21 16:09:02 --> mysqli_sql_exception: Unknown column 'item.name' in 'field list' in D:\xampp\Mritunjay\project-tyriod-dashboard\backend\system\Database\MySQLi\Connection.php:327
Stack trace:
#0 D:\xampp\Mritunjay\project-tyriod-dashboard\backend\system\Database\MySQLi\Connection.php(327): mysqli->query('SELECT `catalog...', 0)
#1 D:\xampp\Mritunjay\project-tyriod-dashboard\backend\system\Database\BaseConnection.php(738): CodeIgniter\Database\MySQLi\Connection->execute('SELECT `catalog...')
#2 D:\xampp\Mritunjay\project-tyriod-dashboard\backend\system\Database\BaseConnection.php(652): CodeIgniter\Database\BaseConnection->simpleQuery('SELECT `catalog...')
#3 D:\xampp\Mritunjay\project-tyriod-dashboard\backend\system\Database\BaseBuilder.php(1649): CodeIgniter\Database\BaseConnection->query('SELECT `catalog...', Array, false)
#4 D:\xampp\Mritunjay\project-tyriod-dashboard\backend\system\Model.php(330): CodeIgniter\Database\BaseBuilder->get()
#5 D:\xampp\Mritunjay\project-tyriod-dashboard\backend\system\BaseModel.php(713): CodeIgniter\Model->doFirst()
#6 D:\xampp\Mritunjay\project-tyriod-dashboard\backend\app\Models\CatalogueModel.php(40): CodeIgniter\BaseModel->first()
#7 D:\xampp\Mritunjay\project-tyriod-dashboard\backend\app\Controllers\Catalogue.php(54): App\Models\CatalogueModel->getCatalogueWithItemAndSize('PT-CPE-155')
#8 D:\xampp\Mritunjay\project-tyriod-dashboard\backend\system\CodeIgniter.php(933): App\Controllers\Catalogue->getItemWithID()
#9 D:\xampp\Mritunjay\project-tyriod-dashboard\backend\system\CodeIgniter.php(507): CodeIgniter\CodeIgniter->runController(Object(App\Controllers\Catalogue))
#10 D:\xampp\Mritunjay\project-tyriod-dashboard\backend\system\CodeIgniter.php(354): CodeIgniter\CodeIgniter->handleRequest(NULL, Object(Config\Cache), false)
#11 D:\xampp\Mritunjay\project-tyriod-dashboard\backend\system\Boot.php(334): CodeIgniter\CodeIgniter->run()
#12 D:\xampp\Mritunjay\project-tyriod-dashboard\backend\system\Boot.php(67): CodeIgniter\Boot::runCodeIgniter(Object(CodeIgniter\CodeIgniter))
#13 D:\xampp\Mritunjay\project-tyriod-dashboard\backend\public\index.php(56): CodeIgniter\Boot::bootWeb(Object(Config\Paths))
#14 D:\xampp\Mritunjay\project-tyriod-dashboard\backend\system\rewrite.php(44): require_once('D:\\xampp\\Mritun...')
#15 {main}
CRITICAL - 2025-06-21 16:09:02 --> CodeIgniter\Database\Exceptions\DatabaseException: Unknown column 'item.name' in 'field list'
[Method: POST, Route: api/catalogue/id]
in SYSTEMPATH\Database\BaseConnection.php on line 692.
 1 SYSTEMPATH\Database\BaseBuilder.php(1649): CodeIgniter\Database\BaseConnection->query('SELECT `catalogue`.*, `item`.`name` as `item_name`, `size`.`name` as `size_name`
FROM `catalogue`
LEFT JOIN `item` ON `item`.`series_code` = `catalogue`.`series_code`
LEFT JOIN `size` ON `size`.`series_code` = `catalogue`.`series_code`
WHERE `catalogue`.`id` = :catalogue.id:
 LIMIT 1', [...], false)
 2 SYSTEMPATH\Model.php(330): CodeIgniter\Database\BaseBuilder->get()
 3 SYSTEMPATH\BaseModel.php(713): CodeIgniter\Model->doFirst()
 4 APPPATH\Models\CatalogueModel.php(40): CodeIgniter\BaseModel->first()
 5 APPPATH\Controllers\Catalogue.php(54): App\Models\CatalogueModel->getCatalogueWithItemAndSize('PT-CPE-155')
 6 SYSTEMPATH\CodeIgniter.php(933): App\Controllers\Catalogue->getItemWithID()
 7 SYSTEMPATH\CodeIgniter.php(507): CodeIgniter\CodeIgniter->runController(Object(App\Controllers\Catalogue))
 8 SYSTEMPATH\CodeIgniter.php(354): CodeIgniter\CodeIgniter->handleRequest(null, Object(Config\Cache), false)
 9 SYSTEMPATH\Boot.php(334): CodeIgniter\CodeIgniter->run()
10 SYSTEMPATH\Boot.php(67): CodeIgniter\Boot::runCodeIgniter(Object(CodeIgniter\CodeIgniter))
11 FCPATH\index.php(56): CodeIgniter\Boot::bootWeb(Object(Config\Paths))
12 SYSTEMPATH\rewrite.php(44): require_once('D:\\xampp\\Mritunjay\\project-tyriod-dashboard\\backend\\public\\index.php')
CRITICAL - 2025-06-21 16:09:02 --> [Caused by] CodeIgniter\Database\Exceptions\DatabaseException: Unknown column 'item.name' in 'field list'
in SYSTEMPATH\Database\MySQLi\Connection.php on line 332.
 1 SYSTEMPATH\Database\BaseConnection.php(738): CodeIgniter\Database\MySQLi\Connection->execute('SELECT `catalogue`.*, `item`.`name` as `item_name`, `size`.`name` as `size_name`
FROM `catalogue`
LEFT JOIN `item` ON `item`.`series_code` = `catalogue`.`series_code`
LEFT JOIN `size` ON `size`.`series_code` = `catalogue`.`series_code`
WHERE `catalogue`.`id` = \'PT-CPE-155\'
 LIMIT 1')
 2 SYSTEMPATH\Database\BaseConnection.php(652): CodeIgniter\Database\BaseConnection->simpleQuery('SELECT `catalogue`.*, `item`.`name` as `item_name`, `size`.`name` as `size_name`
FROM `catalogue`
LEFT JOIN `item` ON `item`.`series_code` = `catalogue`.`series_code`
LEFT JOIN `size` ON `size`.`series_code` = `catalogue`.`series_code`
WHERE `catalogue`.`id` = \'PT-CPE-155\'
 LIMIT 1')
 3 SYSTEMPATH\Database\BaseBuilder.php(1649): CodeIgniter\Database\BaseConnection->query('SELECT `catalogue`.*, `item`.`name` as `item_name`, `size`.`name` as `size_name`
FROM `catalogue`
LEFT JOIN `item` ON `item`.`series_code` = `catalogue`.`series_code`
LEFT JOIN `size` ON `size`.`series_code` = `catalogue`.`series_code`
WHERE `catalogue`.`id` = :catalogue.id:
 LIMIT 1', [...], false)
 4 SYSTEMPATH\Model.php(330): CodeIgniter\Database\BaseBuilder->get()
 5 SYSTEMPATH\BaseModel.php(713): CodeIgniter\Model->doFirst()
 6 APPPATH\Models\CatalogueModel.php(40): CodeIgniter\BaseModel->first()
 7 APPPATH\Controllers\Catalogue.php(54): App\Models\CatalogueModel->getCatalogueWithItemAndSize('PT-CPE-155')
 8 SYSTEMPATH\CodeIgniter.php(933): App\Controllers\Catalogue->getItemWithID()
 9 SYSTEMPATH\CodeIgniter.php(507): CodeIgniter\CodeIgniter->runController(Object(App\Controllers\Catalogue))
10 SYSTEMPATH\CodeIgniter.php(354): CodeIgniter\CodeIgniter->handleRequest(null, Object(Config\Cache), false)
11 SYSTEMPATH\Boot.php(334): CodeIgniter\CodeIgniter->run()
12 SYSTEMPATH\Boot.php(67): CodeIgniter\Boot::runCodeIgniter(Object(CodeIgniter\CodeIgniter))
13 FCPATH\index.php(56): CodeIgniter\Boot::bootWeb(Object(Config\Paths))
14 SYSTEMPATH\rewrite.php(44): require_once('D:\\xampp\\Mritunjay\\project-tyriod-dashboard\\backend\\public\\index.php')
CRITICAL - 2025-06-21 16:09:02 --> [Caused by] mysqli_sql_exception: Unknown column 'item.name' in 'field list'
in SYSTEMPATH\Database\MySQLi\Connection.php on line 327.
 1 SYSTEMPATH\Database\MySQLi\Connection.php(327): mysqli->query('SELECT `catalogue`.*, `item`.`name` as `item_name`, `size`.`name` as `size_name`
FROM `catalogue`
LEFT JOIN `item` ON `item`.`series_code` = `catalogue`.`series_code`
LEFT JOIN `size` ON `size`.`series_code` = `catalogue`.`series_code`
WHERE `catalogue`.`id` = \'PT-CPE-155\'
 LIMIT 1', 0)
 2 SYSTEMPATH\Database\BaseConnection.php(738): CodeIgniter\Database\MySQLi\Connection->execute('SELECT `catalogue`.*, `item`.`name` as `item_name`, `size`.`name` as `size_name`
FROM `catalogue`
LEFT JOIN `item` ON `item`.`series_code` = `catalogue`.`series_code`
LEFT JOIN `size` ON `size`.`series_code` = `catalogue`.`series_code`
WHERE `catalogue`.`id` = \'PT-CPE-155\'
 LIMIT 1')
 3 SYSTEMPATH\Database\BaseConnection.php(652): CodeIgniter\Database\BaseConnection->simpleQuery('SELECT `catalogue`.*, `item`.`name` as `item_name`, `size`.`name` as `size_name`
FROM `catalogue`
LEFT JOIN `item` ON `item`.`series_code` = `catalogue`.`series_code`
LEFT JOIN `size` ON `size`.`series_code` = `catalogue`.`series_code`
WHERE `catalogue`.`id` = \'PT-CPE-155\'
 LIMIT 1')
 4 SYSTEMPATH\Database\BaseBuilder.php(1649): CodeIgniter\Database\BaseConnection->query('SELECT `catalogue`.*, `item`.`name` as `item_name`, `size`.`name` as `size_name`
FROM `catalogue`
LEFT JOIN `item` ON `item`.`series_code` = `catalogue`.`series_code`
LEFT JOIN `size` ON `size`.`series_code` = `catalogue`.`series_code`
WHERE `catalogue`.`id` = :catalogue.id:
 LIMIT 1', [...], false)
 5 SYSTEMPATH\Model.php(330): CodeIgniter\Database\BaseBuilder->get()
 6 SYSTEMPATH\BaseModel.php(713): CodeIgniter\Model->doFirst()
 7 APPPATH\Models\CatalogueModel.php(40): CodeIgniter\BaseModel->first()
 8 APPPATH\Controllers\Catalogue.php(54): App\Models\CatalogueModel->getCatalogueWithItemAndSize('PT-CPE-155')
 9 SYSTEMPATH\CodeIgniter.php(933): App\Controllers\Catalogue->getItemWithID()
10 SYSTEMPATH\CodeIgniter.php(507): CodeIgniter\CodeIgniter->runController(Object(App\Controllers\Catalogue))
11 SYSTEMPATH\CodeIgniter.php(354): CodeIgniter\CodeIgniter->handleRequest(null, Object(Config\Cache), false)
12 SYSTEMPATH\Boot.php(334): CodeIgniter\CodeIgniter->run()
13 SYSTEMPATH\Boot.php(67): CodeIgniter\Boot::runCodeIgniter(Object(CodeIgniter\CodeIgniter))
14 FCPATH\index.php(56): CodeIgniter\Boot::bootWeb(Object(Config\Paths))
15 SYSTEMPATH\rewrite.php(44): require_once('D:\\xampp\\Mritunjay\\project-tyriod-dashboard\\backend\\public\\index.php')
ERROR - 2025-06-21 16:09:02 --> mysqli_sql_exception: Unknown column 'item.name' in 'field list' in D:\xampp\Mritunjay\project-tyriod-dashboard\backend\system\Database\MySQLi\Connection.php:327
Stack trace:
#0 D:\xampp\Mritunjay\project-tyriod-dashboard\backend\system\Database\MySQLi\Connection.php(327): mysqli->query('SELECT `catalog...', 0)
#1 D:\xampp\Mritunjay\project-tyriod-dashboard\backend\system\Database\BaseConnection.php(738): CodeIgniter\Database\MySQLi\Connection->execute('SELECT `catalog...')
#2 D:\xampp\Mritunjay\project-tyriod-dashboard\backend\system\Database\BaseConnection.php(652): CodeIgniter\Database\BaseConnection->simpleQuery('SELECT `catalog...')
#3 D:\xampp\Mritunjay\project-tyriod-dashboard\backend\system\Database\BaseBuilder.php(1649): CodeIgniter\Database\BaseConnection->query('SELECT `catalog...', Array, false)
#4 D:\xampp\Mritunjay\project-tyriod-dashboard\backend\system\Model.php(330): CodeIgniter\Database\BaseBuilder->get()
#5 D:\xampp\Mritunjay\project-tyriod-dashboard\backend\system\BaseModel.php(713): CodeIgniter\Model->doFirst()
#6 D:\xampp\Mritunjay\project-tyriod-dashboard\backend\app\Models\CatalogueModel.php(40): CodeIgniter\BaseModel->first()
#7 D:\xampp\Mritunjay\project-tyriod-dashboard\backend\app\Controllers\Catalogue.php(54): App\Models\CatalogueModel->getCatalogueWithItemAndSize('PT-CPE-155')
#8 D:\xampp\Mritunjay\project-tyriod-dashboard\backend\system\CodeIgniter.php(933): App\Controllers\Catalogue->getItemWithID()
#9 D:\xampp\Mritunjay\project-tyriod-dashboard\backend\system\CodeIgniter.php(507): CodeIgniter\CodeIgniter->runController(Object(App\Controllers\Catalogue))
#10 D:\xampp\Mritunjay\project-tyriod-dashboard\backend\system\CodeIgniter.php(354): CodeIgniter\CodeIgniter->handleRequest(NULL, Object(Config\Cache), false)
#11 D:\xampp\Mritunjay\project-tyriod-dashboard\backend\system\Boot.php(334): CodeIgniter\CodeIgniter->run()
#12 D:\xampp\Mritunjay\project-tyriod-dashboard\backend\system\Boot.php(67): CodeIgniter\Boot::runCodeIgniter(Object(CodeIgniter\CodeIgniter))
#13 D:\xampp\Mritunjay\project-tyriod-dashboard\backend\public\index.php(56): CodeIgniter\Boot::bootWeb(Object(Config\Paths))
#14 D:\xampp\Mritunjay\project-tyriod-dashboard\backend\system\rewrite.php(44): require_once('D:\\xampp\\Mritun...')
#15 {main}
CRITICAL - 2025-06-21 16:09:02 --> CodeIgniter\Database\Exceptions\DatabaseException: Unknown column 'item.name' in 'field list'
[Method: POST, Route: api/catalogue/id]
in SYSTEMPATH\Database\BaseConnection.php on line 692.
 1 SYSTEMPATH\Database\BaseBuilder.php(1649): CodeIgniter\Database\BaseConnection->query('SELECT `catalogue`.*, `item`.`name` as `item_name`, `size`.`name` as `size_name`
FROM `catalogue`
LEFT JOIN `item` ON `item`.`series_code` = `catalogue`.`series_code`
LEFT JOIN `size` ON `size`.`series_code` = `catalogue`.`series_code`
WHERE `catalogue`.`id` = :catalogue.id:
 LIMIT 1', [...], false)
 2 SYSTEMPATH\Model.php(330): CodeIgniter\Database\BaseBuilder->get()
 3 SYSTEMPATH\BaseModel.php(713): CodeIgniter\Model->doFirst()
 4 APPPATH\Models\CatalogueModel.php(40): CodeIgniter\BaseModel->first()
 5 APPPATH\Controllers\Catalogue.php(54): App\Models\CatalogueModel->getCatalogueWithItemAndSize('PT-CPE-155')
 6 SYSTEMPATH\CodeIgniter.php(933): App\Controllers\Catalogue->getItemWithID()
 7 SYSTEMPATH\CodeIgniter.php(507): CodeIgniter\CodeIgniter->runController(Object(App\Controllers\Catalogue))
 8 SYSTEMPATH\CodeIgniter.php(354): CodeIgniter\CodeIgniter->handleRequest(null, Object(Config\Cache), false)
 9 SYSTEMPATH\Boot.php(334): CodeIgniter\CodeIgniter->run()
10 SYSTEMPATH\Boot.php(67): CodeIgniter\Boot::runCodeIgniter(Object(CodeIgniter\CodeIgniter))
11 FCPATH\index.php(56): CodeIgniter\Boot::bootWeb(Object(Config\Paths))
12 SYSTEMPATH\rewrite.php(44): require_once('D:\\xampp\\Mritunjay\\project-tyriod-dashboard\\backend\\public\\index.php')
CRITICAL - 2025-06-21 16:09:02 --> [Caused by] CodeIgniter\Database\Exceptions\DatabaseException: Unknown column 'item.name' in 'field list'
in SYSTEMPATH\Database\MySQLi\Connection.php on line 332.
 1 SYSTEMPATH\Database\BaseConnection.php(738): CodeIgniter\Database\MySQLi\Connection->execute('SELECT `catalogue`.*, `item`.`name` as `item_name`, `size`.`name` as `size_name`
FROM `catalogue`
LEFT JOIN `item` ON `item`.`series_code` = `catalogue`.`series_code`
LEFT JOIN `size` ON `size`.`series_code` = `catalogue`.`series_code`
WHERE `catalogue`.`id` = \'PT-CPE-155\'
 LIMIT 1')
 2 SYSTEMPATH\Database\BaseConnection.php(652): CodeIgniter\Database\BaseConnection->simpleQuery('SELECT `catalogue`.*, `item`.`name` as `item_name`, `size`.`name` as `size_name`
FROM `catalogue`
LEFT JOIN `item` ON `item`.`series_code` = `catalogue`.`series_code`
LEFT JOIN `size` ON `size`.`series_code` = `catalogue`.`series_code`
WHERE `catalogue`.`id` = \'PT-CPE-155\'
 LIMIT 1')
 3 SYSTEMPATH\Database\BaseBuilder.php(1649): CodeIgniter\Database\BaseConnection->query('SELECT `catalogue`.*, `item`.`name` as `item_name`, `size`.`name` as `size_name`
FROM `catalogue`
LEFT JOIN `item` ON `item`.`series_code` = `catalogue`.`series_code`
LEFT JOIN `size` ON `size`.`series_code` = `catalogue`.`series_code`
WHERE `catalogue`.`id` = :catalogue.id:
 LIMIT 1', [...], false)
 4 SYSTEMPATH\Model.php(330): CodeIgniter\Database\BaseBuilder->get()
 5 SYSTEMPATH\BaseModel.php(713): CodeIgniter\Model->doFirst()
 6 APPPATH\Models\CatalogueModel.php(40): CodeIgniter\BaseModel->first()
 7 APPPATH\Controllers\Catalogue.php(54): App\Models\CatalogueModel->getCatalogueWithItemAndSize('PT-CPE-155')
 8 SYSTEMPATH\CodeIgniter.php(933): App\Controllers\Catalogue->getItemWithID()
 9 SYSTEMPATH\CodeIgniter.php(507): CodeIgniter\CodeIgniter->runController(Object(App\Controllers\Catalogue))
10 SYSTEMPATH\CodeIgniter.php(354): CodeIgniter\CodeIgniter->handleRequest(null, Object(Config\Cache), false)
11 SYSTEMPATH\Boot.php(334): CodeIgniter\CodeIgniter->run()
12 SYSTEMPATH\Boot.php(67): CodeIgniter\Boot::runCodeIgniter(Object(CodeIgniter\CodeIgniter))
13 FCPATH\index.php(56): CodeIgniter\Boot::bootWeb(Object(Config\Paths))
14 SYSTEMPATH\rewrite.php(44): require_once('D:\\xampp\\Mritunjay\\project-tyriod-dashboard\\backend\\public\\index.php')
CRITICAL - 2025-06-21 16:09:02 --> [Caused by] mysqli_sql_exception: Unknown column 'item.name' in 'field list'
in SYSTEMPATH\Database\MySQLi\Connection.php on line 327.
 1 SYSTEMPATH\Database\MySQLi\Connection.php(327): mysqli->query('SELECT `catalogue`.*, `item`.`name` as `item_name`, `size`.`name` as `size_name`
FROM `catalogue`
LEFT JOIN `item` ON `item`.`series_code` = `catalogue`.`series_code`
LEFT JOIN `size` ON `size`.`series_code` = `catalogue`.`series_code`
WHERE `catalogue`.`id` = \'PT-CPE-155\'
 LIMIT 1', 0)
 2 SYSTEMPATH\Database\BaseConnection.php(738): CodeIgniter\Database\MySQLi\Connection->execute('SELECT `catalogue`.*, `item`.`name` as `item_name`, `size`.`name` as `size_name`
FROM `catalogue`
LEFT JOIN `item` ON `item`.`series_code` = `catalogue`.`series_code`
LEFT JOIN `size` ON `size`.`series_code` = `catalogue`.`series_code`
WHERE `catalogue`.`id` = \'PT-CPE-155\'
 LIMIT 1')
 3 SYSTEMPATH\Database\BaseConnection.php(652): CodeIgniter\Database\BaseConnection->simpleQuery('SELECT `catalogue`.*, `item`.`name` as `item_name`, `size`.`name` as `size_name`
FROM `catalogue`
LEFT JOIN `item` ON `item`.`series_code` = `catalogue`.`series_code`
LEFT JOIN `size` ON `size`.`series_code` = `catalogue`.`series_code`
WHERE `catalogue`.`id` = \'PT-CPE-155\'
 LIMIT 1')
 4 SYSTEMPATH\Database\BaseBuilder.php(1649): CodeIgniter\Database\BaseConnection->query('SELECT `catalogue`.*, `item`.`name` as `item_name`, `size`.`name` as `size_name`
FROM `catalogue`
LEFT JOIN `item` ON `item`.`series_code` = `catalogue`.`series_code`
LEFT JOIN `size` ON `size`.`series_code` = `catalogue`.`series_code`
WHERE `catalogue`.`id` = :catalogue.id:
 LIMIT 1', [...], false)
 5 SYSTEMPATH\Model.php(330): CodeIgniter\Database\BaseBuilder->get()
 6 SYSTEMPATH\BaseModel.php(713): CodeIgniter\Model->doFirst()
 7 APPPATH\Models\CatalogueModel.php(40): CodeIgniter\BaseModel->first()
 8 APPPATH\Controllers\Catalogue.php(54): App\Models\CatalogueModel->getCatalogueWithItemAndSize('PT-CPE-155')
 9 SYSTEMPATH\CodeIgniter.php(933): App\Controllers\Catalogue->getItemWithID()
10 SYSTEMPATH\CodeIgniter.php(507): CodeIgniter\CodeIgniter->runController(Object(App\Controllers\Catalogue))
11 SYSTEMPATH\CodeIgniter.php(354): CodeIgniter\CodeIgniter->handleRequest(null, Object(Config\Cache), false)
12 SYSTEMPATH\Boot.php(334): CodeIgniter\CodeIgniter->run()
13 SYSTEMPATH\Boot.php(67): CodeIgniter\Boot::runCodeIgniter(Object(CodeIgniter\CodeIgniter))
14 FCPATH\index.php(56): CodeIgniter\Boot::bootWeb(Object(Config\Paths))
15 SYSTEMPATH\rewrite.php(44): require_once('D:\\xampp\\Mritunjay\\project-tyriod-dashboard\\backend\\public\\index.php')
ERROR - 2025-06-21 16:44:24 --> mysqli_sql_exception: Unknown column 'catalogue.name' in 'field list' in D:\xampp\Mritunjay\project-tyriod-dashboard\backend\system\Database\MySQLi\Connection.php:327
Stack trace:
#0 D:\xampp\Mritunjay\project-tyriod-dashboard\backend\system\Database\MySQLi\Connection.php(327): mysqli->query('SELECT `catalog...', 0)
#1 D:\xampp\Mritunjay\project-tyriod-dashboard\backend\system\Database\BaseConnection.php(738): CodeIgniter\Database\MySQLi\Connection->execute('SELECT `catalog...')
#2 D:\xampp\Mritunjay\project-tyriod-dashboard\backend\system\Database\BaseConnection.php(652): CodeIgniter\Database\BaseConnection->simpleQuery('SELECT `catalog...')
#3 D:\xampp\Mritunjay\project-tyriod-dashboard\backend\system\Database\BaseBuilder.php(1649): CodeIgniter\Database\BaseConnection->query('SELECT `catalog...', Array, false)
#4 D:\xampp\Mritunjay\project-tyriod-dashboard\backend\app\Models\CatalogueModel.php(40): CodeIgniter\Database\BaseBuilder->get()
#5 D:\xampp\Mritunjay\project-tyriod-dashboard\backend\app\Controllers\Catalogue.php(54): App\Models\CatalogueModel->getCatalogueWithItemAndSize('PT-CPE-155')
#6 D:\xampp\Mritunjay\project-tyriod-dashboard\backend\system\CodeIgniter.php(933): App\Controllers\Catalogue->getItemWithID()
#7 D:\xampp\Mritunjay\project-tyriod-dashboard\backend\system\CodeIgniter.php(507): CodeIgniter\CodeIgniter->runController(Object(App\Controllers\Catalogue))
#8 D:\xampp\Mritunjay\project-tyriod-dashboard\backend\system\CodeIgniter.php(354): CodeIgniter\CodeIgniter->handleRequest(NULL, Object(Config\Cache), false)
#9 D:\xampp\Mritunjay\project-tyriod-dashboard\backend\system\Boot.php(334): CodeIgniter\CodeIgniter->run()
#10 D:\xampp\Mritunjay\project-tyriod-dashboard\backend\system\Boot.php(67): CodeIgniter\Boot::runCodeIgniter(Object(CodeIgniter\CodeIgniter))
#11 D:\xampp\Mritunjay\project-tyriod-dashboard\backend\public\index.php(56): CodeIgniter\Boot::bootWeb(Object(Config\Paths))
#12 D:\xampp\Mritunjay\project-tyriod-dashboard\backend\system\rewrite.php(44): require_once('D:\\xampp\\Mritun...')
#13 {main}
CRITICAL - 2025-06-21 16:44:24 --> CodeIgniter\Database\Exceptions\DatabaseException: Unknown column 'catalogue.name' in 'field list'
[Method: POST, Route: api/catalogue/id]
in SYSTEMPATH\Database\BaseConnection.php on line 692.
 1 SYSTEMPATH\Database\BaseBuilder.php(1649): CodeIgniter\Database\BaseConnection->query('SELECT `catalogue`.`id`, `catalogue`.`name`, `catalogue`.`series_code`
FROM `catalogue`
WHERE `catalogue`.`id` = :catalogue.id:', [...], false)
 2 APPPATH\Models\CatalogueModel.php(40): CodeIgniter\Database\BaseBuilder->get()
 3 APPPATH\Controllers\Catalogue.php(54): App\Models\CatalogueModel->getCatalogueWithItemAndSize('PT-CPE-155')
 4 SYSTEMPATH\CodeIgniter.php(933): App\Controllers\Catalogue->getItemWithID()
 5 SYSTEMPATH\CodeIgniter.php(507): CodeIgniter\CodeIgniter->runController(Object(App\Controllers\Catalogue))
 6 SYSTEMPATH\CodeIgniter.php(354): CodeIgniter\CodeIgniter->handleRequest(null, Object(Config\Cache), false)
 7 SYSTEMPATH\Boot.php(334): CodeIgniter\CodeIgniter->run()
 8 SYSTEMPATH\Boot.php(67): CodeIgniter\Boot::runCodeIgniter(Object(CodeIgniter\CodeIgniter))
 9 FCPATH\index.php(56): CodeIgniter\Boot::bootWeb(Object(Config\Paths))
10 SYSTEMPATH\rewrite.php(44): require_once('D:\\xampp\\Mritunjay\\project-tyriod-dashboard\\backend\\public\\index.php')
CRITICAL - 2025-06-21 16:44:24 --> [Caused by] CodeIgniter\Database\Exceptions\DatabaseException: Unknown column 'catalogue.name' in 'field list'
in SYSTEMPATH\Database\MySQLi\Connection.php on line 332.
 1 SYSTEMPATH\Database\BaseConnection.php(738): CodeIgniter\Database\MySQLi\Connection->execute('SELECT `catalogue`.`id`, `catalogue`.`name`, `catalogue`.`series_code`
FROM `catalogue`
WHERE `catalogue`.`id` = \'PT-CPE-155\'')
 2 SYSTEMPATH\Database\BaseConnection.php(652): CodeIgniter\Database\BaseConnection->simpleQuery('SELECT `catalogue`.`id`, `catalogue`.`name`, `catalogue`.`series_code`
FROM `catalogue`
WHERE `catalogue`.`id` = \'PT-CPE-155\'')
 3 SYSTEMPATH\Database\BaseBuilder.php(1649): CodeIgniter\Database\BaseConnection->query('SELECT `catalogue`.`id`, `catalogue`.`name`, `catalogue`.`series_code`
FROM `catalogue`
WHERE `catalogue`.`id` = :catalogue.id:', [...], false)
 4 APPPATH\Models\CatalogueModel.php(40): CodeIgniter\Database\BaseBuilder->get()
 5 APPPATH\Controllers\Catalogue.php(54): App\Models\CatalogueModel->getCatalogueWithItemAndSize('PT-CPE-155')
 6 SYSTEMPATH\CodeIgniter.php(933): App\Controllers\Catalogue->getItemWithID()
 7 SYSTEMPATH\CodeIgniter.php(507): CodeIgniter\CodeIgniter->runController(Object(App\Controllers\Catalogue))
 8 SYSTEMPATH\CodeIgniter.php(354): CodeIgniter\CodeIgniter->handleRequest(null, Object(Config\Cache), false)
 9 SYSTEMPATH\Boot.php(334): CodeIgniter\CodeIgniter->run()
10 SYSTEMPATH\Boot.php(67): CodeIgniter\Boot::runCodeIgniter(Object(CodeIgniter\CodeIgniter))
11 FCPATH\index.php(56): CodeIgniter\Boot::bootWeb(Object(Config\Paths))
12 SYSTEMPATH\rewrite.php(44): require_once('D:\\xampp\\Mritunjay\\project-tyriod-dashboard\\backend\\public\\index.php')
CRITICAL - 2025-06-21 16:44:24 --> [Caused by] mysqli_sql_exception: Unknown column 'catalogue.name' in 'field list'
in SYSTEMPATH\Database\MySQLi\Connection.php on line 327.
 1 SYSTEMPATH\Database\MySQLi\Connection.php(327): mysqli->query('SELECT `catalogue`.`id`, `catalogue`.`name`, `catalogue`.`series_code`
FROM `catalogue`
WHERE `catalogue`.`id` = \'PT-CPE-155\'', 0)
 2 SYSTEMPATH\Database\BaseConnection.php(738): CodeIgniter\Database\MySQLi\Connection->execute('SELECT `catalogue`.`id`, `catalogue`.`name`, `catalogue`.`series_code`
FROM `catalogue`
WHERE `catalogue`.`id` = \'PT-CPE-155\'')
 3 SYSTEMPATH\Database\BaseConnection.php(652): CodeIgniter\Database\BaseConnection->simpleQuery('SELECT `catalogue`.`id`, `catalogue`.`name`, `catalogue`.`series_code`
FROM `catalogue`
WHERE `catalogue`.`id` = \'PT-CPE-155\'')
 4 SYSTEMPATH\Database\BaseBuilder.php(1649): CodeIgniter\Database\BaseConnection->query('SELECT `catalogue`.`id`, `catalogue`.`name`, `catalogue`.`series_code`
FROM `catalogue`
WHERE `catalogue`.`id` = :catalogue.id:', [...], false)
 5 APPPATH\Models\CatalogueModel.php(40): CodeIgniter\Database\BaseBuilder->get()
 6 APPPATH\Controllers\Catalogue.php(54): App\Models\CatalogueModel->getCatalogueWithItemAndSize('PT-CPE-155')
 7 SYSTEMPATH\CodeIgniter.php(933): App\Controllers\Catalogue->getItemWithID()
 8 SYSTEMPATH\CodeIgniter.php(507): CodeIgniter\CodeIgniter->runController(Object(App\Controllers\Catalogue))
 9 SYSTEMPATH\CodeIgniter.php(354): CodeIgniter\CodeIgniter->handleRequest(null, Object(Config\Cache), false)
10 SYSTEMPATH\Boot.php(334): CodeIgniter\CodeIgniter->run()
11 SYSTEMPATH\Boot.php(67): CodeIgniter\Boot::runCodeIgniter(Object(CodeIgniter\CodeIgniter))
12 FCPATH\index.php(56): CodeIgniter\Boot::bootWeb(Object(Config\Paths))
13 SYSTEMPATH\rewrite.php(44): require_once('D:\\xampp\\Mritunjay\\project-tyriod-dashboard\\backend\\public\\index.php')
ERROR - 2025-06-21 16:44:24 --> mysqli_sql_exception: Unknown column 'catalogue.name' in 'field list' in D:\xampp\Mritunjay\project-tyriod-dashboard\backend\system\Database\MySQLi\Connection.php:327
Stack trace:
#0 D:\xampp\Mritunjay\project-tyriod-dashboard\backend\system\Database\MySQLi\Connection.php(327): mysqli->query('SELECT `catalog...', 0)
#1 D:\xampp\Mritunjay\project-tyriod-dashboard\backend\system\Database\BaseConnection.php(738): CodeIgniter\Database\MySQLi\Connection->execute('SELECT `catalog...')
#2 D:\xampp\Mritunjay\project-tyriod-dashboard\backend\system\Database\BaseConnection.php(652): CodeIgniter\Database\BaseConnection->simpleQuery('SELECT `catalog...')
#3 D:\xampp\Mritunjay\project-tyriod-dashboard\backend\system\Database\BaseBuilder.php(1649): CodeIgniter\Database\BaseConnection->query('SELECT `catalog...', Array, false)
#4 D:\xampp\Mritunjay\project-tyriod-dashboard\backend\app\Models\CatalogueModel.php(40): CodeIgniter\Database\BaseBuilder->get()
#5 D:\xampp\Mritunjay\project-tyriod-dashboard\backend\app\Controllers\Catalogue.php(54): App\Models\CatalogueModel->getCatalogueWithItemAndSize('PT-CPE-155')
#6 D:\xampp\Mritunjay\project-tyriod-dashboard\backend\system\CodeIgniter.php(933): App\Controllers\Catalogue->getItemWithID()
#7 D:\xampp\Mritunjay\project-tyriod-dashboard\backend\system\CodeIgniter.php(507): CodeIgniter\CodeIgniter->runController(Object(App\Controllers\Catalogue))
#8 D:\xampp\Mritunjay\project-tyriod-dashboard\backend\system\CodeIgniter.php(354): CodeIgniter\CodeIgniter->handleRequest(NULL, Object(Config\Cache), false)
#9 D:\xampp\Mritunjay\project-tyriod-dashboard\backend\system\Boot.php(334): CodeIgniter\CodeIgniter->run()
#10 D:\xampp\Mritunjay\project-tyriod-dashboard\backend\system\Boot.php(67): CodeIgniter\Boot::runCodeIgniter(Object(CodeIgniter\CodeIgniter))
#11 D:\xampp\Mritunjay\project-tyriod-dashboard\backend\public\index.php(56): CodeIgniter\Boot::bootWeb(Object(Config\Paths))
#12 D:\xampp\Mritunjay\project-tyriod-dashboard\backend\system\rewrite.php(44): require_once('D:\\xampp\\Mritun...')
#13 {main}
CRITICAL - 2025-06-21 16:44:24 --> CodeIgniter\Database\Exceptions\DatabaseException: Unknown column 'catalogue.name' in 'field list'
[Method: POST, Route: api/catalogue/id]
in SYSTEMPATH\Database\BaseConnection.php on line 692.
 1 SYSTEMPATH\Database\BaseBuilder.php(1649): CodeIgniter\Database\BaseConnection->query('SELECT `catalogue`.`id`, `catalogue`.`name`, `catalogue`.`series_code`
FROM `catalogue`
WHERE `catalogue`.`id` = :catalogue.id:', [...], false)
 2 APPPATH\Models\CatalogueModel.php(40): CodeIgniter\Database\BaseBuilder->get()
 3 APPPATH\Controllers\Catalogue.php(54): App\Models\CatalogueModel->getCatalogueWithItemAndSize('PT-CPE-155')
 4 SYSTEMPATH\CodeIgniter.php(933): App\Controllers\Catalogue->getItemWithID()
 5 SYSTEMPATH\CodeIgniter.php(507): CodeIgniter\CodeIgniter->runController(Object(App\Controllers\Catalogue))
 6 SYSTEMPATH\CodeIgniter.php(354): CodeIgniter\CodeIgniter->handleRequest(null, Object(Config\Cache), false)
 7 SYSTEMPATH\Boot.php(334): CodeIgniter\CodeIgniter->run()
 8 SYSTEMPATH\Boot.php(67): CodeIgniter\Boot::runCodeIgniter(Object(CodeIgniter\CodeIgniter))
 9 FCPATH\index.php(56): CodeIgniter\Boot::bootWeb(Object(Config\Paths))
10 SYSTEMPATH\rewrite.php(44): require_once('D:\\xampp\\Mritunjay\\project-tyriod-dashboard\\backend\\public\\index.php')
CRITICAL - 2025-06-21 16:44:24 --> [Caused by] CodeIgniter\Database\Exceptions\DatabaseException: Unknown column 'catalogue.name' in 'field list'
in SYSTEMPATH\Database\MySQLi\Connection.php on line 332.
 1 SYSTEMPATH\Database\BaseConnection.php(738): CodeIgniter\Database\MySQLi\Connection->execute('SELECT `catalogue`.`id`, `catalogue`.`name`, `catalogue`.`series_code`
FROM `catalogue`
WHERE `catalogue`.`id` = \'PT-CPE-155\'')
 2 SYSTEMPATH\Database\BaseConnection.php(652): CodeIgniter\Database\BaseConnection->simpleQuery('SELECT `catalogue`.`id`, `catalogue`.`name`, `catalogue`.`series_code`
FROM `catalogue`
WHERE `catalogue`.`id` = \'PT-CPE-155\'')
 3 SYSTEMPATH\Database\BaseBuilder.php(1649): CodeIgniter\Database\BaseConnection->query('SELECT `catalogue`.`id`, `catalogue`.`name`, `catalogue`.`series_code`
FROM `catalogue`
WHERE `catalogue`.`id` = :catalogue.id:', [...], false)
 4 APPPATH\Models\CatalogueModel.php(40): CodeIgniter\Database\BaseBuilder->get()
 5 APPPATH\Controllers\Catalogue.php(54): App\Models\CatalogueModel->getCatalogueWithItemAndSize('PT-CPE-155')
 6 SYSTEMPATH\CodeIgniter.php(933): App\Controllers\Catalogue->getItemWithID()
 7 SYSTEMPATH\CodeIgniter.php(507): CodeIgniter\CodeIgniter->runController(Object(App\Controllers\Catalogue))
 8 SYSTEMPATH\CodeIgniter.php(354): CodeIgniter\CodeIgniter->handleRequest(null, Object(Config\Cache), false)
 9 SYSTEMPATH\Boot.php(334): CodeIgniter\CodeIgniter->run()
10 SYSTEMPATH\Boot.php(67): CodeIgniter\Boot::runCodeIgniter(Object(CodeIgniter\CodeIgniter))
11 FCPATH\index.php(56): CodeIgniter\Boot::bootWeb(Object(Config\Paths))
12 SYSTEMPATH\rewrite.php(44): require_once('D:\\xampp\\Mritunjay\\project-tyriod-dashboard\\backend\\public\\index.php')
CRITICAL - 2025-06-21 16:44:24 --> [Caused by] mysqli_sql_exception: Unknown column 'catalogue.name' in 'field list'
in SYSTEMPATH\Database\MySQLi\Connection.php on line 327.
 1 SYSTEMPATH\Database\MySQLi\Connection.php(327): mysqli->query('SELECT `catalogue`.`id`, `catalogue`.`name`, `catalogue`.`series_code`
FROM `catalogue`
WHERE `catalogue`.`id` = \'PT-CPE-155\'', 0)
 2 SYSTEMPATH\Database\BaseConnection.php(738): CodeIgniter\Database\MySQLi\Connection->execute('SELECT `catalogue`.`id`, `catalogue`.`name`, `catalogue`.`series_code`
FROM `catalogue`
WHERE `catalogue`.`id` = \'PT-CPE-155\'')
 3 SYSTEMPATH\Database\BaseConnection.php(652): CodeIgniter\Database\BaseConnection->simpleQuery('SELECT `catalogue`.`id`, `catalogue`.`name`, `catalogue`.`series_code`
FROM `catalogue`
WHERE `catalogue`.`id` = \'PT-CPE-155\'')
 4 SYSTEMPATH\Database\BaseBuilder.php(1649): CodeIgniter\Database\BaseConnection->query('SELECT `catalogue`.`id`, `catalogue`.`name`, `catalogue`.`series_code`
FROM `catalogue`
WHERE `catalogue`.`id` = :catalogue.id:', [...], false)
 5 APPPATH\Models\CatalogueModel.php(40): CodeIgniter\Database\BaseBuilder->get()
 6 APPPATH\Controllers\Catalogue.php(54): App\Models\CatalogueModel->getCatalogueWithItemAndSize('PT-CPE-155')
 7 SYSTEMPATH\CodeIgniter.php(933): App\Controllers\Catalogue->getItemWithID()
 8 SYSTEMPATH\CodeIgniter.php(507): CodeIgniter\CodeIgniter->runController(Object(App\Controllers\Catalogue))
 9 SYSTEMPATH\CodeIgniter.php(354): CodeIgniter\CodeIgniter->handleRequest(null, Object(Config\Cache), false)
10 SYSTEMPATH\Boot.php(334): CodeIgniter\CodeIgniter->run()
11 SYSTEMPATH\Boot.php(67): CodeIgniter\Boot::runCodeIgniter(Object(CodeIgniter\CodeIgniter))
12 FCPATH\index.php(56): CodeIgniter\Boot::bootWeb(Object(Config\Paths))
13 SYSTEMPATH\rewrite.php(44): require_once('D:\\xampp\\Mritunjay\\project-tyriod-dashboard\\backend\\public\\index.php')
CRITICAL - 2025-06-21 16:45:31 --> ErrorException: Undefined array key "name"
[Method: POST, Route: api/catalogue/id]
in APPPATH\Models\CatalogueModel.php on line 64.
 1 APPPATH\Models\CatalogueModel.php(64): CodeIgniter\Debug\Exceptions->errorHandler(2, 'Undefined array key "name"', 'D:\\xampp\\Mritunjay\\project-tyriod-dashboard\\backend\\app\\Models\\CatalogueModel.php', 64)
 2 APPPATH\Controllers\Catalogue.php(54): App\Models\CatalogueModel->getCatalogueWithItemAndSize('PT-CPE-155')
 3 SYSTEMPATH\CodeIgniter.php(933): App\Controllers\Catalogue->getItemWithID()
 4 SYSTEMPATH\CodeIgniter.php(507): CodeIgniter\CodeIgniter->runController(Object(App\Controllers\Catalogue))
 5 SYSTEMPATH\CodeIgniter.php(354): CodeIgniter\CodeIgniter->handleRequest(null, Object(Config\Cache), false)
 6 SYSTEMPATH\Boot.php(334): CodeIgniter\CodeIgniter->run()
 7 SYSTEMPATH\Boot.php(67): CodeIgniter\Boot::runCodeIgniter(Object(CodeIgniter\CodeIgniter))
 8 FCPATH\index.php(56): CodeIgniter\Boot::bootWeb(Object(Config\Paths))
 9 SYSTEMPATH\rewrite.php(44): require_once('D:\\xampp\\Mritunjay\\project-tyriod-dashboard\\backend\\public\\index.php')
CRITICAL - 2025-06-21 16:45:31 --> ErrorException: Undefined array key "name"
[Method: POST, Route: api/catalogue/id]
in APPPATH\Models\CatalogueModel.php on line 64.
 1 APPPATH\Models\CatalogueModel.php(64): CodeIgniter\Debug\Exceptions->errorHandler(2, 'Undefined array key "name"', 'D:\\xampp\\Mritunjay\\project-tyriod-dashboard\\backend\\app\\Models\\CatalogueModel.php', 64)
 2 APPPATH\Controllers\Catalogue.php(54): App\Models\CatalogueModel->getCatalogueWithItemAndSize('PT-CPE-155')
 3 SYSTEMPATH\CodeIgniter.php(933): App\Controllers\Catalogue->getItemWithID()
 4 SYSTEMPATH\CodeIgniter.php(507): CodeIgniter\CodeIgniter->runController(Object(App\Controllers\Catalogue))
 5 SYSTEMPATH\CodeIgniter.php(354): CodeIgniter\CodeIgniter->handleRequest(null, Object(Config\Cache), false)
 6 SYSTEMPATH\Boot.php(334): CodeIgniter\CodeIgniter->run()
 7 SYSTEMPATH\Boot.php(67): CodeIgniter\Boot::runCodeIgniter(Object(CodeIgniter\CodeIgniter))
 8 FCPATH\index.php(56): CodeIgniter\Boot::bootWeb(Object(Config\Paths))
 9 SYSTEMPATH\rewrite.php(44): require_once('D:\\xampp\\Mritunjay\\project-tyriod-dashboard\\backend\\public\\index.php')
WARNING - 2025-06-21 18:02:53 --> [DEPRECATED] Creation of dynamic property App\Controllers\Auth::$UserModel is deprecated in APPPATH\Controllers\Auth.php on line 12.
 1 SYSTEMPATH\CodeIgniter.php(903): App\Controllers\Auth->__construct()
 2 SYSTEMPATH\CodeIgniter.php(498): CodeIgniter\CodeIgniter->createController()
 3 SYSTEMPATH\CodeIgniter.php(354): CodeIgniter\CodeIgniter->handleRequest(null, Object(Config\Cache), false)
 4 SYSTEMPATH\Boot.php(334): CodeIgniter\CodeIgniter->run()
 5 SYSTEMPATH\Boot.php(67): CodeIgniter\Boot::runCodeIgniter(Object(CodeIgniter\CodeIgniter))
 6 FCPATH\index.php(56): CodeIgniter\Boot::bootWeb(Object(Config\Paths))
 7 SYSTEMPATH\rewrite.php(44): require_once('D:\\xampp\\Mritunjay\\project-tyriod-dashboard\\backend\\public\\index.php')
WARNING - 2025-06-21 19:16:06 --> [DEPRECATED] Creation of dynamic property App\Controllers\Auth::$UserModel is deprecated in APPPATH\Controllers\Auth.php on line 12.
 1 SYSTEMPATH\CodeIgniter.php(903): App\Controllers\Auth->__construct()
 2 SYSTEMPATH\CodeIgniter.php(498): CodeIgniter\CodeIgniter->createController()
 3 SYSTEMPATH\CodeIgniter.php(354): CodeIgniter\CodeIgniter->handleRequest(null, Object(Config\Cache), false)
 4 SYSTEMPATH\Boot.php(334): CodeIgniter\CodeIgniter->run()
 5 SYSTEMPATH\Boot.php(67): CodeIgniter\Boot::runCodeIgniter(Object(CodeIgniter\CodeIgniter))
 6 FCPATH\index.php(56): CodeIgniter\Boot::bootWeb(Object(Config\Paths))
 7 SYSTEMPATH\rewrite.php(44): require_once('D:\\xampp\\Mritunjay\\project-tyriod-dashboard\\backend\\public\\index.php')
CRITICAL - 2025-06-21 19:17:21 --> ErrorException: Undefined array key "colour"
[Method: PUT, Route: api/catalogue/PT-CPE-155]
in APPPATH\Controllers\Catalogue.php on line 224.
 1 APPPATH\Controllers\Catalogue.php(224): CodeIgniter\Debug\Exceptions->errorHandler(2, 'Undefined array key "colour"', 'D:\\xampp\\Mritunjay\\project-tyriod-dashboard\\backend\\app\\Controllers\\Catalogue.php', 224)
 2 APPPATH\Controllers\Catalogue.php(192): App\Controllers\Catalogue->updateItemData([...], [])
 3 APPPATH\Controllers\Catalogue.php(112): App\Controllers\Catalogue->processUpdateOps('PT-CPE-155', [...], [])
 4 SYSTEMPATH\CodeIgniter.php(933): App\Controllers\Catalogue->update('PT-CPE-155')
 5 SYSTEMPATH\CodeIgniter.php(507): CodeIgniter\CodeIgniter->runController(Object(App\Controllers\Catalogue))
 6 SYSTEMPATH\CodeIgniter.php(354): CodeIgniter\CodeIgniter->handleRequest(null, Object(Config\Cache), false)
 7 SYSTEMPATH\Boot.php(334): CodeIgniter\CodeIgniter->run()
 8 SYSTEMPATH\Boot.php(67): CodeIgniter\Boot::runCodeIgniter(Object(CodeIgniter\CodeIgniter))
 9 FCPATH\index.php(56): CodeIgniter\Boot::bootWeb(Object(Config\Paths))
10 SYSTEMPATH\rewrite.php(44): require_once('D:\\xampp\\Mritunjay\\project-tyriod-dashboard\\backend\\public\\index.php')
CRITICAL - 2025-06-21 19:20:47 --> ErrorException: Array to string conversion
[Method: PUT, Route: api/catalogue/PT-CPE-155]
in APPPATH\Controllers\Catalogue.php on line 269.
 1 APPPATH\Controllers\Catalogue.php(269): CodeIgniter\Debug\Exceptions->errorHandler(2, 'Array to string conversion', 'D:\\xampp\\Mritunjay\\project-tyriod-dashboard\\backend\\app\\Controllers\\Catalogue.php', 269)
 2 APPPATH\Controllers\Catalogue.php(224): App\Controllers\Catalogue->insertItemData('CPE-155', [...], [])
 3 APPPATH\Controllers\Catalogue.php(192): App\Controllers\Catalogue->updateItemData([...], [])
 4 APPPATH\Controllers\Catalogue.php(112): App\Controllers\Catalogue->processUpdateOps('PT-CPE-155', [...], [])
 5 SYSTEMPATH\CodeIgniter.php(933): App\Controllers\Catalogue->update('PT-CPE-155')
 6 SYSTEMPATH\CodeIgniter.php(507): CodeIgniter\CodeIgniter->runController(Object(App\Controllers\Catalogue))
 7 SYSTEMPATH\CodeIgniter.php(354): CodeIgniter\CodeIgniter->handleRequest(null, Object(Config\Cache), false)
 8 SYSTEMPATH\Boot.php(334): CodeIgniter\CodeIgniter->run()
 9 SYSTEMPATH\Boot.php(67): CodeIgniter\Boot::runCodeIgniter(Object(CodeIgniter\CodeIgniter))
10 FCPATH\index.php(56): CodeIgniter\Boot::bootWeb(Object(Config\Paths))
11 SYSTEMPATH\rewrite.php(44): require_once('D:\\xampp\\Mritunjay\\project-tyriod-dashboard\\backend\\public\\index.php')
DEBUG - 2025-06-21 19:57:18 --> Delete query: DELETE FROM `item`
WHERE `series_code` = 'CPE-155'
CRITICAL - 2025-06-21 19:57:18 --> CodeIgniter\Database\Exceptions\DatabaseException: Deletes are not allowed unless they contain a "where" or "like" clause.
[Method: PUT, Route: api/catalogue/PT-CPE-155]
in SYSTEMPATH\Database\BaseBuilder.php on line 2819.
 1 APPPATH\Models\ItemModel.php(40): CodeIgniter\Database\BaseBuilder->delete()
 2 APPPATH\Controllers\Catalogue.php(238): App\Models\ItemModel->deleteBySeriesCode('CPE-155')
 3 APPPATH\Controllers\Catalogue.php(207): App\Controllers\Catalogue->updateItemData([...], [...])
 4 APPPATH\Controllers\Catalogue.php(112): App\Controllers\Catalogue->processUpdateOps('PT-CPE-155', [...], [...])
 5 SYSTEMPATH\CodeIgniter.php(933): App\Controllers\Catalogue->update('PT-CPE-155')
 6 SYSTEMPATH\CodeIgniter.php(507): CodeIgniter\CodeIgniter->runController(Object(App\Controllers\Catalogue))
 7 SYSTEMPATH\CodeIgniter.php(354): CodeIgniter\CodeIgniter->handleRequest(null, Object(Config\Cache), false)
 8 SYSTEMPATH\Boot.php(334): CodeIgniter\CodeIgniter->run()
 9 SYSTEMPATH\Boot.php(67): CodeIgniter\Boot::runCodeIgniter(Object(CodeIgniter\CodeIgniter))
10 FCPATH\index.php(56): CodeIgniter\Boot::bootWeb(Object(Config\Paths))
11 SYSTEMPATH\rewrite.php(44): require_once('D:\\xampp\\Mritunjay\\project-tyriod-dashboard\\backend\\public\\index.php')
