CRITICAL - 2025-04-17 06:35:34 --> Error: Class "App\Controllers\User" not found
[Method: GET, Route: api/login]
in APPPATH\Controllers\Auth.php on line 20.
 1 SYSTEMPATH\CodeIgniter.php(933): App\Controllers\Auth->login()
 2 SYSTEMPATH\CodeIgniter.php(507): CodeIgniter\CodeIgniter->runController(Object(App\Controllers\Auth))
 3 SYSTEMPATH\CodeIgniter.php(354): CodeIgniter\CodeIgniter->handleRequest(null, Object(Config\Cache), false)
 4 SYSTEMPATH\Boot.php(334): CodeIgniter\CodeIgniter->run()
 5 SYSTEMPATH\Boot.php(67): CodeIgniter\Boot::runCodeIgniter(Object(CodeIgniter\CodeIgniter))
 6 FCPATH\index.php(56): CodeIgniter\Boot::bootWeb(Object(Config\Paths))
 7 SYSTEMPATH\rewrite.php(44): require_once('D:\\xampp\\Mritunjay\\project-tyriod-dashboard\\backend\\public\\index.php')
CRITICAL - 2025-04-17 08:08:54 --> Error: Class "App\Controllers\User" not found
[Method: GET, Route: api/login]
in APPPATH\Controllers\Auth.php on line 20.
 1 SYSTEMPATH\CodeIgniter.php(933): App\Controllers\Auth->login()
 2 SYSTEMPATH\CodeIgniter.php(507): CodeIgniter\CodeIgniter->runController(Object(App\Controllers\Auth))
 3 SYSTEMPATH\CodeIgniter.php(354): CodeIgniter\CodeIgniter->handleRequest(null, Object(Config\Cache), false)
 4 SYSTEMPATH\Boot.php(334): CodeIgniter\CodeIgniter->run()
 5 SYSTEMPATH\Boot.php(67): CodeIgniter\Boot::runCodeIgniter(Object(CodeIgniter\CodeIgniter))
 6 FCPATH\index.php(56): CodeIgniter\Boot::bootWeb(Object(Config\Paths))
 7 SYSTEMPATH\rewrite.php(44): require_once('D:\\xampp\\Mritunjay\\project-tyriod-dashboard\\backend\\public\\index.php')
CRITICAL - 2025-04-17 08:43:39 --> Error: Class "App\Controllers\User" not found
[Method: GET, Route: api/login]
in APPPATH\Controllers\Auth.php on line 20.
 1 SYSTEMPATH\CodeIgniter.php(933): App\Controllers\Auth->login()
 2 SYSTEMPATH\CodeIgniter.php(507): CodeIgniter\CodeIgniter->runController(Object(App\Controllers\Auth))
 3 SYSTEMPATH\CodeIgniter.php(354): CodeIgniter\CodeIgniter->handleRequest(null, Object(Config\Cache), false)
 4 SYSTEMPATH\Boot.php(334): CodeIgniter\CodeIgniter->run()
 5 SYSTEMPATH\Boot.php(67): CodeIgniter\Boot::runCodeIgniter(Object(CodeIgniter\CodeIgniter))
 6 FCPATH\index.php(56): CodeIgniter\Boot::bootWeb(Object(Config\Paths))
 7 SYSTEMPATH\rewrite.php(44): require_once('D:\\xampp\\Mritunjay\\project-tyriod-dashboard\\backend\\public\\index.php')
CRITICAL - 2025-04-17 08:44:08 --> Error: Class "App\Controllers\User" not found
[Method: GET, Route: api/login]
in APPPATH\Controllers\Auth.php on line 20.
 1 SYSTEMPATH\CodeIgniter.php(933): App\Controllers\Auth->login()
 2 SYSTEMPATH\CodeIgniter.php(507): CodeIgniter\CodeIgniter->runController(Object(App\Controllers\Auth))
 3 SYSTEMPATH\CodeIgniter.php(354): CodeIgniter\CodeIgniter->handleRequest(null, Object(Config\Cache), false)
 4 SYSTEMPATH\Boot.php(334): CodeIgniter\CodeIgniter->run()
 5 SYSTEMPATH\Boot.php(67): CodeIgniter\Boot::runCodeIgniter(Object(CodeIgniter\CodeIgniter))
 6 FCPATH\index.php(56): CodeIgniter\Boot::bootWeb(Object(Config\Paths))
 7 SYSTEMPATH\rewrite.php(44): require_once('D:\\xampp\\Mritunjay\\project-tyriod-dashboard\\backend\\public\\index.php')
CRITICAL - 2025-04-17 08:54:31 --> Error: Class "App\Controllers\User" not found
[Method: GET, Route: api/login]
in APPPATH\Controllers\Auth.php on line 20.
 1 SYSTEMPATH\CodeIgniter.php(933): App\Controllers\Auth->login()
 2 SYSTEMPATH\CodeIgniter.php(507): CodeIgniter\CodeIgniter->runController(Object(App\Controllers\Auth))
 3 SYSTEMPATH\CodeIgniter.php(354): CodeIgniter\CodeIgniter->handleRequest(null, Object(Config\Cache), false)
 4 SYSTEMPATH\Boot.php(334): CodeIgniter\CodeIgniter->run()
 5 SYSTEMPATH\Boot.php(67): CodeIgniter\Boot::runCodeIgniter(Object(CodeIgniter\CodeIgniter))
 6 FCPATH\index.php(56): CodeIgniter\Boot::bootWeb(Object(Config\Paths))
 7 SYSTEMPATH\rewrite.php(44): require_once('D:\\xampp\\Mritunjay\\project-tyriod-dashboard\\backend\\public\\index.php')
ERROR - 2025-04-17 09:02:01 --> mysqli_sql_exception: Table 'tyriod.users' doesn't exist in D:\xampp\Mritunjay\project-tyriod-dashboard\backend\system\Database\MySQLi\Connection.php:327
Stack trace:
#0 D:\xampp\Mritunjay\project-tyriod-dashboard\backend\system\Database\MySQLi\Connection.php(327): mysqli->query('SELECT *\nFROM `...', 0)
#1 D:\xampp\Mritunjay\project-tyriod-dashboard\backend\system\Database\BaseConnection.php(738): CodeIgniter\Database\MySQLi\Connection->execute('SELECT *\nFROM `...')
#2 D:\xampp\Mritunjay\project-tyriod-dashboard\backend\system\Database\BaseConnection.php(652): CodeIgniter\Database\BaseConnection->simpleQuery('SELECT *\nFROM `...')
#3 D:\xampp\Mritunjay\project-tyriod-dashboard\backend\system\Database\BaseBuilder.php(1649): CodeIgniter\Database\BaseConnection->query('SELECT *\nFROM `...', Array, false)
#4 D:\xampp\Mritunjay\project-tyriod-dashboard\backend\system\Model.php(330): CodeIgniter\Database\BaseBuilder->get()
#5 D:\xampp\Mritunjay\project-tyriod-dashboard\backend\system\BaseModel.php(713): CodeIgniter\Model->doFirst()
#6 D:\xampp\Mritunjay\project-tyriod-dashboard\backend\app\Models\UserModel.php(20): CodeIgniter\BaseModel->first()
#7 D:\xampp\Mritunjay\project-tyriod-dashboard\backend\app\Controllers\Auth.php(20): App\Models\UserModel::getUsingEmail(NULL)
#8 D:\xampp\Mritunjay\project-tyriod-dashboard\backend\system\CodeIgniter.php(933): App\Controllers\Auth->login()
#9 D:\xampp\Mritunjay\project-tyriod-dashboard\backend\system\CodeIgniter.php(507): CodeIgniter\CodeIgniter->runController(Object(App\Controllers\Auth))
#10 D:\xampp\Mritunjay\project-tyriod-dashboard\backend\system\CodeIgniter.php(354): CodeIgniter\CodeIgniter->handleRequest(NULL, Object(Config\Cache), false)
#11 D:\xampp\Mritunjay\project-tyriod-dashboard\backend\system\Boot.php(334): CodeIgniter\CodeIgniter->run()
#12 D:\xampp\Mritunjay\project-tyriod-dashboard\backend\system\Boot.php(67): CodeIgniter\Boot::runCodeIgniter(Object(CodeIgniter\CodeIgniter))
#13 D:\xampp\Mritunjay\project-tyriod-dashboard\backend\public\index.php(56): CodeIgniter\Boot::bootWeb(Object(Config\Paths))
#14 D:\xampp\Mritunjay\project-tyriod-dashboard\backend\system\rewrite.php(44): require_once('D:\\xampp\\Mritun...')
#15 {main}
CRITICAL - 2025-04-17 09:02:01 --> Error: Call to a member function getFirstRow() on bool
[Method: GET, Route: api/login]
in SYSTEMPATH\Model.php on line 330.
 1 SYSTEMPATH\BaseModel.php(713): CodeIgniter\Model->doFirst()
 2 APPPATH\Models\UserModel.php(20): CodeIgniter\BaseModel->first()
 3 APPPATH\Controllers\Auth.php(20): App\Models\UserModel::getUsingEmail(null)
 4 SYSTEMPATH\CodeIgniter.php(933): App\Controllers\Auth->login()
 5 SYSTEMPATH\CodeIgniter.php(507): CodeIgniter\CodeIgniter->runController(Object(App\Controllers\Auth))
 6 SYSTEMPATH\CodeIgniter.php(354): CodeIgniter\CodeIgniter->handleRequest(null, Object(Config\Cache), false)
 7 SYSTEMPATH\Boot.php(334): CodeIgniter\CodeIgniter->run()
 8 SYSTEMPATH\Boot.php(67): CodeIgniter\Boot::runCodeIgniter(Object(CodeIgniter\CodeIgniter))
 9 FCPATH\index.php(56): CodeIgniter\Boot::bootWeb(Object(Config\Paths))
10 SYSTEMPATH\rewrite.php(44): require_once('D:\\xampp\\Mritunjay\\project-tyriod-dashboard\\backend\\public\\index.php')
ERROR - 2025-04-17 09:02:02 --> mysqli_sql_exception: Table 'tyriod.users' doesn't exist in D:\xampp\Mritunjay\project-tyriod-dashboard\backend\system\Database\MySQLi\Connection.php:327
Stack trace:
#0 D:\xampp\Mritunjay\project-tyriod-dashboard\backend\system\Database\MySQLi\Connection.php(327): mysqli->query('SELECT *\nFROM `...', 0)
#1 D:\xampp\Mritunjay\project-tyriod-dashboard\backend\system\Database\BaseConnection.php(738): CodeIgniter\Database\MySQLi\Connection->execute('SELECT *\nFROM `...')
#2 D:\xampp\Mritunjay\project-tyriod-dashboard\backend\system\Database\BaseConnection.php(652): CodeIgniter\Database\BaseConnection->simpleQuery('SELECT *\nFROM `...')
#3 D:\xampp\Mritunjay\project-tyriod-dashboard\backend\system\Database\BaseBuilder.php(1649): CodeIgniter\Database\BaseConnection->query('SELECT *\nFROM `...', Array, false)
#4 D:\xampp\Mritunjay\project-tyriod-dashboard\backend\system\Model.php(330): CodeIgniter\Database\BaseBuilder->get()
#5 D:\xampp\Mritunjay\project-tyriod-dashboard\backend\system\BaseModel.php(713): CodeIgniter\Model->doFirst()
#6 D:\xampp\Mritunjay\project-tyriod-dashboard\backend\app\Models\UserModel.php(20): CodeIgniter\BaseModel->first()
#7 D:\xampp\Mritunjay\project-tyriod-dashboard\backend\app\Controllers\Auth.php(20): App\Models\UserModel::getUsingEmail(NULL)
#8 D:\xampp\Mritunjay\project-tyriod-dashboard\backend\system\CodeIgniter.php(933): App\Controllers\Auth->login()
#9 D:\xampp\Mritunjay\project-tyriod-dashboard\backend\system\CodeIgniter.php(507): CodeIgniter\CodeIgniter->runController(Object(App\Controllers\Auth))
#10 D:\xampp\Mritunjay\project-tyriod-dashboard\backend\system\CodeIgniter.php(354): CodeIgniter\CodeIgniter->handleRequest(NULL, Object(Config\Cache), false)
#11 D:\xampp\Mritunjay\project-tyriod-dashboard\backend\system\Boot.php(334): CodeIgniter\CodeIgniter->run()
#12 D:\xampp\Mritunjay\project-tyriod-dashboard\backend\system\Boot.php(67): CodeIgniter\Boot::runCodeIgniter(Object(CodeIgniter\CodeIgniter))
#13 D:\xampp\Mritunjay\project-tyriod-dashboard\backend\public\index.php(56): CodeIgniter\Boot::bootWeb(Object(Config\Paths))
#14 D:\xampp\Mritunjay\project-tyriod-dashboard\backend\system\rewrite.php(44): require_once('D:\\xampp\\Mritun...')
#15 {main}
CRITICAL - 2025-04-17 09:02:02 --> Error: Call to a member function getFirstRow() on bool
[Method: GET, Route: api/login]
in SYSTEMPATH\Model.php on line 330.
 1 SYSTEMPATH\BaseModel.php(713): CodeIgniter\Model->doFirst()
 2 APPPATH\Models\UserModel.php(20): CodeIgniter\BaseModel->first()
 3 APPPATH\Controllers\Auth.php(20): App\Models\UserModel::getUsingEmail(null)
 4 SYSTEMPATH\CodeIgniter.php(933): App\Controllers\Auth->login()
 5 SYSTEMPATH\CodeIgniter.php(507): CodeIgniter\CodeIgniter->runController(Object(App\Controllers\Auth))
 6 SYSTEMPATH\CodeIgniter.php(354): CodeIgniter\CodeIgniter->handleRequest(null, Object(Config\Cache), false)
 7 SYSTEMPATH\Boot.php(334): CodeIgniter\CodeIgniter->run()
 8 SYSTEMPATH\Boot.php(67): CodeIgniter\Boot::runCodeIgniter(Object(CodeIgniter\CodeIgniter))
 9 FCPATH\index.php(56): CodeIgniter\Boot::bootWeb(Object(Config\Paths))
10 SYSTEMPATH\rewrite.php(44): require_once('D:\\xampp\\Mritunjay\\project-tyriod-dashboard\\backend\\public\\index.php')
ERROR - 2025-04-17 09:02:50 --> mysqli_sql_exception: Table 'tyriod.users' doesn't exist in D:\xampp\Mritunjay\project-tyriod-dashboard\backend\system\Database\MySQLi\Connection.php:327
Stack trace:
#0 D:\xampp\Mritunjay\project-tyriod-dashboard\backend\system\Database\MySQLi\Connection.php(327): mysqli->query('SELECT *\nFROM `...', 0)
#1 D:\xampp\Mritunjay\project-tyriod-dashboard\backend\system\Database\BaseConnection.php(738): CodeIgniter\Database\MySQLi\Connection->execute('SELECT *\nFROM `...')
#2 D:\xampp\Mritunjay\project-tyriod-dashboard\backend\system\Database\BaseConnection.php(652): CodeIgniter\Database\BaseConnection->simpleQuery('SELECT *\nFROM `...')
#3 D:\xampp\Mritunjay\project-tyriod-dashboard\backend\system\Database\BaseBuilder.php(1649): CodeIgniter\Database\BaseConnection->query('SELECT *\nFROM `...', Array, false)
#4 D:\xampp\Mritunjay\project-tyriod-dashboard\backend\system\Model.php(330): CodeIgniter\Database\BaseBuilder->get()
#5 D:\xampp\Mritunjay\project-tyriod-dashboard\backend\system\BaseModel.php(713): CodeIgniter\Model->doFirst()
#6 D:\xampp\Mritunjay\project-tyriod-dashboard\backend\app\Models\UserModel.php(20): CodeIgniter\BaseModel->first()
#7 D:\xampp\Mritunjay\project-tyriod-dashboard\backend\app\Controllers\Auth.php(20): App\Models\UserModel::getUsingEmail(NULL)
#8 D:\xampp\Mritunjay\project-tyriod-dashboard\backend\system\CodeIgniter.php(933): App\Controllers\Auth->login()
#9 D:\xampp\Mritunjay\project-tyriod-dashboard\backend\system\CodeIgniter.php(507): CodeIgniter\CodeIgniter->runController(Object(App\Controllers\Auth))
#10 D:\xampp\Mritunjay\project-tyriod-dashboard\backend\system\CodeIgniter.php(354): CodeIgniter\CodeIgniter->handleRequest(NULL, Object(Config\Cache), false)
#11 D:\xampp\Mritunjay\project-tyriod-dashboard\backend\system\Boot.php(334): CodeIgniter\CodeIgniter->run()
#12 D:\xampp\Mritunjay\project-tyriod-dashboard\backend\system\Boot.php(67): CodeIgniter\Boot::runCodeIgniter(Object(CodeIgniter\CodeIgniter))
#13 D:\xampp\Mritunjay\project-tyriod-dashboard\backend\public\index.php(56): CodeIgniter\Boot::bootWeb(Object(Config\Paths))
#14 D:\xampp\Mritunjay\project-tyriod-dashboard\backend\system\rewrite.php(44): require_once('D:\\xampp\\Mritun...')
#15 {main}
CRITICAL - 2025-04-17 09:02:50 --> Error: Call to a member function getFirstRow() on bool
[Method: GET, Route: api/login]
in SYSTEMPATH\Model.php on line 330.
 1 SYSTEMPATH\BaseModel.php(713): CodeIgniter\Model->doFirst()
 2 APPPATH\Models\UserModel.php(20): CodeIgniter\BaseModel->first()
 3 APPPATH\Controllers\Auth.php(20): App\Models\UserModel::getUsingEmail(null)
 4 SYSTEMPATH\CodeIgniter.php(933): App\Controllers\Auth->login()
 5 SYSTEMPATH\CodeIgniter.php(507): CodeIgniter\CodeIgniter->runController(Object(App\Controllers\Auth))
 6 SYSTEMPATH\CodeIgniter.php(354): CodeIgniter\CodeIgniter->handleRequest(null, Object(Config\Cache), false)
 7 SYSTEMPATH\Boot.php(334): CodeIgniter\CodeIgniter->run()
 8 SYSTEMPATH\Boot.php(67): CodeIgniter\Boot::runCodeIgniter(Object(CodeIgniter\CodeIgniter))
 9 FCPATH\index.php(56): CodeIgniter\Boot::bootWeb(Object(Config\Paths))
10 SYSTEMPATH\rewrite.php(44): require_once('D:\\xampp\\Mritunjay\\project-tyriod-dashboard\\backend\\public\\index.php')
ERROR - 2025-04-17 09:03:36 --> mysqli_sql_exception: Table 'tyriod.users' doesn't exist in D:\xampp\Mritunjay\project-tyriod-dashboard\backend\system\Database\MySQLi\Connection.php:327
Stack trace:
#0 D:\xampp\Mritunjay\project-tyriod-dashboard\backend\system\Database\MySQLi\Connection.php(327): mysqli->query('SELECT *\nFROM `...', 0)
#1 D:\xampp\Mritunjay\project-tyriod-dashboard\backend\system\Database\BaseConnection.php(738): CodeIgniter\Database\MySQLi\Connection->execute('SELECT *\nFROM `...')
#2 D:\xampp\Mritunjay\project-tyriod-dashboard\backend\system\Database\BaseConnection.php(652): CodeIgniter\Database\BaseConnection->simpleQuery('SELECT *\nFROM `...')
#3 D:\xampp\Mritunjay\project-tyriod-dashboard\backend\system\Database\BaseBuilder.php(1649): CodeIgniter\Database\BaseConnection->query('SELECT *\nFROM `...', Array, false)
#4 D:\xampp\Mritunjay\project-tyriod-dashboard\backend\system\Model.php(330): CodeIgniter\Database\BaseBuilder->get()
#5 D:\xampp\Mritunjay\project-tyriod-dashboard\backend\system\BaseModel.php(713): CodeIgniter\Model->doFirst()
#6 D:\xampp\Mritunjay\project-tyriod-dashboard\backend\app\Models\UserModel.php(21): CodeIgniter\BaseModel->first()
#7 D:\xampp\Mritunjay\project-tyriod-dashboard\backend\app\Controllers\Auth.php(20): App\Models\UserModel::getUsingEmail(NULL)
#8 D:\xampp\Mritunjay\project-tyriod-dashboard\backend\system\CodeIgniter.php(933): App\Controllers\Auth->login()
#9 D:\xampp\Mritunjay\project-tyriod-dashboard\backend\system\CodeIgniter.php(507): CodeIgniter\CodeIgniter->runController(Object(App\Controllers\Auth))
#10 D:\xampp\Mritunjay\project-tyriod-dashboard\backend\system\CodeIgniter.php(354): CodeIgniter\CodeIgniter->handleRequest(NULL, Object(Config\Cache), false)
#11 D:\xampp\Mritunjay\project-tyriod-dashboard\backend\system\Boot.php(334): CodeIgniter\CodeIgniter->run()
#12 D:\xampp\Mritunjay\project-tyriod-dashboard\backend\system\Boot.php(67): CodeIgniter\Boot::runCodeIgniter(Object(CodeIgniter\CodeIgniter))
#13 D:\xampp\Mritunjay\project-tyriod-dashboard\backend\public\index.php(56): CodeIgniter\Boot::bootWeb(Object(Config\Paths))
#14 D:\xampp\Mritunjay\project-tyriod-dashboard\backend\system\rewrite.php(44): require_once('D:\\xampp\\Mritun...')
#15 {main}
CRITICAL - 2025-04-17 09:03:36 --> Error: Call to a member function getFirstRow() on bool
[Method: GET, Route: api/login]
in SYSTEMPATH\Model.php on line 330.
 1 SYSTEMPATH\BaseModel.php(713): CodeIgniter\Model->doFirst()
 2 APPPATH\Models\UserModel.php(21): CodeIgniter\BaseModel->first()
 3 APPPATH\Controllers\Auth.php(20): App\Models\UserModel::getUsingEmail(null)
 4 SYSTEMPATH\CodeIgniter.php(933): App\Controllers\Auth->login()
 5 SYSTEMPATH\CodeIgniter.php(507): CodeIgniter\CodeIgniter->runController(Object(App\Controllers\Auth))
 6 SYSTEMPATH\CodeIgniter.php(354): CodeIgniter\CodeIgniter->handleRequest(null, Object(Config\Cache), false)
 7 SYSTEMPATH\Boot.php(334): CodeIgniter\CodeIgniter->run()
 8 SYSTEMPATH\Boot.php(67): CodeIgniter\Boot::runCodeIgniter(Object(CodeIgniter\CodeIgniter))
 9 FCPATH\index.php(56): CodeIgniter\Boot::bootWeb(Object(Config\Paths))
10 SYSTEMPATH\rewrite.php(44): require_once('D:\\xampp\\Mritunjay\\project-tyriod-dashboard\\backend\\public\\index.php')
ERROR - 2025-04-17 09:04:29 --> mysqli_sql_exception: Table 'tyriod.users' doesn't exist in D:\xampp\Mritunjay\project-tyriod-dashboard\backend\system\Database\MySQLi\Connection.php:327
Stack trace:
#0 D:\xampp\Mritunjay\project-tyriod-dashboard\backend\system\Database\MySQLi\Connection.php(327): mysqli->query('SELECT *\nFROM `...', 0)
#1 D:\xampp\Mritunjay\project-tyriod-dashboard\backend\system\Database\BaseConnection.php(738): CodeIgniter\Database\MySQLi\Connection->execute('SELECT *\nFROM `...')
#2 D:\xampp\Mritunjay\project-tyriod-dashboard\backend\system\Database\BaseConnection.php(652): CodeIgniter\Database\BaseConnection->simpleQuery('SELECT *\nFROM `...')
#3 D:\xampp\Mritunjay\project-tyriod-dashboard\backend\system\Database\BaseBuilder.php(1649): CodeIgniter\Database\BaseConnection->query('SELECT *\nFROM `...', Array, false)
#4 D:\xampp\Mritunjay\project-tyriod-dashboard\backend\system\Model.php(330): CodeIgniter\Database\BaseBuilder->get()
#5 D:\xampp\Mritunjay\project-tyriod-dashboard\backend\system\BaseModel.php(713): CodeIgniter\Model->doFirst()
#6 D:\xampp\Mritunjay\project-tyriod-dashboard\backend\app\Models\UserModel.php(21): CodeIgniter\BaseModel->first()
#7 D:\xampp\Mritunjay\project-tyriod-dashboard\backend\app\Controllers\Auth.php(20): App\Models\UserModel::getUsingEmail(NULL)
#8 D:\xampp\Mritunjay\project-tyriod-dashboard\backend\system\CodeIgniter.php(933): App\Controllers\Auth->login()
#9 D:\xampp\Mritunjay\project-tyriod-dashboard\backend\system\CodeIgniter.php(507): CodeIgniter\CodeIgniter->runController(Object(App\Controllers\Auth))
#10 D:\xampp\Mritunjay\project-tyriod-dashboard\backend\system\CodeIgniter.php(354): CodeIgniter\CodeIgniter->handleRequest(NULL, Object(Config\Cache), false)
#11 D:\xampp\Mritunjay\project-tyriod-dashboard\backend\system\Boot.php(334): CodeIgniter\CodeIgniter->run()
#12 D:\xampp\Mritunjay\project-tyriod-dashboard\backend\system\Boot.php(67): CodeIgniter\Boot::runCodeIgniter(Object(CodeIgniter\CodeIgniter))
#13 D:\xampp\Mritunjay\project-tyriod-dashboard\backend\public\index.php(56): CodeIgniter\Boot::bootWeb(Object(Config\Paths))
#14 D:\xampp\Mritunjay\project-tyriod-dashboard\backend\system\rewrite.php(44): require_once('D:\\xampp\\Mritun...')
#15 {main}
CRITICAL - 2025-04-17 09:04:29 --> Error: Call to a member function getFirstRow() on bool
[Method: GET, Route: api/login]
in SYSTEMPATH\Model.php on line 330.
 1 SYSTEMPATH\BaseModel.php(713): CodeIgniter\Model->doFirst()
 2 APPPATH\Models\UserModel.php(21): CodeIgniter\BaseModel->first()
 3 APPPATH\Controllers\Auth.php(20): App\Models\UserModel::getUsingEmail(null)
 4 SYSTEMPATH\CodeIgniter.php(933): App\Controllers\Auth->login()
 5 SYSTEMPATH\CodeIgniter.php(507): CodeIgniter\CodeIgniter->runController(Object(App\Controllers\Auth))
 6 SYSTEMPATH\CodeIgniter.php(354): CodeIgniter\CodeIgniter->handleRequest(null, Object(Config\Cache), false)
 7 SYSTEMPATH\Boot.php(334): CodeIgniter\CodeIgniter->run()
 8 SYSTEMPATH\Boot.php(67): CodeIgniter\Boot::runCodeIgniter(Object(CodeIgniter\CodeIgniter))
 9 FCPATH\index.php(56): CodeIgniter\Boot::bootWeb(Object(Config\Paths))
10 SYSTEMPATH\rewrite.php(44): require_once('D:\\xampp\\Mritunjay\\project-tyriod-dashboard\\backend\\public\\index.php')
ERROR - 2025-04-17 09:04:31 --> mysqli_sql_exception: Table 'tyriod.users' doesn't exist in D:\xampp\Mritunjay\project-tyriod-dashboard\backend\system\Database\MySQLi\Connection.php:327
Stack trace:
#0 D:\xampp\Mritunjay\project-tyriod-dashboard\backend\system\Database\MySQLi\Connection.php(327): mysqli->query('SELECT *\nFROM `...', 0)
#1 D:\xampp\Mritunjay\project-tyriod-dashboard\backend\system\Database\BaseConnection.php(738): CodeIgniter\Database\MySQLi\Connection->execute('SELECT *\nFROM `...')
#2 D:\xampp\Mritunjay\project-tyriod-dashboard\backend\system\Database\BaseConnection.php(652): CodeIgniter\Database\BaseConnection->simpleQuery('SELECT *\nFROM `...')
#3 D:\xampp\Mritunjay\project-tyriod-dashboard\backend\system\Database\BaseBuilder.php(1649): CodeIgniter\Database\BaseConnection->query('SELECT *\nFROM `...', Array, false)
#4 D:\xampp\Mritunjay\project-tyriod-dashboard\backend\system\Model.php(330): CodeIgniter\Database\BaseBuilder->get()
#5 D:\xampp\Mritunjay\project-tyriod-dashboard\backend\system\BaseModel.php(713): CodeIgniter\Model->doFirst()
#6 D:\xampp\Mritunjay\project-tyriod-dashboard\backend\app\Models\UserModel.php(21): CodeIgniter\BaseModel->first()
#7 D:\xampp\Mritunjay\project-tyriod-dashboard\backend\app\Controllers\Auth.php(20): App\Models\UserModel::getUsingEmail(NULL)
#8 D:\xampp\Mritunjay\project-tyriod-dashboard\backend\system\CodeIgniter.php(933): App\Controllers\Auth->login()
#9 D:\xampp\Mritunjay\project-tyriod-dashboard\backend\system\CodeIgniter.php(507): CodeIgniter\CodeIgniter->runController(Object(App\Controllers\Auth))
#10 D:\xampp\Mritunjay\project-tyriod-dashboard\backend\system\CodeIgniter.php(354): CodeIgniter\CodeIgniter->handleRequest(NULL, Object(Config\Cache), false)
#11 D:\xampp\Mritunjay\project-tyriod-dashboard\backend\system\Boot.php(334): CodeIgniter\CodeIgniter->run()
#12 D:\xampp\Mritunjay\project-tyriod-dashboard\backend\system\Boot.php(67): CodeIgniter\Boot::runCodeIgniter(Object(CodeIgniter\CodeIgniter))
#13 D:\xampp\Mritunjay\project-tyriod-dashboard\backend\public\index.php(56): CodeIgniter\Boot::bootWeb(Object(Config\Paths))
#14 D:\xampp\Mritunjay\project-tyriod-dashboard\backend\system\rewrite.php(44): require_once('D:\\xampp\\Mritun...')
#15 {main}
CRITICAL - 2025-04-17 09:04:31 --> Error: Call to a member function getFirstRow() on bool
[Method: GET, Route: api/login]
in SYSTEMPATH\Model.php on line 330.
 1 SYSTEMPATH\BaseModel.php(713): CodeIgniter\Model->doFirst()
 2 APPPATH\Models\UserModel.php(21): CodeIgniter\BaseModel->first()
 3 APPPATH\Controllers\Auth.php(20): App\Models\UserModel::getUsingEmail(null)
 4 SYSTEMPATH\CodeIgniter.php(933): App\Controllers\Auth->login()
 5 SYSTEMPATH\CodeIgniter.php(507): CodeIgniter\CodeIgniter->runController(Object(App\Controllers\Auth))
 6 SYSTEMPATH\CodeIgniter.php(354): CodeIgniter\CodeIgniter->handleRequest(null, Object(Config\Cache), false)
 7 SYSTEMPATH\Boot.php(334): CodeIgniter\CodeIgniter->run()
 8 SYSTEMPATH\Boot.php(67): CodeIgniter\Boot::runCodeIgniter(Object(CodeIgniter\CodeIgniter))
 9 FCPATH\index.php(56): CodeIgniter\Boot::bootWeb(Object(Config\Paths))
10 SYSTEMPATH\rewrite.php(44): require_once('D:\\xampp\\Mritunjay\\project-tyriod-dashboard\\backend\\public\\index.php')
ERROR - 2025-04-17 09:04:32 --> mysqli_sql_exception: Table 'tyriod.users' doesn't exist in D:\xampp\Mritunjay\project-tyriod-dashboard\backend\system\Database\MySQLi\Connection.php:327
Stack trace:
#0 D:\xampp\Mritunjay\project-tyriod-dashboard\backend\system\Database\MySQLi\Connection.php(327): mysqli->query('SELECT *\nFROM `...', 0)
#1 D:\xampp\Mritunjay\project-tyriod-dashboard\backend\system\Database\BaseConnection.php(738): CodeIgniter\Database\MySQLi\Connection->execute('SELECT *\nFROM `...')
#2 D:\xampp\Mritunjay\project-tyriod-dashboard\backend\system\Database\BaseConnection.php(652): CodeIgniter\Database\BaseConnection->simpleQuery('SELECT *\nFROM `...')
#3 D:\xampp\Mritunjay\project-tyriod-dashboard\backend\system\Database\BaseBuilder.php(1649): CodeIgniter\Database\BaseConnection->query('SELECT *\nFROM `...', Array, false)
#4 D:\xampp\Mritunjay\project-tyriod-dashboard\backend\system\Model.php(330): CodeIgniter\Database\BaseBuilder->get()
#5 D:\xampp\Mritunjay\project-tyriod-dashboard\backend\system\BaseModel.php(713): CodeIgniter\Model->doFirst()
#6 D:\xampp\Mritunjay\project-tyriod-dashboard\backend\app\Models\UserModel.php(21): CodeIgniter\BaseModel->first()
#7 D:\xampp\Mritunjay\project-tyriod-dashboard\backend\app\Controllers\Auth.php(20): App\Models\UserModel::getUsingEmail(NULL)
#8 D:\xampp\Mritunjay\project-tyriod-dashboard\backend\system\CodeIgniter.php(933): App\Controllers\Auth->login()
#9 D:\xampp\Mritunjay\project-tyriod-dashboard\backend\system\CodeIgniter.php(507): CodeIgniter\CodeIgniter->runController(Object(App\Controllers\Auth))
#10 D:\xampp\Mritunjay\project-tyriod-dashboard\backend\system\CodeIgniter.php(354): CodeIgniter\CodeIgniter->handleRequest(NULL, Object(Config\Cache), false)
#11 D:\xampp\Mritunjay\project-tyriod-dashboard\backend\system\Boot.php(334): CodeIgniter\CodeIgniter->run()
#12 D:\xampp\Mritunjay\project-tyriod-dashboard\backend\system\Boot.php(67): CodeIgniter\Boot::runCodeIgniter(Object(CodeIgniter\CodeIgniter))
#13 D:\xampp\Mritunjay\project-tyriod-dashboard\backend\public\index.php(56): CodeIgniter\Boot::bootWeb(Object(Config\Paths))
#14 D:\xampp\Mritunjay\project-tyriod-dashboard\backend\system\rewrite.php(44): require_once('D:\\xampp\\Mritun...')
#15 {main}
CRITICAL - 2025-04-17 09:04:32 --> Error: Call to a member function getFirstRow() on bool
[Method: GET, Route: api/login]
in SYSTEMPATH\Model.php on line 330.
 1 SYSTEMPATH\BaseModel.php(713): CodeIgniter\Model->doFirst()
 2 APPPATH\Models\UserModel.php(21): CodeIgniter\BaseModel->first()
 3 APPPATH\Controllers\Auth.php(20): App\Models\UserModel::getUsingEmail(null)
 4 SYSTEMPATH\CodeIgniter.php(933): App\Controllers\Auth->login()
 5 SYSTEMPATH\CodeIgniter.php(507): CodeIgniter\CodeIgniter->runController(Object(App\Controllers\Auth))
 6 SYSTEMPATH\CodeIgniter.php(354): CodeIgniter\CodeIgniter->handleRequest(null, Object(Config\Cache), false)
 7 SYSTEMPATH\Boot.php(334): CodeIgniter\CodeIgniter->run()
 8 SYSTEMPATH\Boot.php(67): CodeIgniter\Boot::runCodeIgniter(Object(CodeIgniter\CodeIgniter))
 9 FCPATH\index.php(56): CodeIgniter\Boot::bootWeb(Object(Config\Paths))
10 SYSTEMPATH\rewrite.php(44): require_once('D:\\xampp\\Mritunjay\\project-tyriod-dashboard\\backend\\public\\index.php')
CRITICAL - 2025-04-17 09:07:29 --> Error: Non-static method App\Models\UserModel::getUsingEmail() cannot be called statically
[Method: GET, Route: api/login]
in APPPATH\Controllers\Auth.php on line 20.
 1 SYSTEMPATH\CodeIgniter.php(933): App\Controllers\Auth->login()
 2 SYSTEMPATH\CodeIgniter.php(507): CodeIgniter\CodeIgniter->runController(Object(App\Controllers\Auth))
 3 SYSTEMPATH\CodeIgniter.php(354): CodeIgniter\CodeIgniter->handleRequest(null, Object(Config\Cache), false)
 4 SYSTEMPATH\Boot.php(334): CodeIgniter\CodeIgniter->run()
 5 SYSTEMPATH\Boot.php(67): CodeIgniter\Boot::runCodeIgniter(Object(CodeIgniter\CodeIgniter))
 6 FCPATH\index.php(56): CodeIgniter\Boot::bootWeb(Object(Config\Paths))
 7 SYSTEMPATH\rewrite.php(44): require_once('D:\\xampp\\Mritunjay\\project-tyriod-dashboard\\backend\\public\\index.php')
ERROR - 2025-04-17 09:23:08 --> mysqli_sql_exception: Table 'tyriod.users' doesn't exist in D:\xampp\Mritunjay\project-tyriod-dashboard\backend\system\Database\MySQLi\Connection.php:327
Stack trace:
#0 D:\xampp\Mritunjay\project-tyriod-dashboard\backend\system\Database\MySQLi\Connection.php(327): mysqli->query('SELECT *\nFROM `...', 0)
#1 D:\xampp\Mritunjay\project-tyriod-dashboard\backend\system\Database\BaseConnection.php(738): CodeIgniter\Database\MySQLi\Connection->execute('SELECT *\nFROM `...')
#2 D:\xampp\Mritunjay\project-tyriod-dashboard\backend\system\Database\BaseConnection.php(652): CodeIgniter\Database\BaseConnection->simpleQuery('SELECT *\nFROM `...')
#3 D:\xampp\Mritunjay\project-tyriod-dashboard\backend\system\Database\BaseBuilder.php(1649): CodeIgniter\Database\BaseConnection->query('SELECT *\nFROM `...', Array, false)
#4 D:\xampp\Mritunjay\project-tyriod-dashboard\backend\system\Model.php(330): CodeIgniter\Database\BaseBuilder->get()
#5 D:\xampp\Mritunjay\project-tyriod-dashboard\backend\system\BaseModel.php(713): CodeIgniter\Model->doFirst()
#6 D:\xampp\Mritunjay\project-tyriod-dashboard\backend\app\Models\UserModel.php(18): CodeIgniter\BaseModel->first()
#7 D:\xampp\Mritunjay\project-tyriod-dashboard\backend\app\Controllers\Auth.php(25): App\Models\UserModel->getUsingEmail(NULL)
#8 D:\xampp\Mritunjay\project-tyriod-dashboard\backend\system\CodeIgniter.php(933): App\Controllers\Auth->login()
#9 D:\xampp\Mritunjay\project-tyriod-dashboard\backend\system\CodeIgniter.php(507): CodeIgniter\CodeIgniter->runController(Object(App\Controllers\Auth))
#10 D:\xampp\Mritunjay\project-tyriod-dashboard\backend\system\CodeIgniter.php(354): CodeIgniter\CodeIgniter->handleRequest(NULL, Object(Config\Cache), false)
#11 D:\xampp\Mritunjay\project-tyriod-dashboard\backend\system\Boot.php(334): CodeIgniter\CodeIgniter->run()
#12 D:\xampp\Mritunjay\project-tyriod-dashboard\backend\system\Boot.php(67): CodeIgniter\Boot::runCodeIgniter(Object(CodeIgniter\CodeIgniter))
#13 D:\xampp\Mritunjay\project-tyriod-dashboard\backend\public\index.php(56): CodeIgniter\Boot::bootWeb(Object(Config\Paths))
#14 D:\xampp\Mritunjay\project-tyriod-dashboard\backend\system\rewrite.php(44): require_once('D:\\xampp\\Mritun...')
#15 {main}
CRITICAL - 2025-04-17 09:23:08 --> Error: Call to a member function getFirstRow() on bool
[Method: GET, Route: api/login]
in SYSTEMPATH\Model.php on line 330.
 1 SYSTEMPATH\BaseModel.php(713): CodeIgniter\Model->doFirst()
 2 APPPATH\Models\UserModel.php(18): CodeIgniter\BaseModel->first()
 3 APPPATH\Controllers\Auth.php(25): App\Models\UserModel->getUsingEmail(null)
 4 SYSTEMPATH\CodeIgniter.php(933): App\Controllers\Auth->login()
 5 SYSTEMPATH\CodeIgniter.php(507): CodeIgniter\CodeIgniter->runController(Object(App\Controllers\Auth))
 6 SYSTEMPATH\CodeIgniter.php(354): CodeIgniter\CodeIgniter->handleRequest(null, Object(Config\Cache), false)
 7 SYSTEMPATH\Boot.php(334): CodeIgniter\CodeIgniter->run()
 8 SYSTEMPATH\Boot.php(67): CodeIgniter\Boot::runCodeIgniter(Object(CodeIgniter\CodeIgniter))
 9 FCPATH\index.php(56): CodeIgniter\Boot::bootWeb(Object(Config\Paths))
10 SYSTEMPATH\rewrite.php(44): require_once('D:\\xampp\\Mritunjay\\project-tyriod-dashboard\\backend\\public\\index.php')
ERROR - 2025-04-17 09:28:30 --> mysqli_sql_exception: Table 'tyriod.users' doesn't exist in D:\xampp\Mritunjay\project-tyriod-dashboard\backend\system\Database\MySQLi\Connection.php:327
Stack trace:
#0 D:\xampp\Mritunjay\project-tyriod-dashboard\backend\system\Database\MySQLi\Connection.php(327): mysqli->query('SELECT *\nFROM `...', 0)
#1 D:\xampp\Mritunjay\project-tyriod-dashboard\backend\system\Database\BaseConnection.php(738): CodeIgniter\Database\MySQLi\Connection->execute('SELECT *\nFROM `...')
#2 D:\xampp\Mritunjay\project-tyriod-dashboard\backend\system\Database\BaseConnection.php(652): CodeIgniter\Database\BaseConnection->simpleQuery('SELECT *\nFROM `...')
#3 D:\xampp\Mritunjay\project-tyriod-dashboard\backend\system\Database\BaseBuilder.php(1649): CodeIgniter\Database\BaseConnection->query('SELECT *\nFROM `...', Array, false)
#4 D:\xampp\Mritunjay\project-tyriod-dashboard\backend\system\Model.php(330): CodeIgniter\Database\BaseBuilder->get()
#5 D:\xampp\Mritunjay\project-tyriod-dashboard\backend\system\BaseModel.php(713): CodeIgniter\Model->doFirst()
#6 D:\xampp\Mritunjay\project-tyriod-dashboard\backend\app\Models\UserModel.php(18): CodeIgniter\BaseModel->first()
#7 D:\xampp\Mritunjay\project-tyriod-dashboard\backend\app\Controllers\Auth.php(24): App\Models\UserModel->getUsingEmail(NULL)
#8 D:\xampp\Mritunjay\project-tyriod-dashboard\backend\system\CodeIgniter.php(933): App\Controllers\Auth->login()
#9 D:\xampp\Mritunjay\project-tyriod-dashboard\backend\system\CodeIgniter.php(507): CodeIgniter\CodeIgniter->runController(Object(App\Controllers\Auth))
#10 D:\xampp\Mritunjay\project-tyriod-dashboard\backend\system\CodeIgniter.php(354): CodeIgniter\CodeIgniter->handleRequest(NULL, Object(Config\Cache), false)
#11 D:\xampp\Mritunjay\project-tyriod-dashboard\backend\system\Boot.php(334): CodeIgniter\CodeIgniter->run()
#12 D:\xampp\Mritunjay\project-tyriod-dashboard\backend\system\Boot.php(67): CodeIgniter\Boot::runCodeIgniter(Object(CodeIgniter\CodeIgniter))
#13 D:\xampp\Mritunjay\project-tyriod-dashboard\backend\public\index.php(56): CodeIgniter\Boot::bootWeb(Object(Config\Paths))
#14 D:\xampp\Mritunjay\project-tyriod-dashboard\backend\system\rewrite.php(44): require_once('D:\\xampp\\Mritun...')
#15 {main}
CRITICAL - 2025-04-17 09:28:30 --> Error: Call to a member function getFirstRow() on bool
[Method: GET, Route: api/login]
in SYSTEMPATH\Model.php on line 330.
 1 SYSTEMPATH\BaseModel.php(713): CodeIgniter\Model->doFirst()
 2 APPPATH\Models\UserModel.php(18): CodeIgniter\BaseModel->first()
 3 APPPATH\Controllers\Auth.php(24): App\Models\UserModel->getUsingEmail(null)
 4 SYSTEMPATH\CodeIgniter.php(933): App\Controllers\Auth->login()
 5 SYSTEMPATH\CodeIgniter.php(507): CodeIgniter\CodeIgniter->runController(Object(App\Controllers\Auth))
 6 SYSTEMPATH\CodeIgniter.php(354): CodeIgniter\CodeIgniter->handleRequest(null, Object(Config\Cache), false)
 7 SYSTEMPATH\Boot.php(334): CodeIgniter\CodeIgniter->run()
 8 SYSTEMPATH\Boot.php(67): CodeIgniter\Boot::runCodeIgniter(Object(CodeIgniter\CodeIgniter))
 9 FCPATH\index.php(56): CodeIgniter\Boot::bootWeb(Object(Config\Paths))
10 SYSTEMPATH\rewrite.php(44): require_once('D:\\xampp\\Mritunjay\\project-tyriod-dashboard\\backend\\public\\index.php')
ERROR - 2025-04-17 09:30:16 --> mysqli_sql_exception: Table 'tyriod.users' doesn't exist in D:\xampp\Mritunjay\project-tyriod-dashboard\backend\system\Database\MySQLi\Connection.php:327
Stack trace:
#0 D:\xampp\Mritunjay\project-tyriod-dashboard\backend\system\Database\MySQLi\Connection.php(327): mysqli->query('SELECT *\nFROM `...', 0)
#1 D:\xampp\Mritunjay\project-tyriod-dashboard\backend\system\Database\BaseConnection.php(738): CodeIgniter\Database\MySQLi\Connection->execute('SELECT *\nFROM `...')
#2 D:\xampp\Mritunjay\project-tyriod-dashboard\backend\system\Database\BaseConnection.php(652): CodeIgniter\Database\BaseConnection->simpleQuery('SELECT *\nFROM `...')
#3 D:\xampp\Mritunjay\project-tyriod-dashboard\backend\system\Database\BaseBuilder.php(1649): CodeIgniter\Database\BaseConnection->query('SELECT *\nFROM `...', Array, false)
#4 D:\xampp\Mritunjay\project-tyriod-dashboard\backend\system\Model.php(330): CodeIgniter\Database\BaseBuilder->get()
#5 D:\xampp\Mritunjay\project-tyriod-dashboard\backend\system\BaseModel.php(713): CodeIgniter\Model->doFirst()
#6 D:\xampp\Mritunjay\project-tyriod-dashboard\backend\app\Models\UserModel.php(19): CodeIgniter\BaseModel->first()
#7 D:\xampp\Mritunjay\project-tyriod-dashboard\backend\app\Controllers\Auth.php(24): App\Models\UserModel->getUsingEmail(NULL)
#8 D:\xampp\Mritunjay\project-tyriod-dashboard\backend\system\CodeIgniter.php(933): App\Controllers\Auth->login()
#9 D:\xampp\Mritunjay\project-tyriod-dashboard\backend\system\CodeIgniter.php(507): CodeIgniter\CodeIgniter->runController(Object(App\Controllers\Auth))
#10 D:\xampp\Mritunjay\project-tyriod-dashboard\backend\system\CodeIgniter.php(354): CodeIgniter\CodeIgniter->handleRequest(NULL, Object(Config\Cache), false)
#11 D:\xampp\Mritunjay\project-tyriod-dashboard\backend\system\Boot.php(334): CodeIgniter\CodeIgniter->run()
#12 D:\xampp\Mritunjay\project-tyriod-dashboard\backend\system\Boot.php(67): CodeIgniter\Boot::runCodeIgniter(Object(CodeIgniter\CodeIgniter))
#13 D:\xampp\Mritunjay\project-tyriod-dashboard\backend\public\index.php(56): CodeIgniter\Boot::bootWeb(Object(Config\Paths))
#14 D:\xampp\Mritunjay\project-tyriod-dashboard\backend\system\rewrite.php(44): require_once('D:\\xampp\\Mritun...')
#15 {main}
CRITICAL - 2025-04-17 09:30:16 --> Error: Call to a member function getFirstRow() on bool
[Method: GET, Route: api/login]
in SYSTEMPATH\Model.php on line 330.
 1 SYSTEMPATH\BaseModel.php(713): CodeIgniter\Model->doFirst()
 2 APPPATH\Models\UserModel.php(19): CodeIgniter\BaseModel->first()
 3 APPPATH\Controllers\Auth.php(24): App\Models\UserModel->getUsingEmail(null)
 4 SYSTEMPATH\CodeIgniter.php(933): App\Controllers\Auth->login()
 5 SYSTEMPATH\CodeIgniter.php(507): CodeIgniter\CodeIgniter->runController(Object(App\Controllers\Auth))
 6 SYSTEMPATH\CodeIgniter.php(354): CodeIgniter\CodeIgniter->handleRequest(null, Object(Config\Cache), false)
 7 SYSTEMPATH\Boot.php(334): CodeIgniter\CodeIgniter->run()
 8 SYSTEMPATH\Boot.php(67): CodeIgniter\Boot::runCodeIgniter(Object(CodeIgniter\CodeIgniter))
 9 FCPATH\index.php(56): CodeIgniter\Boot::bootWeb(Object(Config\Paths))
10 SYSTEMPATH\rewrite.php(44): require_once('D:\\xampp\\Mritunjay\\project-tyriod-dashboard\\backend\\public\\index.php')
ERROR - 2025-04-17 09:39:03 --> mysqli_sql_exception: Table 'tyriod.users' doesn't exist in D:\xampp\Mritunjay\project-tyriod-dashboard\backend\system\Database\MySQLi\Connection.php:327
Stack trace:
#0 D:\xampp\Mritunjay\project-tyriod-dashboard\backend\system\Database\MySQLi\Connection.php(327): mysqli->query('SELECT *\nFROM `...', 0)
#1 D:\xampp\Mritunjay\project-tyriod-dashboard\backend\system\Database\BaseConnection.php(738): CodeIgniter\Database\MySQLi\Connection->execute('SELECT *\nFROM `...')
#2 D:\xampp\Mritunjay\project-tyriod-dashboard\backend\system\Database\BaseConnection.php(652): CodeIgniter\Database\BaseConnection->simpleQuery('SELECT *\nFROM `...')
#3 D:\xampp\Mritunjay\project-tyriod-dashboard\backend\system\Database\BaseBuilder.php(1649): CodeIgniter\Database\BaseConnection->query('SELECT *\nFROM `...', Array, false)
#4 D:\xampp\Mritunjay\project-tyriod-dashboard\backend\system\Model.php(330): CodeIgniter\Database\BaseBuilder->get()
#5 D:\xampp\Mritunjay\project-tyriod-dashboard\backend\system\BaseModel.php(713): CodeIgniter\Model->doFirst()
#6 D:\xampp\Mritunjay\project-tyriod-dashboard\backend\app\Models\UserModel.php(19): CodeIgniter\BaseModel->first()
#7 D:\xampp\Mritunjay\project-tyriod-dashboard\backend\app\Controllers\Auth.php(24): App\Models\UserModel->getUsingEmail(NULL)
#8 D:\xampp\Mritunjay\project-tyriod-dashboard\backend\system\CodeIgniter.php(933): App\Controllers\Auth->login()
#9 D:\xampp\Mritunjay\project-tyriod-dashboard\backend\system\CodeIgniter.php(507): CodeIgniter\CodeIgniter->runController(Object(App\Controllers\Auth))
#10 D:\xampp\Mritunjay\project-tyriod-dashboard\backend\system\CodeIgniter.php(354): CodeIgniter\CodeIgniter->handleRequest(NULL, Object(Config\Cache), false)
#11 D:\xampp\Mritunjay\project-tyriod-dashboard\backend\system\Boot.php(334): CodeIgniter\CodeIgniter->run()
#12 D:\xampp\Mritunjay\project-tyriod-dashboard\backend\system\Boot.php(67): CodeIgniter\Boot::runCodeIgniter(Object(CodeIgniter\CodeIgniter))
#13 D:\xampp\Mritunjay\project-tyriod-dashboard\backend\public\index.php(56): CodeIgniter\Boot::bootWeb(Object(Config\Paths))
#14 D:\xampp\Mritunjay\project-tyriod-dashboard\backend\system\rewrite.php(44): require_once('D:\\xampp\\Mritun...')
#15 {main}
CRITICAL - 2025-04-17 09:39:03 --> Error: Call to a member function getFirstRow() on bool
[Method: GET, Route: api/login]
in SYSTEMPATH\Model.php on line 330.
 1 SYSTEMPATH\BaseModel.php(713): CodeIgniter\Model->doFirst()
 2 APPPATH\Models\UserModel.php(19): CodeIgniter\BaseModel->first()
 3 APPPATH\Controllers\Auth.php(24): App\Models\UserModel->getUsingEmail(null)
 4 SYSTEMPATH\CodeIgniter.php(933): App\Controllers\Auth->login()
 5 SYSTEMPATH\CodeIgniter.php(507): CodeIgniter\CodeIgniter->runController(Object(App\Controllers\Auth))
 6 SYSTEMPATH\CodeIgniter.php(354): CodeIgniter\CodeIgniter->handleRequest(null, Object(Config\Cache), false)
 7 SYSTEMPATH\Boot.php(334): CodeIgniter\CodeIgniter->run()
 8 SYSTEMPATH\Boot.php(67): CodeIgniter\Boot::runCodeIgniter(Object(CodeIgniter\CodeIgniter))
 9 FCPATH\index.php(56): CodeIgniter\Boot::bootWeb(Object(Config\Paths))
10 SYSTEMPATH\rewrite.php(44): require_once('D:\\xampp\\Mritunjay\\project-tyriod-dashboard\\backend\\public\\index.php')
ERROR - 2025-04-17 09:39:12 --> mysqli_sql_exception: Table 'tyriod.users' doesn't exist in D:\xampp\Mritunjay\project-tyriod-dashboard\backend\system\Database\MySQLi\Connection.php:327
Stack trace:
#0 D:\xampp\Mritunjay\project-tyriod-dashboard\backend\system\Database\MySQLi\Connection.php(327): mysqli->query('SELECT *\nFROM `...', 0)
#1 D:\xampp\Mritunjay\project-tyriod-dashboard\backend\system\Database\BaseConnection.php(738): CodeIgniter\Database\MySQLi\Connection->execute('SELECT *\nFROM `...')
#2 D:\xampp\Mritunjay\project-tyriod-dashboard\backend\system\Database\BaseConnection.php(652): CodeIgniter\Database\BaseConnection->simpleQuery('SELECT *\nFROM `...')
#3 D:\xampp\Mritunjay\project-tyriod-dashboard\backend\system\Database\BaseBuilder.php(1649): CodeIgniter\Database\BaseConnection->query('SELECT *\nFROM `...', Array, false)
#4 D:\xampp\Mritunjay\project-tyriod-dashboard\backend\system\Model.php(330): CodeIgniter\Database\BaseBuilder->get()
#5 D:\xampp\Mritunjay\project-tyriod-dashboard\backend\system\BaseModel.php(713): CodeIgniter\Model->doFirst()
#6 D:\xampp\Mritunjay\project-tyriod-dashboard\backend\app\Models\UserModel.php(19): CodeIgniter\BaseModel->first()
#7 D:\xampp\Mritunjay\project-tyriod-dashboard\backend\app\Controllers\Auth.php(24): App\Models\UserModel->getUsingEmail(NULL)
#8 D:\xampp\Mritunjay\project-tyriod-dashboard\backend\system\CodeIgniter.php(933): App\Controllers\Auth->login()
#9 D:\xampp\Mritunjay\project-tyriod-dashboard\backend\system\CodeIgniter.php(507): CodeIgniter\CodeIgniter->runController(Object(App\Controllers\Auth))
#10 D:\xampp\Mritunjay\project-tyriod-dashboard\backend\system\CodeIgniter.php(354): CodeIgniter\CodeIgniter->handleRequest(NULL, Object(Config\Cache), false)
#11 D:\xampp\Mritunjay\project-tyriod-dashboard\backend\system\Boot.php(334): CodeIgniter\CodeIgniter->run()
#12 D:\xampp\Mritunjay\project-tyriod-dashboard\backend\system\Boot.php(67): CodeIgniter\Boot::runCodeIgniter(Object(CodeIgniter\CodeIgniter))
#13 D:\xampp\Mritunjay\project-tyriod-dashboard\backend\public\index.php(56): CodeIgniter\Boot::bootWeb(Object(Config\Paths))
#14 D:\xampp\Mritunjay\project-tyriod-dashboard\backend\system\rewrite.php(44): require_once('D:\\xampp\\Mritun...')
#15 {main}
CRITICAL - 2025-04-17 09:39:12 --> Error: Call to a member function getFirstRow() on bool
[Method: GET, Route: api/login]
in SYSTEMPATH\Model.php on line 330.
 1 SYSTEMPATH\BaseModel.php(713): CodeIgniter\Model->doFirst()
 2 APPPATH\Models\UserModel.php(19): CodeIgniter\BaseModel->first()
 3 APPPATH\Controllers\Auth.php(24): App\Models\UserModel->getUsingEmail(null)
 4 SYSTEMPATH\CodeIgniter.php(933): App\Controllers\Auth->login()
 5 SYSTEMPATH\CodeIgniter.php(507): CodeIgniter\CodeIgniter->runController(Object(App\Controllers\Auth))
 6 SYSTEMPATH\CodeIgniter.php(354): CodeIgniter\CodeIgniter->handleRequest(null, Object(Config\Cache), false)
 7 SYSTEMPATH\Boot.php(334): CodeIgniter\CodeIgniter->run()
 8 SYSTEMPATH\Boot.php(67): CodeIgniter\Boot::runCodeIgniter(Object(CodeIgniter\CodeIgniter))
 9 FCPATH\index.php(56): CodeIgniter\Boot::bootWeb(Object(Config\Paths))
10 SYSTEMPATH\rewrite.php(44): require_once('D:\\xampp\\Mritunjay\\project-tyriod-dashboard\\backend\\public\\index.php')
ERROR - 2025-04-17 09:40:03 --> mysqli_sql_exception: Table 'tyriod.users' doesn't exist in D:\xampp\Mritunjay\project-tyriod-dashboard\backend\system\Database\MySQLi\Connection.php:327
Stack trace:
#0 D:\xampp\Mritunjay\project-tyriod-dashboard\backend\system\Database\MySQLi\Connection.php(327): mysqli->query('SELECT *\nFROM `...', 0)
#1 D:\xampp\Mritunjay\project-tyriod-dashboard\backend\system\Database\BaseConnection.php(738): CodeIgniter\Database\MySQLi\Connection->execute('SELECT *\nFROM `...')
#2 D:\xampp\Mritunjay\project-tyriod-dashboard\backend\system\Database\BaseConnection.php(652): CodeIgniter\Database\BaseConnection->simpleQuery('SELECT *\nFROM `...')
#3 D:\xampp\Mritunjay\project-tyriod-dashboard\backend\system\Database\BaseBuilder.php(1649): CodeIgniter\Database\BaseConnection->query('SELECT *\nFROM `...', Array, false)
#4 D:\xampp\Mritunjay\project-tyriod-dashboard\backend\system\Model.php(330): CodeIgniter\Database\BaseBuilder->get()
#5 D:\xampp\Mritunjay\project-tyriod-dashboard\backend\system\BaseModel.php(713): CodeIgniter\Model->doFirst()
#6 D:\xampp\Mritunjay\project-tyriod-dashboard\backend\app\Models\UserModel.php(19): CodeIgniter\BaseModel->first()
#7 D:\xampp\Mritunjay\project-tyriod-dashboard\backend\app\Controllers\Auth.php(26): App\Models\UserModel->getUsingEmail(NULL)
#8 D:\xampp\Mritunjay\project-tyriod-dashboard\backend\system\CodeIgniter.php(933): App\Controllers\Auth->login()
#9 D:\xampp\Mritunjay\project-tyriod-dashboard\backend\system\CodeIgniter.php(507): CodeIgniter\CodeIgniter->runController(Object(App\Controllers\Auth))
#10 D:\xampp\Mritunjay\project-tyriod-dashboard\backend\system\CodeIgniter.php(354): CodeIgniter\CodeIgniter->handleRequest(NULL, Object(Config\Cache), false)
#11 D:\xampp\Mritunjay\project-tyriod-dashboard\backend\system\Boot.php(334): CodeIgniter\CodeIgniter->run()
#12 D:\xampp\Mritunjay\project-tyriod-dashboard\backend\system\Boot.php(67): CodeIgniter\Boot::runCodeIgniter(Object(CodeIgniter\CodeIgniter))
#13 D:\xampp\Mritunjay\project-tyriod-dashboard\backend\public\index.php(56): CodeIgniter\Boot::bootWeb(Object(Config\Paths))
#14 D:\xampp\Mritunjay\project-tyriod-dashboard\backend\system\rewrite.php(44): require_once('D:\\xampp\\Mritun...')
#15 {main}
CRITICAL - 2025-04-17 09:40:03 --> Error: Call to a member function getFirstRow() on bool
[Method: GET, Route: api/login]
in SYSTEMPATH\Model.php on line 330.
 1 SYSTEMPATH\BaseModel.php(713): CodeIgniter\Model->doFirst()
 2 APPPATH\Models\UserModel.php(19): CodeIgniter\BaseModel->first()
 3 APPPATH\Controllers\Auth.php(26): App\Models\UserModel->getUsingEmail(null)
 4 SYSTEMPATH\CodeIgniter.php(933): App\Controllers\Auth->login()
 5 SYSTEMPATH\CodeIgniter.php(507): CodeIgniter\CodeIgniter->runController(Object(App\Controllers\Auth))
 6 SYSTEMPATH\CodeIgniter.php(354): CodeIgniter\CodeIgniter->handleRequest(null, Object(Config\Cache), false)
 7 SYSTEMPATH\Boot.php(334): CodeIgniter\CodeIgniter->run()
 8 SYSTEMPATH\Boot.php(67): CodeIgniter\Boot::runCodeIgniter(Object(CodeIgniter\CodeIgniter))
 9 FCPATH\index.php(56): CodeIgniter\Boot::bootWeb(Object(Config\Paths))
10 SYSTEMPATH\rewrite.php(44): require_once('D:\\xampp\\Mritunjay\\project-tyriod-dashboard\\backend\\public\\index.php')
CRITICAL - 2025-04-17 09:54:48 --> ArgumentCountError: Too few arguments to function App\Models\UserModel::getUsingEmail(), 0 passed in D:\xampp\Mritunjay\project-tyriod-dashboard\backend\app\Controllers\Auth.php on line 24 and exactly 1 expected
[Method: GET, Route: api/login]
in APPPATH\Models\UserModel.php on line 17.
 1 APPPATH\Controllers\Auth.php(24): App\Models\UserModel->getUsingEmail()
 2 SYSTEMPATH\CodeIgniter.php(933): App\Controllers\Auth->login()
 3 SYSTEMPATH\CodeIgniter.php(507): CodeIgniter\CodeIgniter->runController(Object(App\Controllers\Auth))
 4 SYSTEMPATH\CodeIgniter.php(354): CodeIgniter\CodeIgniter->handleRequest(null, Object(Config\Cache), false)
 5 SYSTEMPATH\Boot.php(334): CodeIgniter\CodeIgniter->run()
 6 SYSTEMPATH\Boot.php(67): CodeIgniter\Boot::runCodeIgniter(Object(CodeIgniter\CodeIgniter))
 7 FCPATH\index.php(56): CodeIgniter\Boot::bootWeb(Object(Config\Paths))
 8 SYSTEMPATH\rewrite.php(44): require_once('D:\\xampp\\Mritunjay\\project-tyriod-dashboard\\backend\\public\\index.php')
CRITICAL - 2025-04-17 09:55:30 --> ArgumentCountError: Too few arguments to function App\Models\UserModel::getUsingEmail(), 0 passed in D:\xampp\Mritunjay\project-tyriod-dashboard\backend\app\Controllers\Auth.php on line 26 and exactly 1 expected
[Method: GET, Route: api/login]
in APPPATH\Models\UserModel.php on line 17.
 1 APPPATH\Controllers\Auth.php(26): App\Models\UserModel->getUsingEmail()
 2 SYSTEMPATH\CodeIgniter.php(933): App\Controllers\Auth->login()
 3 SYSTEMPATH\CodeIgniter.php(507): CodeIgniter\CodeIgniter->runController(Object(App\Controllers\Auth))
 4 SYSTEMPATH\CodeIgniter.php(354): CodeIgniter\CodeIgniter->handleRequest(null, Object(Config\Cache), false)
 5 SYSTEMPATH\Boot.php(334): CodeIgniter\CodeIgniter->run()
 6 SYSTEMPATH\Boot.php(67): CodeIgniter\Boot::runCodeIgniter(Object(CodeIgniter\CodeIgniter))
 7 FCPATH\index.php(56): CodeIgniter\Boot::bootWeb(Object(Config\Paths))
 8 SYSTEMPATH\rewrite.php(44): require_once('D:\\xampp\\Mritunjay\\project-tyriod-dashboard\\backend\\public\\index.php')
