CRITICAL - 2025-04-25 10:03:54 --> Error: Class "App\Models\CatalogueModel" not found
[Method: POST, Route: api/catalogue]
in APPPATH\Controllers\Catalogue.php on line 11.
 1 SYSTEMPATH\CodeIgniter.php(903): App\Controllers\Catalogue->__construct()
 2 SYSTEMPATH\CodeIgniter.php(498): CodeIgniter\CodeIgniter->createController()
 3 SYSTEMPATH\CodeIgniter.php(354): CodeIgniter\CodeIgniter->handleRequest(null, Object(Config\Cache), false)
 4 SYSTEMPATH\Boot.php(334): CodeIgniter\CodeIgniter->run()
 5 SYSTEMPATH\Boot.php(67): CodeIgniter\Boot::runCodeIgniter(Object(CodeIgniter\CodeIgniter))
 6 FCPATH\index.php(56): CodeIgniter\Boot::bootWeb(Object(Config\Paths))
 7 SYSTEMPATH\rewrite.php(44): require_once('D:\\xampp\\Mritunjay\\project-tyriod-dashboard\\backend\\public\\index.php')
WARNING - 2025-04-25 10:04:34 --> [DEPRECATED] Creation of dynamic property App\Controllers\Catalogue::$catalogueModel is deprecated in APPPATH\Controllers\Catalogue.php on line 11.
 1 SYSTEMPATH\CodeIgniter.php(903): App\Controllers\Catalogue->__construct()
 2 SYSTEMPATH\CodeIgniter.php(498): CodeIgniter\CodeIgniter->createController()
 3 SYSTEMPATH\CodeIgniter.php(354): CodeIgniter\CodeIgniter->handleRequest(null, Object(Config\Cache), false)
 4 SYSTEMPATH\Boot.php(334): CodeIgniter\CodeIgniter->run()
 5 SYSTEMPATH\Boot.php(67): CodeIgniter\Boot::runCodeIgniter(Object(CodeIgniter\CodeIgniter))
 6 FCPATH\index.php(56): CodeIgniter\Boot::bootWeb(Object(Config\Paths))
 7 SYSTEMPATH\rewrite.php(44): require_once('D:\\xampp\\Mritunjay\\project-tyriod-dashboard\\backend\\public\\index.php')
WARNING - 2025-04-25 10:14:29 --> [DEPRECATED] Creation of dynamic property App\Controllers\Catalogue::$catalogueModel is deprecated in APPPATH\Controllers\Catalogue.php on line 11.
 1 SYSTEMPATH\CodeIgniter.php(903): App\Controllers\Catalogue->__construct()
 2 SYSTEMPATH\CodeIgniter.php(498): CodeIgniter\CodeIgniter->createController()
 3 SYSTEMPATH\CodeIgniter.php(354): CodeIgniter\CodeIgniter->handleRequest(null, Object(Config\Cache), false)
 4 SYSTEMPATH\Boot.php(334): CodeIgniter\CodeIgniter->run()
 5 SYSTEMPATH\Boot.php(67): CodeIgniter\Boot::runCodeIgniter(Object(CodeIgniter\CodeIgniter))
 6 FCPATH\index.php(56): CodeIgniter\Boot::bootWeb(Object(Config\Paths))
 7 SYSTEMPATH\rewrite.php(44): require_once('D:\\xampp\\Mritunjay\\project-tyriod-dashboard\\backend\\public\\index.php')
WARNING - 2025-04-25 10:15:22 --> [DEPRECATED] Creation of dynamic property App\Controllers\Catalogue::$catalogueModel is deprecated in APPPATH\Controllers\Catalogue.php on line 11.
 1 SYSTEMPATH\CodeIgniter.php(903): App\Controllers\Catalogue->__construct()
 2 SYSTEMPATH\CodeIgniter.php(498): CodeIgniter\CodeIgniter->createController()
 3 SYSTEMPATH\CodeIgniter.php(354): CodeIgniter\CodeIgniter->handleRequest(null, Object(Config\Cache), false)
 4 SYSTEMPATH\Boot.php(334): CodeIgniter\CodeIgniter->run()
 5 SYSTEMPATH\Boot.php(67): CodeIgniter\Boot::runCodeIgniter(Object(CodeIgniter\CodeIgniter))
 6 FCPATH\index.php(56): CodeIgniter\Boot::bootWeb(Object(Config\Paths))
 7 SYSTEMPATH\rewrite.php(44): require_once('D:\\xampp\\Mritunjay\\project-tyriod-dashboard\\backend\\public\\index.php')
WARNING - 2025-04-25 10:42:49 --> [DEPRECATED] Creation of dynamic property App\Controllers\Catalogue::$catalogueModel is deprecated in APPPATH\Controllers\Catalogue.php on line 11.
 1 SYSTEMPATH\CodeIgniter.php(903): App\Controllers\Catalogue->__construct()
 2 SYSTEMPATH\CodeIgniter.php(498): CodeIgniter\CodeIgniter->createController()
 3 SYSTEMPATH\CodeIgniter.php(354): CodeIgniter\CodeIgniter->handleRequest(null, Object(Config\Cache), false)
 4 SYSTEMPATH\Boot.php(334): CodeIgniter\CodeIgniter->run()
 5 SYSTEMPATH\Boot.php(67): CodeIgniter\Boot::runCodeIgniter(Object(CodeIgniter\CodeIgniter))
 6 FCPATH\index.php(56): CodeIgniter\Boot::bootWeb(Object(Config\Paths))
 7 SYSTEMPATH\rewrite.php(44): require_once('D:\\xampp\\Mritunjay\\project-tyriod-dashboard\\backend\\public\\index.php')
WARNING - 2025-04-25 10:43:39 --> [DEPRECATED] Creation of dynamic property App\Controllers\Catalogue::$catalogueModel is deprecated in APPPATH\Controllers\Catalogue.php on line 11.
 1 SYSTEMPATH\CodeIgniter.php(903): App\Controllers\Catalogue->__construct()
 2 SYSTEMPATH\CodeIgniter.php(498): CodeIgniter\CodeIgniter->createController()
 3 SYSTEMPATH\CodeIgniter.php(354): CodeIgniter\CodeIgniter->handleRequest(null, Object(Config\Cache), false)
 4 SYSTEMPATH\Boot.php(334): CodeIgniter\CodeIgniter->run()
 5 SYSTEMPATH\Boot.php(67): CodeIgniter\Boot::runCodeIgniter(Object(CodeIgniter\CodeIgniter))
 6 FCPATH\index.php(56): CodeIgniter\Boot::bootWeb(Object(Config\Paths))
 7 SYSTEMPATH\rewrite.php(44): require_once('D:\\xampp\\Mritunjay\\project-tyriod-dashboard\\backend\\public\\index.php')
WARNING - 2025-04-25 10:44:05 --> [DEPRECATED] Creation of dynamic property App\Controllers\Catalogue::$catalogueModel is deprecated in APPPATH\Controllers\Catalogue.php on line 11.
 1 SYSTEMPATH\CodeIgniter.php(903): App\Controllers\Catalogue->__construct()
 2 SYSTEMPATH\CodeIgniter.php(498): CodeIgniter\CodeIgniter->createController()
 3 SYSTEMPATH\CodeIgniter.php(354): CodeIgniter\CodeIgniter->handleRequest(null, Object(Config\Cache), false)
 4 SYSTEMPATH\Boot.php(334): CodeIgniter\CodeIgniter->run()
 5 SYSTEMPATH\Boot.php(67): CodeIgniter\Boot::runCodeIgniter(Object(CodeIgniter\CodeIgniter))
 6 FCPATH\index.php(56): CodeIgniter\Boot::bootWeb(Object(Config\Paths))
 7 SYSTEMPATH\rewrite.php(44): require_once('D:\\xampp\\Mritunjay\\project-tyriod-dashboard\\backend\\public\\index.php')
WARNING - 2025-04-25 10:44:49 --> [DEPRECATED] Creation of dynamic property App\Controllers\Catalogue::$catalogueModel is deprecated in APPPATH\Controllers\Catalogue.php on line 11.
 1 SYSTEMPATH\CodeIgniter.php(903): App\Controllers\Catalogue->__construct()
 2 SYSTEMPATH\CodeIgniter.php(498): CodeIgniter\CodeIgniter->createController()
 3 SYSTEMPATH\CodeIgniter.php(354): CodeIgniter\CodeIgniter->handleRequest(null, Object(Config\Cache), false)
 4 SYSTEMPATH\Boot.php(334): CodeIgniter\CodeIgniter->run()
 5 SYSTEMPATH\Boot.php(67): CodeIgniter\Boot::runCodeIgniter(Object(CodeIgniter\CodeIgniter))
 6 FCPATH\index.php(56): CodeIgniter\Boot::bootWeb(Object(Config\Paths))
 7 SYSTEMPATH\rewrite.php(44): require_once('D:\\xampp\\Mritunjay\\project-tyriod-dashboard\\backend\\public\\index.php')
WARNING - 2025-04-25 10:51:57 --> [DEPRECATED] Creation of dynamic property App\Controllers\Auth::$UserModel is deprecated in APPPATH\Controllers\Auth.php on line 12.
 1 SYSTEMPATH\CodeIgniter.php(903): App\Controllers\Auth->__construct()
 2 SYSTEMPATH\CodeIgniter.php(498): CodeIgniter\CodeIgniter->createController()
 3 SYSTEMPATH\CodeIgniter.php(354): CodeIgniter\CodeIgniter->handleRequest(null, Object(Config\Cache), false)
 4 SYSTEMPATH\Boot.php(334): CodeIgniter\CodeIgniter->run()
 5 SYSTEMPATH\Boot.php(67): CodeIgniter\Boot::runCodeIgniter(Object(CodeIgniter\CodeIgniter))
 6 FCPATH\index.php(56): CodeIgniter\Boot::bootWeb(Object(Config\Paths))
 7 SYSTEMPATH\rewrite.php(44): require_once('D:\\xampp\\Mritunjay\\project-tyriod-dashboard\\backend\\public\\index.php')
WARNING - 2025-04-25 10:52:20 --> [DEPRECATED] Creation of dynamic property App\Controllers\Catalogue::$catalogueModel is deprecated in APPPATH\Controllers\Catalogue.php on line 11.
 1 SYSTEMPATH\CodeIgniter.php(903): App\Controllers\Catalogue->__construct()
 2 SYSTEMPATH\CodeIgniter.php(498): CodeIgniter\CodeIgniter->createController()
 3 SYSTEMPATH\CodeIgniter.php(354): CodeIgniter\CodeIgniter->handleRequest(null, Object(Config\Cache), false)
 4 SYSTEMPATH\Boot.php(334): CodeIgniter\CodeIgniter->run()
 5 SYSTEMPATH\Boot.php(67): CodeIgniter\Boot::runCodeIgniter(Object(CodeIgniter\CodeIgniter))
 6 FCPATH\index.php(56): CodeIgniter\Boot::bootWeb(Object(Config\Paths))
 7 SYSTEMPATH\rewrite.php(44): require_once('D:\\xampp\\Mritunjay\\project-tyriod-dashboard\\backend\\public\\index.php')
WARNING - 2025-04-25 10:52:36 --> [DEPRECATED] Creation of dynamic property App\Controllers\Catalogue::$catalogueModel is deprecated in APPPATH\Controllers\Catalogue.php on line 11.
 1 SYSTEMPATH\CodeIgniter.php(903): App\Controllers\Catalogue->__construct()
 2 SYSTEMPATH\CodeIgniter.php(498): CodeIgniter\CodeIgniter->createController()
 3 SYSTEMPATH\CodeIgniter.php(354): CodeIgniter\CodeIgniter->handleRequest(null, Object(Config\Cache), false)
 4 SYSTEMPATH\Boot.php(334): CodeIgniter\CodeIgniter->run()
 5 SYSTEMPATH\Boot.php(67): CodeIgniter\Boot::runCodeIgniter(Object(CodeIgniter\CodeIgniter))
 6 FCPATH\index.php(56): CodeIgniter\Boot::bootWeb(Object(Config\Paths))
 7 SYSTEMPATH\rewrite.php(44): require_once('D:\\xampp\\Mritunjay\\project-tyriod-dashboard\\backend\\public\\index.php')
WARNING - 2025-04-25 10:54:58 --> [DEPRECATED] Creation of dynamic property App\Controllers\Catalogue::$catalogueModel is deprecated in APPPATH\Controllers\Catalogue.php on line 11.
 1 SYSTEMPATH\CodeIgniter.php(903): App\Controllers\Catalogue->__construct()
 2 SYSTEMPATH\CodeIgniter.php(498): CodeIgniter\CodeIgniter->createController()
 3 SYSTEMPATH\CodeIgniter.php(354): CodeIgniter\CodeIgniter->handleRequest(null, Object(Config\Cache), false)
 4 SYSTEMPATH\Boot.php(334): CodeIgniter\CodeIgniter->run()
 5 SYSTEMPATH\Boot.php(67): CodeIgniter\Boot::runCodeIgniter(Object(CodeIgniter\CodeIgniter))
 6 FCPATH\index.php(56): CodeIgniter\Boot::bootWeb(Object(Config\Paths))
 7 SYSTEMPATH\rewrite.php(44): require_once('D:\\xampp\\Mritunjay\\project-tyriod-dashboard\\backend\\public\\index.php')
