CRITICAL - 2025-04-21 06:47:10 --> TypeError: App\Controllers\Auth::displayResponse(): Argument #1 ($message) must be of type string, array given, called in D:\xampp\Mritunjay\project-tyriod-dashboard\backend\app\Controllers\Auth.php on line 30
[Method: POST, Route: api/login]
in APPPATH\Controllers\Auth.php on line 40.
 1 APPPATH\Controllers\Auth.php(30): App\Controllers\Auth->displayResponse([...], 'success', 200)
 2 SYSTEMPATH\CodeIgniter.php(933): App\Controllers\Auth->login()
 3 SYSTEMPATH\CodeIgniter.php(507): CodeIgniter\CodeIgniter->runController(Object(App\Controllers\Auth))
 4 SYSTEMPATH\CodeIgniter.php(354): CodeIgniter\CodeIgniter->handleRequest(null, Object(Config\Cache), false)
 5 SYSTEMPATH\Boot.php(334): CodeIgniter\CodeIgniter->run()
 6 SYSTEMPATH\Boot.php(67): CodeIgniter\Boot::runCodeIgniter(Object(CodeIgniter\CodeIgniter))
 7 FCPATH\index.php(56): CodeIgniter\Boot::bootWeb(Object(Config\Paths))
 8 SYSTEMPATH\rewrite.php(44): require_once('D:\\xampp\\Mritunjay\\project-tyriod-dashboard\\backend\\public\\index.php')
CRITICAL - 2025-04-21 07:00:52 --> InvalidArgumentException: key must be a string when using hmac
[Method: POST, Route: api/login]
in VENDORPATH\firebase\php-jwt\src\JWT.php on line 249.
 1 VENDORPATH\firebase\php-jwt\src\JWT.php(219): Firebase\JWT\JWT::sign('eyJ0eXAiOiJKV1QiLCJhbGciOiJIUzI1NiJ9.eyJpc3MiOiJodHRwOi8vbG9jYWxob3N0OjgwODAvIiwiYXVkIjoiaHR0cDovL2xvY2FsaG9zdDo4MDgwLyIsImlhdCI6MTc0NTIxODg1MiwiZXhwIjoxNzQ1MjIyNDUyLCJkYXRhIjp7ImlkIjoiMSIsInVzZXJuYW1lIjoiYWRtaW4iLCJlbWFpbCI6ImFkbWluQGdtYWlsLmNvbSIsInBob25lIjoiOTEyNDcxNzM3NCIsInJvbGUiOiJhZG1pbiIsImNyZWF0ZWRfYXQiOiIyMDI1LTA0LTE4IDA5OjEwOjA5IiwidXBkYXRlZF9hdCI6IjIwMjUtMDQtMTggMDk6MTA6MDkifX0', false, 'HS256')
 2 APPPATH\Controllers\Auth.php(58): Firebase\JWT\JWT::encode([...], false, 'HS256')
 3 APPPATH\Controllers\Auth.php(36): App\Controllers\Auth->generateToken([...])
 4 SYSTEMPATH\CodeIgniter.php(933): App\Controllers\Auth->login()
 5 SYSTEMPATH\CodeIgniter.php(507): CodeIgniter\CodeIgniter->runController(Object(App\Controllers\Auth))
 6 SYSTEMPATH\CodeIgniter.php(354): CodeIgniter\CodeIgniter->handleRequest(null, Object(Config\Cache), false)
 7 SYSTEMPATH\Boot.php(334): CodeIgniter\CodeIgniter->run()
 8 SYSTEMPATH\Boot.php(67): CodeIgniter\Boot::runCodeIgniter(Object(CodeIgniter\CodeIgniter))
 9 FCPATH\index.php(56): CodeIgniter\Boot::bootWeb(Object(Config\Paths))
10 SYSTEMPATH\rewrite.php(44): require_once('D:\\xampp\\Mritunjay\\project-tyriod-dashboard\\backend\\public\\index.php')
CRITICAL - 2025-04-21 07:01:40 --> InvalidArgumentException: key must be a string when using hmac
[Method: POST, Route: api/login]
in VENDORPATH\firebase\php-jwt\src\JWT.php on line 249.
 1 VENDORPATH\firebase\php-jwt\src\JWT.php(219): Firebase\JWT\JWT::sign('eyJ0eXAiOiJKV1QiLCJhbGciOiJIUzI1NiJ9.eyJpc3MiOiJodHRwOi8vbG9jYWxob3N0OjgwODAvIiwiYXVkIjoiaHR0cDovL2xvY2FsaG9zdDo4MDgwLyIsImlhdCI6MTc0NTIxODkwMCwiZXhwIjoxNzQ1MjIyNTAwLCJkYXRhIjp7ImlkIjoiMSIsInVzZXJuYW1lIjoiYWRtaW4iLCJlbWFpbCI6ImFkbWluQGdtYWlsLmNvbSIsInBob25lIjoiOTEyNDcxNzM3NCIsInJvbGUiOiJhZG1pbiIsImNyZWF0ZWRfYXQiOiIyMDI1LTA0LTE4IDA5OjEwOjA5IiwidXBkYXRlZF9hdCI6IjIwMjUtMDQtMTggMDk6MTA6MDkifX0', false, 'HS256')
 2 APPPATH\Controllers\Auth.php(61): Firebase\JWT\JWT::encode([...], false, 'HS256')
 3 APPPATH\Controllers\Auth.php(39): App\Controllers\Auth->generateToken([...])
 4 SYSTEMPATH\CodeIgniter.php(933): App\Controllers\Auth->login()
 5 SYSTEMPATH\CodeIgniter.php(507): CodeIgniter\CodeIgniter->runController(Object(App\Controllers\Auth))
 6 SYSTEMPATH\CodeIgniter.php(354): CodeIgniter\CodeIgniter->handleRequest(null, Object(Config\Cache), false)
 7 SYSTEMPATH\Boot.php(334): CodeIgniter\CodeIgniter->run()
 8 SYSTEMPATH\Boot.php(67): CodeIgniter\Boot::runCodeIgniter(Object(CodeIgniter\CodeIgniter))
 9 FCPATH\index.php(56): CodeIgniter\Boot::bootWeb(Object(Config\Paths))
10 SYSTEMPATH\rewrite.php(44): require_once('D:\\xampp\\Mritunjay\\project-tyriod-dashboard\\backend\\public\\index.php')
CRITICAL - 2025-04-21 07:02:34 --> InvalidArgumentException: key must be a string when using hmac
[Method: POST, Route: api/login]
in VENDORPATH\firebase\php-jwt\src\JWT.php on line 249.
 1 VENDORPATH\firebase\php-jwt\src\JWT.php(219): Firebase\JWT\JWT::sign('eyJ0eXAiOiJKV1QiLCJhbGciOiJIUzI1NiJ9.eyJpc3MiOiJodHRwOi8vbG9jYWxob3N0OjgwODAvIiwiYXVkIjoiaHR0cDovL2xvY2FsaG9zdDo4MDgwLyIsImlhdCI6MTc0NTIxODk1NCwiZXhwIjoxNzQ1MjIyNTU0LCJkYXRhIjp7ImlkIjoiMSIsInVzZXJuYW1lIjoiYWRtaW4iLCJlbWFpbCI6ImFkbWluQGdtYWlsLmNvbSIsInBob25lIjoiOTEyNDcxNzM3NCIsInJvbGUiOiJhZG1pbiIsImNyZWF0ZWRfYXQiOiIyMDI1LTA0LTE4IDA5OjEwOjA5IiwidXBkYXRlZF9hdCI6IjIwMjUtMDQtMTggMDk6MTA6MDkifX0', false, 'HS256')
 2 APPPATH\Controllers\Auth.php(61): Firebase\JWT\JWT::encode([...], false, 'HS256')
 3 APPPATH\Controllers\Auth.php(39): App\Controllers\Auth->generateToken([...])
 4 SYSTEMPATH\CodeIgniter.php(933): App\Controllers\Auth->login()
 5 SYSTEMPATH\CodeIgniter.php(507): CodeIgniter\CodeIgniter->runController(Object(App\Controllers\Auth))
 6 SYSTEMPATH\CodeIgniter.php(354): CodeIgniter\CodeIgniter->handleRequest(null, Object(Config\Cache), false)
 7 SYSTEMPATH\Boot.php(334): CodeIgniter\CodeIgniter->run()
 8 SYSTEMPATH\Boot.php(67): CodeIgniter\Boot::runCodeIgniter(Object(CodeIgniter\CodeIgniter))
 9 FCPATH\index.php(56): CodeIgniter\Boot::bootWeb(Object(Config\Paths))
10 SYSTEMPATH\rewrite.php(44): require_once('D:\\xampp\\Mritunjay\\project-tyriod-dashboard\\backend\\public\\index.php')
CRITICAL - 2025-04-21 07:02:49 --> InvalidArgumentException: key must be a string when using hmac
[Method: POST, Route: api/login]
in VENDORPATH\firebase\php-jwt\src\JWT.php on line 249.
 1 VENDORPATH\firebase\php-jwt\src\JWT.php(219): Firebase\JWT\JWT::sign('eyJ0eXAiOiJKV1QiLCJhbGciOiJIUzI1NiJ9.eyJpc3MiOiJodHRwOi8vbG9jYWxob3N0OjgwODAvIiwiYXVkIjoiaHR0cDovL2xvY2FsaG9zdDo4MDgwLyIsImlhdCI6MTc0NTIxODk2OSwiZXhwIjoxNzQ1MjIyNTY5LCJkYXRhIjp7ImlkIjoiMSIsInVzZXJuYW1lIjoiYWRtaW4iLCJlbWFpbCI6ImFkbWluQGdtYWlsLmNvbSIsInBob25lIjoiOTEyNDcxNzM3NCIsInJvbGUiOiJhZG1pbiIsImNyZWF0ZWRfYXQiOiIyMDI1LTA0LTE4IDA5OjEwOjA5IiwidXBkYXRlZF9hdCI6IjIwMjUtMDQtMTggMDk6MTA6MDkifX0', false, 'HS256')
 2 APPPATH\Controllers\Auth.php(61): Firebase\JWT\JWT::encode([...], false, 'HS256')
 3 APPPATH\Controllers\Auth.php(39): App\Controllers\Auth->generateToken([...])
 4 SYSTEMPATH\CodeIgniter.php(933): App\Controllers\Auth->login()
 5 SYSTEMPATH\CodeIgniter.php(507): CodeIgniter\CodeIgniter->runController(Object(App\Controllers\Auth))
 6 SYSTEMPATH\CodeIgniter.php(354): CodeIgniter\CodeIgniter->handleRequest(null, Object(Config\Cache), false)
 7 SYSTEMPATH\Boot.php(334): CodeIgniter\CodeIgniter->run()
 8 SYSTEMPATH\Boot.php(67): CodeIgniter\Boot::runCodeIgniter(Object(CodeIgniter\CodeIgniter))
 9 FCPATH\index.php(56): CodeIgniter\Boot::bootWeb(Object(Config\Paths))
10 SYSTEMPATH\rewrite.php(44): require_once('D:\\xampp\\Mritunjay\\project-tyriod-dashboard\\backend\\public\\index.php')
CRITICAL - 2025-04-21 07:03:57 --> InvalidArgumentException: key must be a string when using hmac
[Method: POST, Route: api/login]
in VENDORPATH\firebase\php-jwt\src\JWT.php on line 249.
 1 VENDORPATH\firebase\php-jwt\src\JWT.php(219): Firebase\JWT\JWT::sign('eyJ0eXAiOiJKV1QiLCJhbGciOiJIUzI1NiJ9.eyJpc3MiOiJodHRwOi8vbG9jYWxob3N0OjgwODAvIiwiYXVkIjoiaHR0cDovL2xvY2FsaG9zdDo4MDgwLyIsImlhdCI6MTc0NTIxOTAzNywiZXhwIjoxNzQ1MjIyNjM3LCJkYXRhIjp7ImlkIjoiMSIsInVzZXJuYW1lIjoiYWRtaW4iLCJlbWFpbCI6ImFkbWluQGdtYWlsLmNvbSIsInBob25lIjoiOTEyNDcxNzM3NCIsInJvbGUiOiJhZG1pbiIsImNyZWF0ZWRfYXQiOiIyMDI1LTA0LTE4IDA5OjEwOjA5IiwidXBkYXRlZF9hdCI6IjIwMjUtMDQtMTggMDk6MTA6MDkifX0', false, 'HS256')
 2 APPPATH\Controllers\Auth.php(61): Firebase\JWT\JWT::encode([...], false, 'HS256')
 3 APPPATH\Controllers\Auth.php(39): App\Controllers\Auth->generateToken([...])
 4 SYSTEMPATH\CodeIgniter.php(933): App\Controllers\Auth->login()
 5 SYSTEMPATH\CodeIgniter.php(507): CodeIgniter\CodeIgniter->runController(Object(App\Controllers\Auth))
 6 SYSTEMPATH\CodeIgniter.php(354): CodeIgniter\CodeIgniter->handleRequest(null, Object(Config\Cache), false)
 7 SYSTEMPATH\Boot.php(334): CodeIgniter\CodeIgniter->run()
 8 SYSTEMPATH\Boot.php(67): CodeIgniter\Boot::runCodeIgniter(Object(CodeIgniter\CodeIgniter))
 9 FCPATH\index.php(56): CodeIgniter\Boot::bootWeb(Object(Config\Paths))
10 SYSTEMPATH\rewrite.php(44): require_once('D:\\xampp\\Mritunjay\\project-tyriod-dashboard\\backend\\public\\index.php')
CRITICAL - 2025-04-21 07:04:22 --> InvalidArgumentException: key must be a string when using hmac
[Method: POST, Route: api/login]
in VENDORPATH\firebase\php-jwt\src\JWT.php on line 249.
 1 VENDORPATH\firebase\php-jwt\src\JWT.php(219): Firebase\JWT\JWT::sign('eyJ0eXAiOiJKV1QiLCJhbGciOiJIUzI1NiJ9.eyJpc3MiOiJodHRwOi8vbG9jYWxob3N0OjgwODAvIiwiYXVkIjoiaHR0cDovL2xvY2FsaG9zdDo4MDgwLyIsImlhdCI6MTc0NTIxOTA2MiwiZXhwIjoxNzQ1MjIyNjYyLCJkYXRhIjp7ImlkIjoiMSIsInVzZXJuYW1lIjoiYWRtaW4iLCJlbWFpbCI6ImFkbWluQGdtYWlsLmNvbSIsInBob25lIjoiOTEyNDcxNzM3NCIsInJvbGUiOiJhZG1pbiIsImNyZWF0ZWRfYXQiOiIyMDI1LTA0LTE4IDA5OjEwOjA5IiwidXBkYXRlZF9hdCI6IjIwMjUtMDQtMTggMDk6MTA6MDkifX0', false, 'HS256')
 2 APPPATH\Controllers\Auth.php(61): Firebase\JWT\JWT::encode([...], false, 'HS256')
 3 APPPATH\Controllers\Auth.php(39): App\Controllers\Auth->generateToken([...])
 4 SYSTEMPATH\CodeIgniter.php(933): App\Controllers\Auth->login()
 5 SYSTEMPATH\CodeIgniter.php(507): CodeIgniter\CodeIgniter->runController(Object(App\Controllers\Auth))
 6 SYSTEMPATH\CodeIgniter.php(354): CodeIgniter\CodeIgniter->handleRequest(null, Object(Config\Cache), false)
 7 SYSTEMPATH\Boot.php(334): CodeIgniter\CodeIgniter->run()
 8 SYSTEMPATH\Boot.php(67): CodeIgniter\Boot::runCodeIgniter(Object(CodeIgniter\CodeIgniter))
 9 FCPATH\index.php(56): CodeIgniter\Boot::bootWeb(Object(Config\Paths))
10 SYSTEMPATH\rewrite.php(44): require_once('D:\\xampp\\Mritunjay\\project-tyriod-dashboard\\backend\\public\\index.php')
CRITICAL - 2025-04-21 07:06:42 --> InvalidArgumentException: key must be a string when using hmac
[Method: POST, Route: api/login]
in VENDORPATH\firebase\php-jwt\src\JWT.php on line 249.
 1 VENDORPATH\firebase\php-jwt\src\JWT.php(219): Firebase\JWT\JWT::sign('eyJ0eXAiOiJKV1QiLCJhbGciOiJIUzI1NiJ9.eyJpc3MiOiJodHRwOi8vbG9jYWxob3N0OjgwODAvIiwiYXVkIjoiaHR0cDovL2xvY2FsaG9zdDo4MDgwLyIsImlhdCI6MTc0NTIxOTIwMiwiZXhwIjoxNzQ1MjIyODAyLCJkYXRhIjp7ImlkIjoiMSIsInVzZXJuYW1lIjoiYWRtaW4iLCJlbWFpbCI6ImFkbWluQGdtYWlsLmNvbSIsInBob25lIjoiOTEyNDcxNzM3NCIsInJvbGUiOiJhZG1pbiIsImNyZWF0ZWRfYXQiOiIyMDI1LTA0LTE4IDA5OjEwOjA5IiwidXBkYXRlZF9hdCI6IjIwMjUtMDQtMTggMDk6MTA6MDkifX0', false, 'HS256')
 2 APPPATH\Controllers\Auth.php(61): Firebase\JWT\JWT::encode([...], false, 'HS256')
 3 APPPATH\Controllers\Auth.php(39): App\Controllers\Auth->generateToken([...])
 4 SYSTEMPATH\CodeIgniter.php(933): App\Controllers\Auth->login()
 5 SYSTEMPATH\CodeIgniter.php(507): CodeIgniter\CodeIgniter->runController(Object(App\Controllers\Auth))
 6 SYSTEMPATH\CodeIgniter.php(354): CodeIgniter\CodeIgniter->handleRequest(null, Object(Config\Cache), false)
 7 SYSTEMPATH\Boot.php(334): CodeIgniter\CodeIgniter->run()
 8 SYSTEMPATH\Boot.php(67): CodeIgniter\Boot::runCodeIgniter(Object(CodeIgniter\CodeIgniter))
 9 FCPATH\index.php(56): CodeIgniter\Boot::bootWeb(Object(Config\Paths))
10 SYSTEMPATH\rewrite.php(44): require_once('D:\\xampp\\Mritunjay\\project-tyriod-dashboard\\backend\\public\\index.php')
CRITICAL - 2025-04-21 07:06:47 --> InvalidArgumentException: key must be a string when using hmac
[Method: POST, Route: api/login]
in VENDORPATH\firebase\php-jwt\src\JWT.php on line 249.
 1 VENDORPATH\firebase\php-jwt\src\JWT.php(219): Firebase\JWT\JWT::sign('eyJ0eXAiOiJKV1QiLCJhbGciOiJIUzI1NiJ9.eyJpc3MiOiJodHRwOi8vbG9jYWxob3N0OjgwODAvIiwiYXVkIjoiaHR0cDovL2xvY2FsaG9zdDo4MDgwLyIsImlhdCI6MTc0NTIxOTIwNywiZXhwIjoxNzQ1MjIyODA3LCJkYXRhIjp7ImlkIjoiMSIsInVzZXJuYW1lIjoiYWRtaW4iLCJlbWFpbCI6ImFkbWluQGdtYWlsLmNvbSIsInBob25lIjoiOTEyNDcxNzM3NCIsInJvbGUiOiJhZG1pbiIsImNyZWF0ZWRfYXQiOiIyMDI1LTA0LTE4IDA5OjEwOjA5IiwidXBkYXRlZF9hdCI6IjIwMjUtMDQtMTggMDk6MTA6MDkifX0', false, 'HS256')
 2 APPPATH\Controllers\Auth.php(61): Firebase\JWT\JWT::encode([...], false, 'HS256')
 3 APPPATH\Controllers\Auth.php(39): App\Controllers\Auth->generateToken([...])
 4 SYSTEMPATH\CodeIgniter.php(933): App\Controllers\Auth->login()
 5 SYSTEMPATH\CodeIgniter.php(507): CodeIgniter\CodeIgniter->runController(Object(App\Controllers\Auth))
 6 SYSTEMPATH\CodeIgniter.php(354): CodeIgniter\CodeIgniter->handleRequest(null, Object(Config\Cache), false)
 7 SYSTEMPATH\Boot.php(334): CodeIgniter\CodeIgniter->run()
 8 SYSTEMPATH\Boot.php(67): CodeIgniter\Boot::runCodeIgniter(Object(CodeIgniter\CodeIgniter))
 9 FCPATH\index.php(56): CodeIgniter\Boot::bootWeb(Object(Config\Paths))
10 SYSTEMPATH\rewrite.php(44): require_once('D:\\xampp\\Mritunjay\\project-tyriod-dashboard\\backend\\public\\index.php')
CRITICAL - 2025-04-21 07:06:53 --> InvalidArgumentException: key must be a string when using hmac
[Method: POST, Route: api/login]
in VENDORPATH\firebase\php-jwt\src\JWT.php on line 249.
 1 VENDORPATH\firebase\php-jwt\src\JWT.php(219): Firebase\JWT\JWT::sign('eyJ0eXAiOiJKV1QiLCJhbGciOiJIUzI1NiJ9.eyJpc3MiOiJodHRwOi8vbG9jYWxob3N0OjgwODAvIiwiYXVkIjoiaHR0cDovL2xvY2FsaG9zdDo4MDgwLyIsImlhdCI6MTc0NTIxOTIxMywiZXhwIjoxNzQ1MjIyODEzLCJkYXRhIjp7ImlkIjoiMSIsInVzZXJuYW1lIjoiYWRtaW4iLCJlbWFpbCI6ImFkbWluQGdtYWlsLmNvbSIsInBob25lIjoiOTEyNDcxNzM3NCIsInJvbGUiOiJhZG1pbiIsImNyZWF0ZWRfYXQiOiIyMDI1LTA0LTE4IDA5OjEwOjA5IiwidXBkYXRlZF9hdCI6IjIwMjUtMDQtMTggMDk6MTA6MDkifX0', false, 'HS256')
 2 APPPATH\Controllers\Auth.php(61): Firebase\JWT\JWT::encode([...], false, 'HS256')
 3 APPPATH\Controllers\Auth.php(39): App\Controllers\Auth->generateToken([...])
 4 SYSTEMPATH\CodeIgniter.php(933): App\Controllers\Auth->login()
 5 SYSTEMPATH\CodeIgniter.php(507): CodeIgniter\CodeIgniter->runController(Object(App\Controllers\Auth))
 6 SYSTEMPATH\CodeIgniter.php(354): CodeIgniter\CodeIgniter->handleRequest(null, Object(Config\Cache), false)
 7 SYSTEMPATH\Boot.php(334): CodeIgniter\CodeIgniter->run()
 8 SYSTEMPATH\Boot.php(67): CodeIgniter\Boot::runCodeIgniter(Object(CodeIgniter\CodeIgniter))
 9 FCPATH\index.php(56): CodeIgniter\Boot::bootWeb(Object(Config\Paths))
10 SYSTEMPATH\rewrite.php(44): require_once('D:\\xampp\\Mritunjay\\project-tyriod-dashboard\\backend\\public\\index.php')
CRITICAL - 2025-04-21 07:07:36 --> InvalidArgumentException: key must be a string when using hmac
[Method: POST, Route: api/login]
in VENDORPATH\firebase\php-jwt\src\JWT.php on line 249.
 1 VENDORPATH\firebase\php-jwt\src\JWT.php(219): Firebase\JWT\JWT::sign('eyJ0eXAiOiJKV1QiLCJhbGciOiJIUzI1NiJ9.eyJpc3MiOiJodHRwOi8vbG9jYWxob3N0OjgwODAvIiwiYXVkIjoiaHR0cDovL2xvY2FsaG9zdDo4MDgwLyIsImlhdCI6MTc0NTIxOTI1NiwiZXhwIjoxNzQ1MjIyODU2LCJkYXRhIjp7ImlkIjoiMSIsInVzZXJuYW1lIjoiYWRtaW4iLCJlbWFpbCI6ImFkbWluQGdtYWlsLmNvbSIsInBob25lIjoiOTEyNDcxNzM3NCIsInJvbGUiOiJhZG1pbiIsImNyZWF0ZWRfYXQiOiIyMDI1LTA0LTE4IDA5OjEwOjA5IiwidXBkYXRlZF9hdCI6IjIwMjUtMDQtMTggMDk6MTA6MDkifX0', false, 'HS256')
 2 APPPATH\Controllers\Auth.php(61): Firebase\JWT\JWT::encode([...], false, 'HS256')
 3 APPPATH\Controllers\Auth.php(39): App\Controllers\Auth->generateToken([...])
 4 SYSTEMPATH\CodeIgniter.php(933): App\Controllers\Auth->login()
 5 SYSTEMPATH\CodeIgniter.php(507): CodeIgniter\CodeIgniter->runController(Object(App\Controllers\Auth))
 6 SYSTEMPATH\CodeIgniter.php(354): CodeIgniter\CodeIgniter->handleRequest(null, Object(Config\Cache), false)
 7 SYSTEMPATH\Boot.php(334): CodeIgniter\CodeIgniter->run()
 8 SYSTEMPATH\Boot.php(67): CodeIgniter\Boot::runCodeIgniter(Object(CodeIgniter\CodeIgniter))
 9 FCPATH\index.php(56): CodeIgniter\Boot::bootWeb(Object(Config\Paths))
10 SYSTEMPATH\rewrite.php(44): require_once('D:\\xampp\\Mritunjay\\project-tyriod-dashboard\\backend\\public\\index.php')
CRITICAL - 2025-04-21 07:08:18 --> InvalidArgumentException: key must be a string when using hmac
[Method: POST, Route: api/login]
in VENDORPATH\firebase\php-jwt\src\JWT.php on line 249.
 1 VENDORPATH\firebase\php-jwt\src\JWT.php(219): Firebase\JWT\JWT::sign('eyJ0eXAiOiJKV1QiLCJhbGciOiJIUzI1NiJ9.eyJpc3MiOiJodHRwOi8vbG9jYWxob3N0OjgwODAvIiwiYXVkIjoiaHR0cDovL2xvY2FsaG9zdDo4MDgwLyIsImlhdCI6MTc0NTIxOTI5OCwiZXhwIjoxNzQ1MjIyODk4LCJkYXRhIjp7ImlkIjoiMSIsInVzZXJuYW1lIjoiYWRtaW4iLCJlbWFpbCI6ImFkbWluQGdtYWlsLmNvbSIsInBob25lIjoiOTEyNDcxNzM3NCIsInJvbGUiOiJhZG1pbiIsImNyZWF0ZWRfYXQiOiIyMDI1LTA0LTE4IDA5OjEwOjA5IiwidXBkYXRlZF9hdCI6IjIwMjUtMDQtMTggMDk6MTA6MDkifX0', false, 'HS256')
 2 APPPATH\Controllers\Auth.php(61): Firebase\JWT\JWT::encode([...], false, 'HS256')
 3 APPPATH\Controllers\Auth.php(39): App\Controllers\Auth->generateToken([...])
 4 SYSTEMPATH\CodeIgniter.php(933): App\Controllers\Auth->login()
 5 SYSTEMPATH\CodeIgniter.php(507): CodeIgniter\CodeIgniter->runController(Object(App\Controllers\Auth))
 6 SYSTEMPATH\CodeIgniter.php(354): CodeIgniter\CodeIgniter->handleRequest(null, Object(Config\Cache), false)
 7 SYSTEMPATH\Boot.php(334): CodeIgniter\CodeIgniter->run()
 8 SYSTEMPATH\Boot.php(67): CodeIgniter\Boot::runCodeIgniter(Object(CodeIgniter\CodeIgniter))
 9 FCPATH\index.php(56): CodeIgniter\Boot::bootWeb(Object(Config\Paths))
10 SYSTEMPATH\rewrite.php(44): require_once('D:\\xampp\\Mritunjay\\project-tyriod-dashboard\\backend\\public\\index.php')
CRITICAL - 2025-04-21 07:08:38 --> InvalidArgumentException: key must be a string when using hmac
[Method: POST, Route: api/login]
in VENDORPATH\firebase\php-jwt\src\JWT.php on line 249.
 1 VENDORPATH\firebase\php-jwt\src\JWT.php(219): Firebase\JWT\JWT::sign('eyJ0eXAiOiJKV1QiLCJhbGciOiJIUzI1NiJ9.eyJpc3MiOiJodHRwOi8vbG9jYWxob3N0OjgwODAvIiwiYXVkIjoiaHR0cDovL2xvY2FsaG9zdDo4MDgwLyIsImlhdCI6MTc0NTIxOTMxOCwiZXhwIjoxNzQ1MjIyOTE4LCJkYXRhIjp7ImlkIjoiMSIsInVzZXJuYW1lIjoiYWRtaW4iLCJlbWFpbCI6ImFkbWluQGdtYWlsLmNvbSIsInBob25lIjoiOTEyNDcxNzM3NCIsInJvbGUiOiJhZG1pbiIsImNyZWF0ZWRfYXQiOiIyMDI1LTA0LTE4IDA5OjEwOjA5IiwidXBkYXRlZF9hdCI6IjIwMjUtMDQtMTggMDk6MTA6MDkifX0', false, 'HS256')
 2 APPPATH\Controllers\Auth.php(61): Firebase\JWT\JWT::encode([...], false, 'HS256')
 3 APPPATH\Controllers\Auth.php(39): App\Controllers\Auth->generateToken([...])
 4 SYSTEMPATH\CodeIgniter.php(933): App\Controllers\Auth->login()
 5 SYSTEMPATH\CodeIgniter.php(507): CodeIgniter\CodeIgniter->runController(Object(App\Controllers\Auth))
 6 SYSTEMPATH\CodeIgniter.php(354): CodeIgniter\CodeIgniter->handleRequest(null, Object(Config\Cache), false)
 7 SYSTEMPATH\Boot.php(334): CodeIgniter\CodeIgniter->run()
 8 SYSTEMPATH\Boot.php(67): CodeIgniter\Boot::runCodeIgniter(Object(CodeIgniter\CodeIgniter))
 9 FCPATH\index.php(56): CodeIgniter\Boot::bootWeb(Object(Config\Paths))
10 SYSTEMPATH\rewrite.php(44): require_once('D:\\xampp\\Mritunjay\\project-tyriod-dashboard\\backend\\public\\index.php')
CRITICAL - 2025-04-21 07:09:17 --> InvalidArgumentException: key must be a string when using hmac
[Method: POST, Route: api/login]
in VENDORPATH\firebase\php-jwt\src\JWT.php on line 249.
 1 VENDORPATH\firebase\php-jwt\src\JWT.php(219): Firebase\JWT\JWT::sign('eyJ0eXAiOiJKV1QiLCJhbGciOiJIUzI1NiJ9.eyJpc3MiOiJodHRwOi8vbG9jYWxob3N0OjgwODAvIiwiYXVkIjoiaHR0cDovL2xvY2FsaG9zdDo4MDgwLyIsImlhdCI6MTc0NTIxOTM1NywiZXhwIjoxNzQ1MjIyOTU3LCJkYXRhIjp7ImlkIjoiMSIsInVzZXJuYW1lIjoiYWRtaW4iLCJlbWFpbCI6ImFkbWluQGdtYWlsLmNvbSIsInBob25lIjoiOTEyNDcxNzM3NCIsInJvbGUiOiJhZG1pbiIsImNyZWF0ZWRfYXQiOiIyMDI1LTA0LTE4IDA5OjEwOjA5IiwidXBkYXRlZF9hdCI6IjIwMjUtMDQtMTggMDk6MTA6MDkifX0', false, 'HS256')
 2 APPPATH\Controllers\Auth.php(62): Firebase\JWT\JWT::encode([...], false, 'HS256')
 3 APPPATH\Controllers\Auth.php(40): App\Controllers\Auth->generateToken([...])
 4 SYSTEMPATH\CodeIgniter.php(933): App\Controllers\Auth->login()
 5 SYSTEMPATH\CodeIgniter.php(507): CodeIgniter\CodeIgniter->runController(Object(App\Controllers\Auth))
 6 SYSTEMPATH\CodeIgniter.php(354): CodeIgniter\CodeIgniter->handleRequest(null, Object(Config\Cache), false)
 7 SYSTEMPATH\Boot.php(334): CodeIgniter\CodeIgniter->run()
 8 SYSTEMPATH\Boot.php(67): CodeIgniter\Boot::runCodeIgniter(Object(CodeIgniter\CodeIgniter))
 9 FCPATH\index.php(56): CodeIgniter\Boot::bootWeb(Object(Config\Paths))
10 SYSTEMPATH\rewrite.php(44): require_once('D:\\xampp\\Mritunjay\\project-tyriod-dashboard\\backend\\public\\index.php')
WARNING - 2025-04-21 09:53:46 --> [DEPRECATED] Creation of dynamic property App\Controllers\Auth::$UserModel is deprecated in APPPATH\Controllers\Auth.php on line 12.
 1 SYSTEMPATH\CodeIgniter.php(903): App\Controllers\Auth->__construct()
 2 SYSTEMPATH\CodeIgniter.php(498): CodeIgniter\CodeIgniter->createController()
 3 SYSTEMPATH\CodeIgniter.php(354): CodeIgniter\CodeIgniter->handleRequest(null, Object(Config\Cache), false)
 4 SYSTEMPATH\Boot.php(334): CodeIgniter\CodeIgniter->run()
 5 SYSTEMPATH\Boot.php(67): CodeIgniter\Boot::runCodeIgniter(Object(CodeIgniter\CodeIgniter))
 6 FCPATH\index.php(56): CodeIgniter\Boot::bootWeb(Object(Config\Paths))
 7 SYSTEMPATH\rewrite.php(44): require_once('D:\\xampp\\Mritunjay\\project-tyriod-dashboard\\backend\\public\\index.php')
WARNING - 2025-04-21 09:54:27 --> [DEPRECATED] Creation of dynamic property App\Controllers\Auth::$UserModel is deprecated in APPPATH\Controllers\Auth.php on line 12.
 1 SYSTEMPATH\CodeIgniter.php(903): App\Controllers\Auth->__construct()
 2 SYSTEMPATH\CodeIgniter.php(498): CodeIgniter\CodeIgniter->createController()
 3 SYSTEMPATH\CodeIgniter.php(354): CodeIgniter\CodeIgniter->handleRequest(null, Object(Config\Cache), false)
 4 SYSTEMPATH\Boot.php(334): CodeIgniter\CodeIgniter->run()
 5 SYSTEMPATH\Boot.php(67): CodeIgniter\Boot::runCodeIgniter(Object(CodeIgniter\CodeIgniter))
 6 FCPATH\index.php(56): CodeIgniter\Boot::bootWeb(Object(Config\Paths))
 7 SYSTEMPATH\rewrite.php(44): require_once('D:\\xampp\\Mritunjay\\project-tyriod-dashboard\\backend\\public\\index.php')
WARNING - 2025-04-21 10:29:48 --> [DEPRECATED] Creation of dynamic property App\Controllers\Auth::$UserModel is deprecated in APPPATH\Controllers\Auth.php on line 12.
 1 SYSTEMPATH\CodeIgniter.php(903): App\Controllers\Auth->__construct()
 2 SYSTEMPATH\CodeIgniter.php(498): CodeIgniter\CodeIgniter->createController()
 3 SYSTEMPATH\CodeIgniter.php(354): CodeIgniter\CodeIgniter->handleRequest(null, Object(Config\Cache), false)
 4 SYSTEMPATH\Boot.php(334): CodeIgniter\CodeIgniter->run()
 5 SYSTEMPATH\Boot.php(67): CodeIgniter\Boot::runCodeIgniter(Object(CodeIgniter\CodeIgniter))
 6 FCPATH\index.php(56): CodeIgniter\Boot::bootWeb(Object(Config\Paths))
 7 SYSTEMPATH\rewrite.php(44): require_once('D:\\xampp\\Mritunjay\\project-tyriod-dashboard\\backend\\public\\index.php')
WARNING - 2025-04-21 10:31:03 --> [DEPRECATED] Creation of dynamic property App\Controllers\Auth::$UserModel is deprecated in APPPATH\Controllers\Auth.php on line 12.
 1 SYSTEMPATH\CodeIgniter.php(903): App\Controllers\Auth->__construct()
 2 SYSTEMPATH\CodeIgniter.php(498): CodeIgniter\CodeIgniter->createController()
 3 SYSTEMPATH\CodeIgniter.php(354): CodeIgniter\CodeIgniter->handleRequest(null, Object(Config\Cache), false)
 4 SYSTEMPATH\Boot.php(334): CodeIgniter\CodeIgniter->run()
 5 SYSTEMPATH\Boot.php(67): CodeIgniter\Boot::runCodeIgniter(Object(CodeIgniter\CodeIgniter))
 6 FCPATH\index.php(56): CodeIgniter\Boot::bootWeb(Object(Config\Paths))
 7 SYSTEMPATH\rewrite.php(44): require_once('D:\\xampp\\Mritunjay\\project-tyriod-dashboard\\backend\\public\\index.php')
WARNING - 2025-04-21 10:34:04 --> [DEPRECATED] Creation of dynamic property App\Controllers\Auth::$UserModel is deprecated in APPPATH\Controllers\Auth.php on line 12.
 1 SYSTEMPATH\CodeIgniter.php(903): App\Controllers\Auth->__construct()
 2 SYSTEMPATH\CodeIgniter.php(498): CodeIgniter\CodeIgniter->createController()
 3 SYSTEMPATH\CodeIgniter.php(354): CodeIgniter\CodeIgniter->handleRequest(null, Object(Config\Cache), false)
 4 SYSTEMPATH\Boot.php(334): CodeIgniter\CodeIgniter->run()
 5 SYSTEMPATH\Boot.php(67): CodeIgniter\Boot::runCodeIgniter(Object(CodeIgniter\CodeIgniter))
 6 FCPATH\index.php(56): CodeIgniter\Boot::bootWeb(Object(Config\Paths))
 7 SYSTEMPATH\rewrite.php(44): require_once('D:\\xampp\\Mritunjay\\project-tyriod-dashboard\\backend\\public\\index.php')
WARNING - 2025-04-21 10:37:25 --> [DEPRECATED] Creation of dynamic property App\Controllers\Auth::$UserModel is deprecated in APPPATH\Controllers\Auth.php on line 12.
 1 SYSTEMPATH\CodeIgniter.php(903): App\Controllers\Auth->__construct()
 2 SYSTEMPATH\CodeIgniter.php(498): CodeIgniter\CodeIgniter->createController()
 3 SYSTEMPATH\CodeIgniter.php(354): CodeIgniter\CodeIgniter->handleRequest(null, Object(Config\Cache), false)
 4 SYSTEMPATH\Boot.php(334): CodeIgniter\CodeIgniter->run()
 5 SYSTEMPATH\Boot.php(67): CodeIgniter\Boot::runCodeIgniter(Object(CodeIgniter\CodeIgniter))
 6 FCPATH\index.php(56): CodeIgniter\Boot::bootWeb(Object(Config\Paths))
 7 SYSTEMPATH\rewrite.php(44): require_once('D:\\xampp\\Mritunjay\\project-tyriod-dashboard\\backend\\public\\index.php')
WARNING - 2025-04-21 10:38:46 --> [DEPRECATED] Creation of dynamic property App\Controllers\Auth::$UserModel is deprecated in APPPATH\Controllers\Auth.php on line 12.
 1 SYSTEMPATH\CodeIgniter.php(903): App\Controllers\Auth->__construct()
 2 SYSTEMPATH\CodeIgniter.php(498): CodeIgniter\CodeIgniter->createController()
 3 SYSTEMPATH\CodeIgniter.php(354): CodeIgniter\CodeIgniter->handleRequest(null, Object(Config\Cache), false)
 4 SYSTEMPATH\Boot.php(334): CodeIgniter\CodeIgniter->run()
 5 SYSTEMPATH\Boot.php(67): CodeIgniter\Boot::runCodeIgniter(Object(CodeIgniter\CodeIgniter))
 6 FCPATH\index.php(56): CodeIgniter\Boot::bootWeb(Object(Config\Paths))
 7 SYSTEMPATH\rewrite.php(44): require_once('D:\\xampp\\Mritunjay\\project-tyriod-dashboard\\backend\\public\\index.php')
WARNING - 2025-04-21 10:40:08 --> [DEPRECATED] Creation of dynamic property App\Controllers\Auth::$UserModel is deprecated in APPPATH\Controllers\Auth.php on line 12.
 1 SYSTEMPATH\CodeIgniter.php(903): App\Controllers\Auth->__construct()
 2 SYSTEMPATH\CodeIgniter.php(498): CodeIgniter\CodeIgniter->createController()
 3 SYSTEMPATH\CodeIgniter.php(354): CodeIgniter\CodeIgniter->handleRequest(null, Object(Config\Cache), false)
 4 SYSTEMPATH\Boot.php(334): CodeIgniter\CodeIgniter->run()
 5 SYSTEMPATH\Boot.php(67): CodeIgniter\Boot::runCodeIgniter(Object(CodeIgniter\CodeIgniter))
 6 FCPATH\index.php(56): CodeIgniter\Boot::bootWeb(Object(Config\Paths))
 7 SYSTEMPATH\rewrite.php(44): require_once('D:\\xampp\\Mritunjay\\project-tyriod-dashboard\\backend\\public\\index.php')
WARNING - 2025-04-21 10:47:56 --> [DEPRECATED] Creation of dynamic property App\Controllers\Auth::$UserModel is deprecated in APPPATH\Controllers\Auth.php on line 12.
 1 SYSTEMPATH\CodeIgniter.php(903): App\Controllers\Auth->__construct()
 2 SYSTEMPATH\CodeIgniter.php(498): CodeIgniter\CodeIgniter->createController()
 3 SYSTEMPATH\CodeIgniter.php(354): CodeIgniter\CodeIgniter->handleRequest(null, Object(Config\Cache), false)
 4 SYSTEMPATH\Boot.php(334): CodeIgniter\CodeIgniter->run()
 5 SYSTEMPATH\Boot.php(67): CodeIgniter\Boot::runCodeIgniter(Object(CodeIgniter\CodeIgniter))
 6 FCPATH\index.php(56): CodeIgniter\Boot::bootWeb(Object(Config\Paths))
 7 SYSTEMPATH\rewrite.php(44): require_once('D:\\xampp\\Mritunjay\\project-tyriod-dashboard\\backend\\public\\index.php')
WARNING - 2025-04-21 12:33:22 --> [DEPRECATED] Creation of dynamic property App\Controllers\Auth::$UserModel is deprecated in APPPATH\Controllers\Auth.php on line 12.
 1 SYSTEMPATH\CodeIgniter.php(903): App\Controllers\Auth->__construct()
 2 SYSTEMPATH\CodeIgniter.php(498): CodeIgniter\CodeIgniter->createController()
 3 SYSTEMPATH\CodeIgniter.php(354): CodeIgniter\CodeIgniter->handleRequest(null, Object(Config\Cache), false)
 4 SYSTEMPATH\Boot.php(334): CodeIgniter\CodeIgniter->run()
 5 SYSTEMPATH\Boot.php(67): CodeIgniter\Boot::runCodeIgniter(Object(CodeIgniter\CodeIgniter))
 6 FCPATH\index.php(56): CodeIgniter\Boot::bootWeb(Object(Config\Paths))
 7 SYSTEMPATH\rewrite.php(44): require_once('D:\\xampp\\Mritunjay\\project-tyriod-dashboard\\backend\\public\\index.php')
WARNING - 2025-04-21 12:39:20 --> [DEPRECATED] Creation of dynamic property App\Controllers\Auth::$UserModel is deprecated in APPPATH\Controllers\Auth.php on line 12.
 1 SYSTEMPATH\CodeIgniter.php(903): App\Controllers\Auth->__construct()
 2 SYSTEMPATH\CodeIgniter.php(498): CodeIgniter\CodeIgniter->createController()
 3 SYSTEMPATH\CodeIgniter.php(354): CodeIgniter\CodeIgniter->handleRequest(null, Object(Config\Cache), false)
 4 SYSTEMPATH\Boot.php(334): CodeIgniter\CodeIgniter->run()
 5 SYSTEMPATH\Boot.php(67): CodeIgniter\Boot::runCodeIgniter(Object(CodeIgniter\CodeIgniter))
 6 FCPATH\index.php(56): CodeIgniter\Boot::bootWeb(Object(Config\Paths))
 7 SYSTEMPATH\rewrite.php(44): require_once('D:\\xampp\\Mritunjay\\project-tyriod-dashboard\\backend\\public\\index.php')
WARNING - 2025-04-21 15:04:48 --> [DEPRECATED] Creation of dynamic property App\Controllers\Auth::$UserModel is deprecated in APPPATH\Controllers\Auth.php on line 12.
 1 SYSTEMPATH\CodeIgniter.php(903): App\Controllers\Auth->__construct()
 2 SYSTEMPATH\CodeIgniter.php(498): CodeIgniter\CodeIgniter->createController()
 3 SYSTEMPATH\CodeIgniter.php(354): CodeIgniter\CodeIgniter->handleRequest(null, Object(Config\Cache), false)
 4 SYSTEMPATH\Boot.php(334): CodeIgniter\CodeIgniter->run()
 5 SYSTEMPATH\Boot.php(67): CodeIgniter\Boot::runCodeIgniter(Object(CodeIgniter\CodeIgniter))
 6 FCPATH\index.php(56): CodeIgniter\Boot::bootWeb(Object(Config\Paths))
 7 SYSTEMPATH\rewrite.php(44): require_once('D:\\xampp\\Mritunjay\\project-tyriod-dashboard\\backend\\public\\index.php')
ERROR - 2025-04-21 15:04:53 --> Error connecting to the database: mysqli_sql_exception: No connection could be made because the target machine actively refused it in D:\xampp\Mritunjay\project-tyriod-dashboard\backend\system\Database\MySQLi\Connection.php:201
Stack trace:
#0 D:\xampp\Mritunjay\project-tyriod-dashboard\backend\system\Database\MySQLi\Connection.php(201): mysqli->real_connect('localhost', 'root', Object(SensitiveParameterValue), 'tyriod', 3306, '', 0)
#1 D:\xampp\Mritunjay\project-tyriod-dashboard\backend\system\Database\BaseConnection.php(421): CodeIgniter\Database\MySQLi\Connection->connect(false)
#2 D:\xampp\Mritunjay\project-tyriod-dashboard\backend\system\Database\BaseConnection.php(620): CodeIgniter\Database\BaseConnection->initialize()
#3 D:\xampp\Mritunjay\project-tyriod-dashboard\backend\system\Database\BaseBuilder.php(1649): CodeIgniter\Database\BaseConnection->query('SELECT *\nFROM `...', Array, false)
#4 D:\xampp\Mritunjay\project-tyriod-dashboard\backend\system\Model.php(330): CodeIgniter\Database\BaseBuilder->get()
#5 D:\xampp\Mritunjay\project-tyriod-dashboard\backend\system\BaseModel.php(713): CodeIgniter\Model->doFirst()
#6 D:\xampp\Mritunjay\project-tyriod-dashboard\backend\app\Models\UserModel.php(18): CodeIgniter\BaseModel->first()
#7 D:\xampp\Mritunjay\project-tyriod-dashboard\backend\app\Controllers\Auth.php(25): App\Models\UserModel->getUsingEmail('admin@gmail.com')
#8 D:\xampp\Mritunjay\project-tyriod-dashboard\backend\system\CodeIgniter.php(933): App\Controllers\Auth->login()
#9 D:\xampp\Mritunjay\project-tyriod-dashboard\backend\system\CodeIgniter.php(507): CodeIgniter\CodeIgniter->runController(Object(App\Controllers\Auth))
#10 D:\xampp\Mritunjay\project-tyriod-dashboard\backend\system\CodeIgniter.php(354): CodeIgniter\CodeIgniter->handleRequest(NULL, Object(Config\Cache), false)
#11 D:\xampp\Mritunjay\project-tyriod-dashboard\backend\system\Boot.php(334): CodeIgniter\CodeIgniter->run()
#12 D:\xampp\Mritunjay\project-tyriod-dashboard\backend\system\Boot.php(67): CodeIgniter\Boot::runCodeIgniter(Object(CodeIgniter\CodeIgniter))
#13 D:\xampp\Mritunjay\project-tyriod-dashboard\backend\public\index.php(56): CodeIgniter\Boot::bootWeb(Object(Config\Paths))
#14 D:\xampp\Mritunjay\project-tyriod-dashboard\backend\system\rewrite.php(44): require_once('D:\\xampp\\Mritun...')
#15 {main}

Next CodeIgniter\Database\Exceptions\DatabaseException: No connection could be made because the target machine actively refused it in D:\xampp\Mritunjay\project-tyriod-dashboard\backend\system\Database\MySQLi\Connection.php:246
Stack trace:
#0 D:\xampp\Mritunjay\project-tyriod-dashboard\backend\system\Database\BaseConnection.php(421): CodeIgniter\Database\MySQLi\Connection->connect(false)
#1 D:\xampp\Mritunjay\project-tyriod-dashboard\backend\system\Database\BaseConnection.php(620): CodeIgniter\Database\BaseConnection->initialize()
#2 D:\xampp\Mritunjay\project-tyriod-dashboard\backend\system\Database\BaseBuilder.php(1649): CodeIgniter\Database\BaseConnection->query('SELECT *\nFROM `...', Array, false)
#3 D:\xampp\Mritunjay\project-tyriod-dashboard\backend\system\Model.php(330): CodeIgniter\Database\BaseBuilder->get()
#4 D:\xampp\Mritunjay\project-tyriod-dashboard\backend\system\BaseModel.php(713): CodeIgniter\Model->doFirst()
#5 D:\xampp\Mritunjay\project-tyriod-dashboard\backend\app\Models\UserModel.php(18): CodeIgniter\BaseModel->first()
#6 D:\xampp\Mritunjay\project-tyriod-dashboard\backend\app\Controllers\Auth.php(25): App\Models\UserModel->getUsingEmail('admin@gmail.com')
#7 D:\xampp\Mritunjay\project-tyriod-dashboard\backend\system\CodeIgniter.php(933): App\Controllers\Auth->login()
#8 D:\xampp\Mritunjay\project-tyriod-dashboard\backend\system\CodeIgniter.php(507): CodeIgniter\CodeIgniter->runController(Object(App\Controllers\Auth))
#9 D:\xampp\Mritunjay\project-tyriod-dashboard\backend\system\CodeIgniter.php(354): CodeIgniter\CodeIgniter->handleRequest(NULL, Object(Config\Cache), false)
#10 D:\xampp\Mritunjay\project-tyriod-dashboard\backend\system\Boot.php(334): CodeIgniter\CodeIgniter->run()
#11 D:\xampp\Mritunjay\project-tyriod-dashboard\backend\system\Boot.php(67): CodeIgniter\Boot::runCodeIgniter(Object(CodeIgniter\CodeIgniter))
#12 D:\xampp\Mritunjay\project-tyriod-dashboard\backend\public\index.php(56): CodeIgniter\Boot::bootWeb(Object(Config\Paths))
#13 D:\xampp\Mritunjay\project-tyriod-dashboard\backend\system\rewrite.php(44): require_once('D:\\xampp\\Mritun...')
#14 {main}
CRITICAL - 2025-04-21 15:04:53 --> CodeIgniter\Database\Exceptions\DatabaseException: Unable to connect to the database.
Main connection [MySQLi]: No connection could be made because the target machine actively refused it
[Method: POST, Route: api/login]
in SYSTEMPATH\Database\BaseConnection.php on line 467.
 1 SYSTEMPATH\Database\BaseConnection.php(620): CodeIgniter\Database\BaseConnection->initialize()
 2 SYSTEMPATH\Database\BaseBuilder.php(1649): CodeIgniter\Database\BaseConnection->query('SELECT *
FROM `user`
WHERE `email` = :email:
 LIMIT 1', [...], false)
 3 SYSTEMPATH\Model.php(330): CodeIgniter\Database\BaseBuilder->get()
 4 SYSTEMPATH\BaseModel.php(713): CodeIgniter\Model->doFirst()
 5 APPPATH\Models\UserModel.php(18): CodeIgniter\BaseModel->first()
 6 APPPATH\Controllers\Auth.php(25): App\Models\UserModel->getUsingEmail('admin@gmail.com')
 7 SYSTEMPATH\CodeIgniter.php(933): App\Controllers\Auth->login()
 8 SYSTEMPATH\CodeIgniter.php(507): CodeIgniter\CodeIgniter->runController(Object(App\Controllers\Auth))
 9 SYSTEMPATH\CodeIgniter.php(354): CodeIgniter\CodeIgniter->handleRequest(null, Object(Config\Cache), false)
10 SYSTEMPATH\Boot.php(334): CodeIgniter\CodeIgniter->run()
11 SYSTEMPATH\Boot.php(67): CodeIgniter\Boot::runCodeIgniter(Object(CodeIgniter\CodeIgniter))
12 FCPATH\index.php(56): CodeIgniter\Boot::bootWeb(Object(Config\Paths))
13 SYSTEMPATH\rewrite.php(44): require_once('D:\\xampp\\Mritunjay\\project-tyriod-dashboard\\backend\\public\\index.php')
WARNING - 2025-04-21 15:05:06 --> [DEPRECATED] Creation of dynamic property App\Controllers\Auth::$UserModel is deprecated in APPPATH\Controllers\Auth.php on line 12.
 1 SYSTEMPATH\CodeIgniter.php(903): App\Controllers\Auth->__construct()
 2 SYSTEMPATH\CodeIgniter.php(498): CodeIgniter\CodeIgniter->createController()
 3 SYSTEMPATH\CodeIgniter.php(354): CodeIgniter\CodeIgniter->handleRequest(null, Object(Config\Cache), false)
 4 SYSTEMPATH\Boot.php(334): CodeIgniter\CodeIgniter->run()
 5 SYSTEMPATH\Boot.php(67): CodeIgniter\Boot::runCodeIgniter(Object(CodeIgniter\CodeIgniter))
 6 FCPATH\index.php(56): CodeIgniter\Boot::bootWeb(Object(Config\Paths))
 7 SYSTEMPATH\rewrite.php(44): require_once('D:\\xampp\\Mritunjay\\project-tyriod-dashboard\\backend\\public\\index.php')
WARNING - 2025-04-21 15:12:03 --> [DEPRECATED] Creation of dynamic property App\Controllers\Auth::$UserModel is deprecated in APPPATH\Controllers\Auth.php on line 12.
 1 SYSTEMPATH\CodeIgniter.php(903): App\Controllers\Auth->__construct()
 2 SYSTEMPATH\CodeIgniter.php(498): CodeIgniter\CodeIgniter->createController()
 3 SYSTEMPATH\CodeIgniter.php(354): CodeIgniter\CodeIgniter->handleRequest(null, Object(Config\Cache), false)
 4 SYSTEMPATH\Boot.php(334): CodeIgniter\CodeIgniter->run()
 5 SYSTEMPATH\Boot.php(67): CodeIgniter\Boot::runCodeIgniter(Object(CodeIgniter\CodeIgniter))
 6 FCPATH\index.php(56): CodeIgniter\Boot::bootWeb(Object(Config\Paths))
 7 SYSTEMPATH\rewrite.php(44): require_once('D:\\xampp\\Mritunjay\\project-tyriod-dashboard\\backend\\public\\index.php')
WARNING - 2025-04-21 15:20:57 --> [DEPRECATED] Creation of dynamic property App\Controllers\Auth::$UserModel is deprecated in APPPATH\Controllers\Auth.php on line 12.
 1 SYSTEMPATH\CodeIgniter.php(903): App\Controllers\Auth->__construct()
 2 SYSTEMPATH\CodeIgniter.php(498): CodeIgniter\CodeIgniter->createController()
 3 SYSTEMPATH\CodeIgniter.php(354): CodeIgniter\CodeIgniter->handleRequest(null, Object(Config\Cache), false)
 4 SYSTEMPATH\Boot.php(334): CodeIgniter\CodeIgniter->run()
 5 SYSTEMPATH\Boot.php(67): CodeIgniter\Boot::runCodeIgniter(Object(CodeIgniter\CodeIgniter))
 6 FCPATH\index.php(56): CodeIgniter\Boot::bootWeb(Object(Config\Paths))
 7 SYSTEMPATH\rewrite.php(44): require_once('D:\\xampp\\Mritunjay\\project-tyriod-dashboard\\backend\\public\\index.php')
WARNING - 2025-04-21 15:21:01 --> [DEPRECATED] Creation of dynamic property App\Controllers\Auth::$UserModel is deprecated in APPPATH\Controllers\Auth.php on line 12.
 1 SYSTEMPATH\CodeIgniter.php(903): App\Controllers\Auth->__construct()
 2 SYSTEMPATH\CodeIgniter.php(498): CodeIgniter\CodeIgniter->createController()
 3 SYSTEMPATH\CodeIgniter.php(354): CodeIgniter\CodeIgniter->handleRequest(null, Object(Config\Cache), false)
 4 SYSTEMPATH\Boot.php(334): CodeIgniter\CodeIgniter->run()
 5 SYSTEMPATH\Boot.php(67): CodeIgniter\Boot::runCodeIgniter(Object(CodeIgniter\CodeIgniter))
 6 FCPATH\index.php(56): CodeIgniter\Boot::bootWeb(Object(Config\Paths))
 7 SYSTEMPATH\rewrite.php(44): require_once('D:\\xampp\\Mritunjay\\project-tyriod-dashboard\\backend\\public\\index.php')
WARNING - 2025-04-21 15:22:33 --> [DEPRECATED] Creation of dynamic property App\Controllers\Auth::$UserModel is deprecated in APPPATH\Controllers\Auth.php on line 12.
 1 SYSTEMPATH\CodeIgniter.php(903): App\Controllers\Auth->__construct()
 2 SYSTEMPATH\CodeIgniter.php(498): CodeIgniter\CodeIgniter->createController()
 3 SYSTEMPATH\CodeIgniter.php(354): CodeIgniter\CodeIgniter->handleRequest(null, Object(Config\Cache), false)
 4 SYSTEMPATH\Boot.php(334): CodeIgniter\CodeIgniter->run()
 5 SYSTEMPATH\Boot.php(67): CodeIgniter\Boot::runCodeIgniter(Object(CodeIgniter\CodeIgniter))
 6 FCPATH\index.php(56): CodeIgniter\Boot::bootWeb(Object(Config\Paths))
 7 SYSTEMPATH\rewrite.php(44): require_once('D:\\xampp\\Mritunjay\\project-tyriod-dashboard\\backend\\public\\index.php')
WARNING - 2025-04-21 15:22:35 --> [DEPRECATED] Creation of dynamic property App\Controllers\Auth::$UserModel is deprecated in APPPATH\Controllers\Auth.php on line 12.
 1 SYSTEMPATH\CodeIgniter.php(903): App\Controllers\Auth->__construct()
 2 SYSTEMPATH\CodeIgniter.php(498): CodeIgniter\CodeIgniter->createController()
 3 SYSTEMPATH\CodeIgniter.php(354): CodeIgniter\CodeIgniter->handleRequest(null, Object(Config\Cache), false)
 4 SYSTEMPATH\Boot.php(334): CodeIgniter\CodeIgniter->run()
 5 SYSTEMPATH\Boot.php(67): CodeIgniter\Boot::runCodeIgniter(Object(CodeIgniter\CodeIgniter))
 6 FCPATH\index.php(56): CodeIgniter\Boot::bootWeb(Object(Config\Paths))
 7 SYSTEMPATH\rewrite.php(44): require_once('D:\\xampp\\Mritunjay\\project-tyriod-dashboard\\backend\\public\\index.php')
WARNING - 2025-04-21 15:22:45 --> [DEPRECATED] Creation of dynamic property App\Controllers\Auth::$UserModel is deprecated in APPPATH\Controllers\Auth.php on line 12.
 1 SYSTEMPATH\CodeIgniter.php(903): App\Controllers\Auth->__construct()
 2 SYSTEMPATH\CodeIgniter.php(498): CodeIgniter\CodeIgniter->createController()
 3 SYSTEMPATH\CodeIgniter.php(354): CodeIgniter\CodeIgniter->handleRequest(null, Object(Config\Cache), false)
 4 SYSTEMPATH\Boot.php(334): CodeIgniter\CodeIgniter->run()
 5 SYSTEMPATH\Boot.php(67): CodeIgniter\Boot::runCodeIgniter(Object(CodeIgniter\CodeIgniter))
 6 FCPATH\index.php(56): CodeIgniter\Boot::bootWeb(Object(Config\Paths))
 7 SYSTEMPATH\rewrite.php(44): require_once('D:\\xampp\\Mritunjay\\project-tyriod-dashboard\\backend\\public\\index.php')
WARNING - 2025-04-21 15:23:32 --> [DEPRECATED] Creation of dynamic property App\Controllers\Auth::$UserModel is deprecated in APPPATH\Controllers\Auth.php on line 12.
 1 SYSTEMPATH\CodeIgniter.php(903): App\Controllers\Auth->__construct()
 2 SYSTEMPATH\CodeIgniter.php(498): CodeIgniter\CodeIgniter->createController()
 3 SYSTEMPATH\CodeIgniter.php(354): CodeIgniter\CodeIgniter->handleRequest(null, Object(Config\Cache), false)
 4 SYSTEMPATH\Boot.php(334): CodeIgniter\CodeIgniter->run()
 5 SYSTEMPATH\Boot.php(67): CodeIgniter\Boot::runCodeIgniter(Object(CodeIgniter\CodeIgniter))
 6 FCPATH\index.php(56): CodeIgniter\Boot::bootWeb(Object(Config\Paths))
 7 SYSTEMPATH\rewrite.php(44): require_once('D:\\xampp\\Mritunjay\\project-tyriod-dashboard\\backend\\public\\index.php')
WARNING - 2025-04-21 15:23:50 --> [DEPRECATED] Creation of dynamic property App\Controllers\Auth::$UserModel is deprecated in APPPATH\Controllers\Auth.php on line 12.
 1 SYSTEMPATH\CodeIgniter.php(903): App\Controllers\Auth->__construct()
 2 SYSTEMPATH\CodeIgniter.php(498): CodeIgniter\CodeIgniter->createController()
 3 SYSTEMPATH\CodeIgniter.php(354): CodeIgniter\CodeIgniter->handleRequest(null, Object(Config\Cache), false)
 4 SYSTEMPATH\Boot.php(334): CodeIgniter\CodeIgniter->run()
 5 SYSTEMPATH\Boot.php(67): CodeIgniter\Boot::runCodeIgniter(Object(CodeIgniter\CodeIgniter))
 6 FCPATH\index.php(56): CodeIgniter\Boot::bootWeb(Object(Config\Paths))
 7 SYSTEMPATH\rewrite.php(44): require_once('D:\\xampp\\Mritunjay\\project-tyriod-dashboard\\backend\\public\\index.php')
WARNING - 2025-04-21 15:23:54 --> [DEPRECATED] Creation of dynamic property App\Controllers\Auth::$UserModel is deprecated in APPPATH\Controllers\Auth.php on line 12.
 1 SYSTEMPATH\CodeIgniter.php(903): App\Controllers\Auth->__construct()
 2 SYSTEMPATH\CodeIgniter.php(498): CodeIgniter\CodeIgniter->createController()
 3 SYSTEMPATH\CodeIgniter.php(354): CodeIgniter\CodeIgniter->handleRequest(null, Object(Config\Cache), false)
 4 SYSTEMPATH\Boot.php(334): CodeIgniter\CodeIgniter->run()
 5 SYSTEMPATH\Boot.php(67): CodeIgniter\Boot::runCodeIgniter(Object(CodeIgniter\CodeIgniter))
 6 FCPATH\index.php(56): CodeIgniter\Boot::bootWeb(Object(Config\Paths))
 7 SYSTEMPATH\rewrite.php(44): require_once('D:\\xampp\\Mritunjay\\project-tyriod-dashboard\\backend\\public\\index.php')
WARNING - 2025-04-21 15:25:45 --> [DEPRECATED] Creation of dynamic property App\Controllers\Auth::$UserModel is deprecated in APPPATH\Controllers\Auth.php on line 12.
 1 SYSTEMPATH\CodeIgniter.php(903): App\Controllers\Auth->__construct()
 2 SYSTEMPATH\CodeIgniter.php(498): CodeIgniter\CodeIgniter->createController()
 3 SYSTEMPATH\CodeIgniter.php(354): CodeIgniter\CodeIgniter->handleRequest(null, Object(Config\Cache), false)
 4 SYSTEMPATH\Boot.php(334): CodeIgniter\CodeIgniter->run()
 5 SYSTEMPATH\Boot.php(67): CodeIgniter\Boot::runCodeIgniter(Object(CodeIgniter\CodeIgniter))
 6 FCPATH\index.php(56): CodeIgniter\Boot::bootWeb(Object(Config\Paths))
 7 SYSTEMPATH\rewrite.php(44): require_once('D:\\xampp\\Mritunjay\\project-tyriod-dashboard\\backend\\public\\index.php')
WARNING - 2025-04-21 15:26:10 --> [DEPRECATED] Creation of dynamic property App\Controllers\Auth::$UserModel is deprecated in APPPATH\Controllers\Auth.php on line 12.
 1 SYSTEMPATH\CodeIgniter.php(903): App\Controllers\Auth->__construct()
 2 SYSTEMPATH\CodeIgniter.php(498): CodeIgniter\CodeIgniter->createController()
 3 SYSTEMPATH\CodeIgniter.php(354): CodeIgniter\CodeIgniter->handleRequest(null, Object(Config\Cache), false)
 4 SYSTEMPATH\Boot.php(334): CodeIgniter\CodeIgniter->run()
 5 SYSTEMPATH\Boot.php(67): CodeIgniter\Boot::runCodeIgniter(Object(CodeIgniter\CodeIgniter))
 6 FCPATH\index.php(56): CodeIgniter\Boot::bootWeb(Object(Config\Paths))
 7 SYSTEMPATH\rewrite.php(44): require_once('D:\\xampp\\Mritunjay\\project-tyriod-dashboard\\backend\\public\\index.php')
WARNING - 2025-04-21 15:28:00 --> [DEPRECATED] Creation of dynamic property App\Controllers\Auth::$UserModel is deprecated in APPPATH\Controllers\Auth.php on line 12.
 1 SYSTEMPATH\CodeIgniter.php(903): App\Controllers\Auth->__construct()
 2 SYSTEMPATH\CodeIgniter.php(498): CodeIgniter\CodeIgniter->createController()
 3 SYSTEMPATH\CodeIgniter.php(354): CodeIgniter\CodeIgniter->handleRequest(null, Object(Config\Cache), false)
 4 SYSTEMPATH\Boot.php(334): CodeIgniter\CodeIgniter->run()
 5 SYSTEMPATH\Boot.php(67): CodeIgniter\Boot::runCodeIgniter(Object(CodeIgniter\CodeIgniter))
 6 FCPATH\index.php(56): CodeIgniter\Boot::bootWeb(Object(Config\Paths))
 7 SYSTEMPATH\rewrite.php(44): require_once('D:\\xampp\\Mritunjay\\project-tyriod-dashboard\\backend\\public\\index.php')
WARNING - 2025-04-21 15:28:25 --> [DEPRECATED] Creation of dynamic property App\Controllers\Auth::$UserModel is deprecated in APPPATH\Controllers\Auth.php on line 12.
 1 SYSTEMPATH\CodeIgniter.php(903): App\Controllers\Auth->__construct()
 2 SYSTEMPATH\CodeIgniter.php(498): CodeIgniter\CodeIgniter->createController()
 3 SYSTEMPATH\CodeIgniter.php(354): CodeIgniter\CodeIgniter->handleRequest(null, Object(Config\Cache), false)
 4 SYSTEMPATH\Boot.php(334): CodeIgniter\CodeIgniter->run()
 5 SYSTEMPATH\Boot.php(67): CodeIgniter\Boot::runCodeIgniter(Object(CodeIgniter\CodeIgniter))
 6 FCPATH\index.php(56): CodeIgniter\Boot::bootWeb(Object(Config\Paths))
 7 SYSTEMPATH\rewrite.php(44): require_once('D:\\xampp\\Mritunjay\\project-tyriod-dashboard\\backend\\public\\index.php')
WARNING - 2025-04-21 15:29:15 --> [DEPRECATED] Creation of dynamic property App\Controllers\Auth::$UserModel is deprecated in APPPATH\Controllers\Auth.php on line 12.
 1 SYSTEMPATH\CodeIgniter.php(903): App\Controllers\Auth->__construct()
 2 SYSTEMPATH\CodeIgniter.php(498): CodeIgniter\CodeIgniter->createController()
 3 SYSTEMPATH\CodeIgniter.php(354): CodeIgniter\CodeIgniter->handleRequest(null, Object(Config\Cache), false)
 4 SYSTEMPATH\Boot.php(334): CodeIgniter\CodeIgniter->run()
 5 SYSTEMPATH\Boot.php(67): CodeIgniter\Boot::runCodeIgniter(Object(CodeIgniter\CodeIgniter))
 6 FCPATH\index.php(56): CodeIgniter\Boot::bootWeb(Object(Config\Paths))
 7 SYSTEMPATH\rewrite.php(44): require_once('D:\\xampp\\Mritunjay\\project-tyriod-dashboard\\backend\\public\\index.php')
WARNING - 2025-04-21 15:29:31 --> [DEPRECATED] Creation of dynamic property App\Controllers\Auth::$UserModel is deprecated in APPPATH\Controllers\Auth.php on line 12.
 1 SYSTEMPATH\CodeIgniter.php(903): App\Controllers\Auth->__construct()
 2 SYSTEMPATH\CodeIgniter.php(498): CodeIgniter\CodeIgniter->createController()
 3 SYSTEMPATH\CodeIgniter.php(354): CodeIgniter\CodeIgniter->handleRequest(null, Object(Config\Cache), false)
 4 SYSTEMPATH\Boot.php(334): CodeIgniter\CodeIgniter->run()
 5 SYSTEMPATH\Boot.php(67): CodeIgniter\Boot::runCodeIgniter(Object(CodeIgniter\CodeIgniter))
 6 FCPATH\index.php(56): CodeIgniter\Boot::bootWeb(Object(Config\Paths))
 7 SYSTEMPATH\rewrite.php(44): require_once('D:\\xampp\\Mritunjay\\project-tyriod-dashboard\\backend\\public\\index.php')
WARNING - 2025-04-21 15:30:47 --> [DEPRECATED] Creation of dynamic property App\Controllers\Auth::$UserModel is deprecated in APPPATH\Controllers\Auth.php on line 12.
 1 SYSTEMPATH\CodeIgniter.php(903): App\Controllers\Auth->__construct()
 2 SYSTEMPATH\CodeIgniter.php(498): CodeIgniter\CodeIgniter->createController()
 3 SYSTEMPATH\CodeIgniter.php(354): CodeIgniter\CodeIgniter->handleRequest(null, Object(Config\Cache), false)
 4 SYSTEMPATH\Boot.php(334): CodeIgniter\CodeIgniter->run()
 5 SYSTEMPATH\Boot.php(67): CodeIgniter\Boot::runCodeIgniter(Object(CodeIgniter\CodeIgniter))
 6 FCPATH\index.php(56): CodeIgniter\Boot::bootWeb(Object(Config\Paths))
 7 SYSTEMPATH\rewrite.php(44): require_once('D:\\xampp\\Mritunjay\\project-tyriod-dashboard\\backend\\public\\index.php')
WARNING - 2025-04-21 15:31:04 --> [DEPRECATED] Creation of dynamic property App\Controllers\Auth::$UserModel is deprecated in APPPATH\Controllers\Auth.php on line 12.
 1 SYSTEMPATH\CodeIgniter.php(903): App\Controllers\Auth->__construct()
 2 SYSTEMPATH\CodeIgniter.php(498): CodeIgniter\CodeIgniter->createController()
 3 SYSTEMPATH\CodeIgniter.php(354): CodeIgniter\CodeIgniter->handleRequest(null, Object(Config\Cache), false)
 4 SYSTEMPATH\Boot.php(334): CodeIgniter\CodeIgniter->run()
 5 SYSTEMPATH\Boot.php(67): CodeIgniter\Boot::runCodeIgniter(Object(CodeIgniter\CodeIgniter))
 6 FCPATH\index.php(56): CodeIgniter\Boot::bootWeb(Object(Config\Paths))
 7 SYSTEMPATH\rewrite.php(44): require_once('D:\\xampp\\Mritunjay\\project-tyriod-dashboard\\backend\\public\\index.php')
WARNING - 2025-04-21 15:32:31 --> [DEPRECATED] Creation of dynamic property App\Controllers\Auth::$UserModel is deprecated in APPPATH\Controllers\Auth.php on line 12.
 1 SYSTEMPATH\CodeIgniter.php(903): App\Controllers\Auth->__construct()
 2 SYSTEMPATH\CodeIgniter.php(498): CodeIgniter\CodeIgniter->createController()
 3 SYSTEMPATH\CodeIgniter.php(354): CodeIgniter\CodeIgniter->handleRequest(null, Object(Config\Cache), false)
 4 SYSTEMPATH\Boot.php(334): CodeIgniter\CodeIgniter->run()
 5 SYSTEMPATH\Boot.php(67): CodeIgniter\Boot::runCodeIgniter(Object(CodeIgniter\CodeIgniter))
 6 FCPATH\index.php(56): CodeIgniter\Boot::bootWeb(Object(Config\Paths))
 7 SYSTEMPATH\rewrite.php(44): require_once('D:\\xampp\\Mritunjay\\project-tyriod-dashboard\\backend\\public\\index.php')
WARNING - 2025-04-21 15:32:53 --> [DEPRECATED] Creation of dynamic property App\Controllers\Auth::$UserModel is deprecated in APPPATH\Controllers\Auth.php on line 12.
 1 SYSTEMPATH\CodeIgniter.php(903): App\Controllers\Auth->__construct()
 2 SYSTEMPATH\CodeIgniter.php(498): CodeIgniter\CodeIgniter->createController()
 3 SYSTEMPATH\CodeIgniter.php(354): CodeIgniter\CodeIgniter->handleRequest(null, Object(Config\Cache), false)
 4 SYSTEMPATH\Boot.php(334): CodeIgniter\CodeIgniter->run()
 5 SYSTEMPATH\Boot.php(67): CodeIgniter\Boot::runCodeIgniter(Object(CodeIgniter\CodeIgniter))
 6 FCPATH\index.php(56): CodeIgniter\Boot::bootWeb(Object(Config\Paths))
 7 SYSTEMPATH\rewrite.php(44): require_once('D:\\xampp\\Mritunjay\\project-tyriod-dashboard\\backend\\public\\index.php')
WARNING - 2025-04-21 15:33:40 --> [DEPRECATED] Creation of dynamic property App\Controllers\Auth::$UserModel is deprecated in APPPATH\Controllers\Auth.php on line 12.
 1 SYSTEMPATH\CodeIgniter.php(903): App\Controllers\Auth->__construct()
 2 SYSTEMPATH\CodeIgniter.php(498): CodeIgniter\CodeIgniter->createController()
 3 SYSTEMPATH\CodeIgniter.php(354): CodeIgniter\CodeIgniter->handleRequest(null, Object(Config\Cache), false)
 4 SYSTEMPATH\Boot.php(334): CodeIgniter\CodeIgniter->run()
 5 SYSTEMPATH\Boot.php(67): CodeIgniter\Boot::runCodeIgniter(Object(CodeIgniter\CodeIgniter))
 6 FCPATH\index.php(56): CodeIgniter\Boot::bootWeb(Object(Config\Paths))
 7 SYSTEMPATH\rewrite.php(44): require_once('D:\\xampp\\Mritunjay\\project-tyriod-dashboard\\backend\\public\\index.php')
WARNING - 2025-04-21 15:34:31 --> [DEPRECATED] Creation of dynamic property App\Controllers\Auth::$UserModel is deprecated in APPPATH\Controllers\Auth.php on line 12.
 1 SYSTEMPATH\CodeIgniter.php(903): App\Controllers\Auth->__construct()
 2 SYSTEMPATH\CodeIgniter.php(498): CodeIgniter\CodeIgniter->createController()
 3 SYSTEMPATH\CodeIgniter.php(354): CodeIgniter\CodeIgniter->handleRequest(null, Object(Config\Cache), false)
 4 SYSTEMPATH\Boot.php(334): CodeIgniter\CodeIgniter->run()
 5 SYSTEMPATH\Boot.php(67): CodeIgniter\Boot::runCodeIgniter(Object(CodeIgniter\CodeIgniter))
 6 FCPATH\index.php(56): CodeIgniter\Boot::bootWeb(Object(Config\Paths))
 7 SYSTEMPATH\rewrite.php(44): require_once('D:\\xampp\\Mritunjay\\project-tyriod-dashboard\\backend\\public\\index.php')
WARNING - 2025-04-21 15:35:38 --> [DEPRECATED] Creation of dynamic property App\Controllers\Auth::$UserModel is deprecated in APPPATH\Controllers\Auth.php on line 12.
 1 SYSTEMPATH\CodeIgniter.php(903): App\Controllers\Auth->__construct()
 2 SYSTEMPATH\CodeIgniter.php(498): CodeIgniter\CodeIgniter->createController()
 3 SYSTEMPATH\CodeIgniter.php(354): CodeIgniter\CodeIgniter->handleRequest(null, Object(Config\Cache), false)
 4 SYSTEMPATH\Boot.php(334): CodeIgniter\CodeIgniter->run()
 5 SYSTEMPATH\Boot.php(67): CodeIgniter\Boot::runCodeIgniter(Object(CodeIgniter\CodeIgniter))
 6 FCPATH\index.php(56): CodeIgniter\Boot::bootWeb(Object(Config\Paths))
 7 SYSTEMPATH\rewrite.php(44): require_once('D:\\xampp\\Mritunjay\\project-tyriod-dashboard\\backend\\public\\index.php')
WARNING - 2025-04-21 15:37:17 --> [DEPRECATED] Creation of dynamic property App\Controllers\Auth::$UserModel is deprecated in APPPATH\Controllers\Auth.php on line 12.
 1 SYSTEMPATH\CodeIgniter.php(903): App\Controllers\Auth->__construct()
 2 SYSTEMPATH\CodeIgniter.php(498): CodeIgniter\CodeIgniter->createController()
 3 SYSTEMPATH\CodeIgniter.php(354): CodeIgniter\CodeIgniter->handleRequest(null, Object(Config\Cache), false)
 4 SYSTEMPATH\Boot.php(334): CodeIgniter\CodeIgniter->run()
 5 SYSTEMPATH\Boot.php(67): CodeIgniter\Boot::runCodeIgniter(Object(CodeIgniter\CodeIgniter))
 6 FCPATH\index.php(56): CodeIgniter\Boot::bootWeb(Object(Config\Paths))
 7 SYSTEMPATH\rewrite.php(44): require_once('D:\\xampp\\Mritunjay\\project-tyriod-dashboard\\backend\\public\\index.php')
WARNING - 2025-04-21 15:37:45 --> [DEPRECATED] Creation of dynamic property App\Controllers\Auth::$UserModel is deprecated in APPPATH\Controllers\Auth.php on line 12.
 1 SYSTEMPATH\CodeIgniter.php(903): App\Controllers\Auth->__construct()
 2 SYSTEMPATH\CodeIgniter.php(498): CodeIgniter\CodeIgniter->createController()
 3 SYSTEMPATH\CodeIgniter.php(354): CodeIgniter\CodeIgniter->handleRequest(null, Object(Config\Cache), false)
 4 SYSTEMPATH\Boot.php(334): CodeIgniter\CodeIgniter->run()
 5 SYSTEMPATH\Boot.php(67): CodeIgniter\Boot::runCodeIgniter(Object(CodeIgniter\CodeIgniter))
 6 FCPATH\index.php(56): CodeIgniter\Boot::bootWeb(Object(Config\Paths))
 7 SYSTEMPATH\rewrite.php(44): require_once('D:\\xampp\\Mritunjay\\project-tyriod-dashboard\\backend\\public\\index.php')
WARNING - 2025-04-21 15:42:51 --> [DEPRECATED] Creation of dynamic property App\Controllers\Auth::$UserModel is deprecated in APPPATH\Controllers\Auth.php on line 12.
 1 SYSTEMPATH\CodeIgniter.php(903): App\Controllers\Auth->__construct()
 2 SYSTEMPATH\CodeIgniter.php(498): CodeIgniter\CodeIgniter->createController()
 3 SYSTEMPATH\CodeIgniter.php(354): CodeIgniter\CodeIgniter->handleRequest(null, Object(Config\Cache), false)
 4 SYSTEMPATH\Boot.php(334): CodeIgniter\CodeIgniter->run()
 5 SYSTEMPATH\Boot.php(67): CodeIgniter\Boot::runCodeIgniter(Object(CodeIgniter\CodeIgniter))
 6 FCPATH\index.php(56): CodeIgniter\Boot::bootWeb(Object(Config\Paths))
 7 SYSTEMPATH\rewrite.php(44): require_once('D:\\xampp\\Mritunjay\\project-tyriod-dashboard\\backend\\public\\index.php')
